0 0 0 -1 0 0 -1
0 1 0.0318145 -1 0.276393 0 -0.968186
0 2 0.0833493 -1 0.723607 0 -0.916651
0 3 0.115663 -1 1 0 -0.884337
0 4 0 -0.962579 0 0.276393 -0.962579
0 5 0.031692 -0.962553 0.276393 0.276393 -0.930861
0 6 0.0832926 -0.962947 0.723607 0.276393 -0.879655
0 7 0.115597 -0.963511 1 0.276393 -0.847914
0 8 0 -0.901672 0 0.723607 -0.901672
0 9 0.031641 -0.901864 0.276393 0.723607 -0.870223
0 10 0.0831418 -0.902949 0.723607 0.723607 -0.819808
0 11 0.115312 -0.904199 1 0.723607 -0.788887
0 12 0 -0.86412 0 1 -0.86412
0 13 0.0317253 -0.864315 0.276393 1 -0.83259
0 14 0.0830681 -0.865701 0.723607 1 -0.782633
0 15 0.115096 -0.867347 1 1 -0.752251
1 0 0 -0.344185 0 0 -0.344185
1 1 0.0163561 -0.345705 0.276393 0 -0.329349
1 2 0.0427719 -0.352642 0.723607 0 -0.30987
1 3 0.0596146 -0.360325 1 0 -0.300711
1 4 0 -0.264391 0 0.276393 -0.264391
1 5 0.0146048 -0.265236 0.276393 0.276393 -0.250631
1 6 0.0382706 -0.271467 0.723607 0.276393 -0.233197
1 7 0.0529183 -0.278835 1 0.276393 -0.225916
1 8 0 -0.127498 0 0.723607 -0.127498
1 9 0.0155006 -0.128776 0.276393 0.723607 -0.113275
1 10 0.0402498 -0.133706 0.723607 0.723607 -0.093456
1 11 0.0550723 -0.139093 1 0.723607 -0.0840206
1 12 0 -0.052438 0 1 -0.052438
1 13 0.0180969 -0.0530069 0.276393 1 -0.03491
1 14 0.0466117 -0.0566658 0.723607 1 -0.0100541
1 15 0.0635378 -0.0603721 1 1 0.00316565
2 0 0 0.239613 0 0 0.239613
2 1 0.145929 0.32945 0.276393 0 0.475379
2 2 0.328124 0.193446 0.723607 0 0.521571
2 3 0.368893 -0.0311913 1 0 0.337702
2 4 0 0.247346 0 0.276393 0.247346
2 5 0.132408 0.335952 0.276393 0.276393 0.46836
2 6 0.326268 0.213599 0.723607 0.276393 0.539867
2 7 0.373987 -0.0445723 1 0.276393 0.329415
2 8 0 0.265641 0 0.723607 0.265641
2 9 0.106612 0.343584 0.276393 0.723607 0.450196
2 10 0.307768 0.268638 0.723607 0.723607 0.576406
2 11 0.377528 0.0214749 1 0.723607 0.399003
2 12 0 0.282051 0 1 0.282051
2 13 0.0891965 0.347046 0.276393 1 0.436242
2 14 0.287675 0.306746 0.723607 1 0.594422
2 15 0.372628 0.0943832 1 1 0.467011
3 0 0 0.570524 0 0 0.570524
3 1 0.0453244 0.561358 0.276393 0 0.606683
3 2 0.117882 0.562093 0.723607 0 0.679975
3 3 0.162073 0.553012 1 0 0.715085
3 4 0 0.596619 0 0.276393 0.596619
3 5 0.0443323 0.588305 0.276393 0.276393 0.632637
3 6 0.114194 0.589385 0.723607 0.276393 0.703579
3 7 0.157753 0.58181 1 0.276393 0.739563
3 8 0 0.639679 0 0.723607 0.639679
3 9 0.042441 0.633652 0.276393 0.723607 0.676093
3 10 0.109365 0.634954 0.723607 0.723607 0.744319
3 11 0.151255 0.628455 1 0.723607 0.779709
3 12 0 0.66751 0 1 0.66751
3 13 0.0412314 0.662458 0.276393 1 0.703689
3 14 0.107357 0.663824 0.723607 1 0.771181
3 15 0.148123 0.658005 1 1 0.806128
4 0 0.23705 -1 0 0 -0.76295
4 1 0.271707 -1 0.276393 0 -0.728293
4 2 0.32899 -1 0.723607 0 -0.67101
4 3 0.365124 -1 1 0 -0.634876
4 4 0.236865 -0.965492 0 0.276393 -0.728627
4 5 0.271561 -0.965981 0.276393 0.276393 -0.69442
4 6 0.328957 -0.966938 0.723607 0.276393 -0.637981
4 7 0.365234 -0.967401 1 0.276393 -0.602167
4 8 0.235818 -0.909656 0 0.723607 -0.673837
4 9 0.270583 -0.911059 0.276393 0.723607 -0.640476
4 10 0.32831 -0.913701 0.723607 0.723607 -0.585391
4 11 0.364871 -0.915014 1 0.723607 -0.550143
4 12 0.234779 -0.875089 0 1 -0.640311
4 13 0.269578 -0.877201 0.276393 1 -0.607623
4 14 0.327585 -0.880998 0.723607 1 -0.553414
4 15 0.364333 -0.882839 1 1 -0.518506
5 0 0.223651 -0.749372 0 0 -0.525721
5 1 0.258873 -0.755413 0.276393 0 -0.49654
5 2 0.31822 -0.764649 0.723607 0 -0.446429
5 3 0.356428 -0.769193 1 0 -0.412765
5 4 0.217824 -0.713877 0 0.276393 -0.496054
5 5 0.253212 -0.72134 0.276393 0.276393 -0.468128
5 6 0.313623 -0.732738 0.723607 0.276393 -0.419116
5 7 0.352729 -0.738599 1 0.276393 -0.38587
5 8 0.2062 -0.655101 0 0.723607 -0.4489
5 9 0.241834 -0.665808 0.276393 0.723607 -0.423975
5 10 0.303779 -0.68178 0.723607 0.723607 -0.378001
5 11 0.344668 -0.690318 1 0.723607 -0.34565
5 12 0.198323 -0.617894 0 1 -0.419571
5 13 0.234016 -0.630992 0.276393 1 -0.396976
5 14 0.296645 -0.650559 0.723607 1 -0.353914
5 15 0.338868 -0.661451 1 1 -0.322583
6 0 0 -0.723192 0 0 -0.723192
6 1 0.0296725 -0.723759 0.276393 0 -0.694087
6 2 0.0771727 -0.725998 0.723607 0 -0.648826
6 3 0.10718 -0.728462 1 0 -0.621283
6 4 0 -0.682112 0 0.276393 -0.682112
6 5 0.0282576 -0.682519 0.276393 0.276393 -0.654261
6 6 0.0746297 -0.68506 0.723607 0.276393 -0.61043
6 7 0.103629 -0.688036 1 0.276393 -0.584407
6 8 0 -0.609631 0 0.723607 -0.609631
6 9 0.0256891 -0.611391 0.276393 0.723607 -0.585702
6 10 0.0683587 -0.615193 0.723607 0.723607 -0.546834
6 11 0.0955029 -0.618508 1 0.723607 -0.523005
6 12 0 -0.561289 0 1 -0.561289
6 13 0.0240797 -0.563354 0.276393 1 -0.539275
6 14 0.0638536 -0.568712 0.723607 1 -0.504858
6 15 0.0899798 -0.573573 1 1 -0.483593
7 0 0.147725 -0.457469 0 0 -0.309745
7 1 0.185561 -0.491125 0.276393 0 -0.305565
7 2 0.255661 -0.533499 0.723607 0 -0.277838
7 3 0.301833 -0.553921 1 0 -0.252088
7 4 0.122689 -0.388198 0 0.276393 -0.265509
7 5 0.158369 -0.436998 0.276393 0.276393 -0.27863
7 6 0.230908 -0.49514 0.723607 0.276393 -0.264233
7 7 0.283101 -0.522532 1 0.276393 -0.239431
7 8 0.103077 -0.25574 0 0.723607 -0.152663
7 9 0.124331 -0.325101 0.276393 0.723607 -0.20077
7 10 0.184729 -0.420159 0.723607 0.723607 -0.23543
7 11 0.243433 -0.469221 1 0.723607 -0.225788
7 12 0.105295 -0.161489 0 1 -0.0561937
7 13 0.115215 -0.233698 0.276393 1 -0.118484
7 14 0.159332 -0.360672 0.723607 1 -0.201341
7 15 0.217717 -0.432295 1 1 -0.214578
8 0 0.178167 0.0706492 0 0 0.248816
8 1 0.182768 0.0223298 0.276393 0 0.205098
8 2 0.163423 -0.107753 0.723607 0 0.05567
8 3 0.158767 -0.20267 1 0 -0.0439028
8 4 0.194595 0.114207 0 0.276393 0.308802
8 5 0.20766 0.079719 0.276393 0.276393 0.287379
8 6 0.190765 -0.0286874 0.723607 0.276393 0.162078
8 7 0.17441 -0.122569 1 0.276393 0.0518404
8 8 0.241052 0.15102 0 0.723607 0.392072
8 9 0.252759 0.116942 0.276393 0.723607 0.3697
8 10 0.238363 0.0435095 0.723607 0.723607 0.281873
8 11 0.219395 -0.0179438 1 0.723607 0.201452
8 12 0.288391 0.139162 0 1 0.427553
8 13 0.288695 0.110716 0.276393 1 0.399411
8 14 0.270579 0.057058 0.723607 1 0.327637
8 15 0.248214 0.00905923 1 1 0.257274
9 0 0 0.130022 0 0 0.130022
9 1 0.0380783 0.146004 0.276393 0 0.184082
9 2 0.0801667 0.146127 0.723607 0 0.226293
9 3 0.102366 0.142911 1 0 0.245277
9 4 0 0.154546 0 0.276393 0.154546
9 5 0.0477393 0.185721 0.276393 0.276393 0.23346
9 6 0.0989278 0.198414 0.723607 0.276393 0.297342
9 7 0.123474 0.195017 1 0.276393 0.318492
9 8 0 0.184764 0 0.723607 0.184764
9 9 0.0701238 0.239958 0.276393 0.723607 0.310082
9 10 0.15587 0.257885 0.723607 0.723607 0.413755
9 11 0.190539 0.243176 1 0.723607 0.433715
9 12 0 0.198779 0 1 0.198779
9 13 0.0930722 0.268624 0.276393 1 0.361696
9 14 0.205892 0.267127 0.723607 1 0.473019
9 15 0.245812 0.232684 1 1 0.478496
10 0 0.305802 -0.154368 0 0 0.151434
10 1 0.293775 -0.125519 0.276393 0 0.168256
10 2 0.268328 -0.0996263 0.723607 0 0.168702
10 3 0.24235 -0.111717 1 0 0.130633
10 4 0.280905 -0.18497 0 0.276393 0.0959356
10 5 0.264082 -0.169891 0.276393 0.276393 0.0941908
10 6 0.239556 -0.178934 0.723607 0.276393 0.0606217
10 7 0.227761 -0.203874 1 0.276393 0.0238868
10 8 0.316401 -0.281315 0 0.723607 0.0350859
10 9 0.299407 -0.288547 0.276393 0.723607 0.01086
10 10 0.288633 -0.310955 0.723607 0.723607 -0.0223223
10 11 0.288941 -0.330559 1 0.723607 -0.0416173
10 12 0.369941 -0.282958 0 1 0.0869831
10 13 0.36047 -0.307679 0.276393 1 0.0527915
10 14 0.351056 -0.338347 0.723607 1 0.0127086
10 15 0.353576 -0.357048 1 1 -0.00347136
11 0 0.420668 0.00632535 0 0 0.426993
11 1 0.433925 -0.0716433 0.276393 0 0.362282
11 2 0.451036 -0.1561 0.723607 0 0.294936
11 3 0.461417 -0.178832 1 0 0.282585
11 4 0.413062 0.109196 0 0.276393 0.522257
11 5 0.430084 0.0360834 0.276393 0.276393 0.466167
11 6 0.450638 -0.0479844 0.723607 0.276393 0.402654
11 7 0.461609 -0.0715164 1 0.276393 0.390093
11 8 0.390828 0.253273 0 0.723607 0.644101
11 9 0.415844 0.190836 0.276393 0.723607 0.60668
11 10 0.443799 0.11657 0.723607 0.723607 0.560369
11 11 0.45686 0.0970133 1 0.723607 0.553873
11 12 0.370727 0.327416 0 1 0.698142
11 13 0.402029 0.271484 0.276393 1 0.673513
11 14 0.435307 0.207927 0.723607 1 0.643234
11 15 0.450605 0.188198 1 1 0.638803
12 0 0 0.38665 0 0 0.38665
12 1 0.0482103 0.381801 0.276393 0 0.430011
12 2 0.176078 0.403831 0.723607 0 0.579909
12 3 0.270234 0.366049 1 0 0.636284
12 4 0 0.419748 0 0.276393 0.419748
12 5 0.0449519 0.402211 0.276393 0.276393 0.447163
12 6 0.152285 0.418718 0.723607 0.276393 0.571003
12 7 0.238803 0.399579 1 0.276393 0.638382
12 8 0 0.465167 0 0.723607 0.465167
12 9 0.0445871 0.442574 0.276393 0.723607 0.487161
12 10 0.128224 0.445953 0.723607 0.723607 0.574177
12 11 0.198328 0.437192 1 0.723607 0.63552
12 12 0 0.488579 0 1 0.488579
12 13 0.0484132 0.468808 0.276393 1 0.517221
12 14 0.126004 0.467468 0.723607 1 0.593471
12 15 0.182881 0.457663 1 1 0.640544
13 0 0.312569 0.500222 0 0 0.812791
13 1 0.349107 0.471843 0.276393 0 0.82095
13 2 0.394883 0.441616 0.723607 0 0.836499
13 3 0.419575 0.429835 1 0 0.84941
13 4 0.303756 0.535903 0 0.276393 0.839659
13 5 0.33989 0.51343 0.276393 0.276393 0.85332
13 6 0.388228 0.489072 0.723607 0.276393 0.8773
13 7 0.414543 0.478228 1 0.276393 0.892771
13 8 0.291031 0.593141 0 0.723607 0.884172
13 9 0.326247 0.576757 0.276393 0.723607 0.903004
13 10 0.376583 0.559708 0.723607 0.723607 0.936291
13 11 0.404878 0.55253 1 0.723607 0.957408
13 12 0.28485 0.628098 0 1 0.912947
13 13 0.31902 0.614992 0.276393 1 0.934011
13 14 0.368835 0.601257 0.723607 1 0.970092
13 15 0.398278 0.595091 1 1 0.993368
14 0 0.270739 0.7523 0 0 1.02304
14 1 0.304694 0.746602 0.276393 0 1.0513
14 2 0.357206 0.740427 0.723607 0 1.09763
14 3 0.388818 0.736802 1 0 1.12562
14 4 0.269 0.786446 0 0.276393 1.05545
14 5 0.303021 0.782034 0.276393 0.276393 1.08506
14 6 0.355934 0.777211 0.723607 0.276393 1.13314
14 7 0.387788 0.774139 1 0.276393 1.16193
14 8 0.265495 0.841772 0 0.723607 1.10727
14 9 0.299511 0.839065 0.276393 0.723607 1.13858
14 10 0.35296 0.836077 0.723607 0.723607 1.18904
14 11 0.38533 0.833924 1 0.723607 1.21925
14 12 0.263442 0.876028 0 1 1.13947
14 13 0.297389 0.874153 0.276393 1 1.17154
14 14 0.351098 0.872024 0.723607 1 1.22312
14 15 0.383792 0.870319 1 1 1.25411
15 0 0 0.773494 0 0 0.773494
15 1 0.0385175 0.770905 0.276393 0 0.809422
15 2 0.100618 0.772356 0.723607 0 0.872974
15 3 0.138866 0.769051 1 0 0.907917
15 4 0 0.804056 0 0.276393 0.804056
15 5 0.0379675 0.801947 0.276393 0.276393 0.839915
15 6 0.0991545 0.803257 0.723607 0.276393 0.902411
15 7 0.137222 0.800414 1 0.276393 0.937636
15 8 0 0.854273 0 0.723607 0.854273
15 9 0.037236 0.85302 0.276393 0.723607 0.890256
15 10 0.0974916 0.853842 0.723607 0.723607 0.951334
15 11 0.134928 0.851307 1 0.723607 0.986235
15 12 0 0.885818 0 1 0.885818
15 13 0.0369838 0.88485 0.276393 1 0.921834
15 14 0.097091 0.885414 0.723607 1 0.982506
15 15 0.133983 0.883343 1 1 1.01733
16 0 0.115663 -1 0 0 -0.884337
16 1 0.148603 -1 0.276393 0 -0.851397
16 2 0.202906 -1 0.723607 0 -0.797094
16 3 0.23705 -1 1 0 -0.76295
16 4 0.115597 -0.963511 0 0.276393 -0.847914
16 5 0.148455 -0.964176 0.276393 0.276393 -0.815722
16 6 0.202702 -0.964941 0.723607 0.276393 -0.762239
16 7 0.236865 -0.965492 1 0.276393 -0.728627
16 8 0.115312 -0.904199 0 0.723607 -0.788887
16 9 0.147929 -0.905906 0.276393 0.723607 -0.757977
16 10 0.201756 -0.908047 0.723607 0.723607 -0.706291
16 11 0.235818 -0.909656 1 0.723607 -0.673837
16 12 0.115096 -0.867347 0 1 -0.752251
16 13 0.147502 -0.869546 0.276393 1 -0.722044
16 14 0.200855 -0.872617 0.723607 1 -0.671762
16 15 0.234779 -0.875089 1 1 -0.640311
17 0 0.115096 -0.867347 0 0 -0.752251
17 1 0.147502 -0.869546 0.276393 0 -0.722044
17 2 0.200855 -0.872617 0.723607 0 -0.671762
17 3 0.234779 -0.875089 1 0 -0.640311
17 4 0.113431 -0.829881 0 0.276393 -0.716449
17 5 0.145212 -0.832553 0.276393 0.276393 -0.68734
17 6 0.19796 -0.836772 0.723607 0.276393 -0.638813
17 7 0.231857 -0.840357 1 0.276393 -0.608501
17 8 0.109734 -0.767602 0 0.723607 -0.657868
17 9 0.140824 -0.771371 0.276393 0.723607 -0.630547
17 10 0.192844 -0.778163 0.723607 0.723607 -0.585319
17 11 0.226752 -0.784116 1 0.723607 -0.557364
17 12 0.10718 -0.728462 0 1 -0.621283
17 13 0.138027 -0.732892 0.276393 1 -0.594865
17 14 0.189684 -0.741608 0.723607 1 -0.551924
17 15 0.223651 -0.749372 1 1 -0.525721
18 0 0 -0.86412 0 0 -0.86412
18 1 0.0317253 -0.864315 0.276393 0 -0.83259
18 2 0.0830681 -0.865701 0.723607 0 -0.782633
18 3 0.115096 -0.867347 1 0 -0.752251
18 4 0 -0.82612 0 0.276393 -0.82612
18 5 0.0311025 -0.826498 0.276393 0.276393 -0.795395
18 6 0.0819243 -0.82811 0.723607 0.276393 -0.746185
18 7 0.113431 -0.829881 1 0.276393 -0.716449
18 8 0 -0.762843 0 0.723607 -0.762843
18 9 0.030159 -0.763793 0.276393 0.723607 -0.733634
18 10 0.0791717 -0.765826 0.723607 0.723607 -0.686654
18 11 0.109734 -0.767602 1 0.723607 -0.657868
18 12 0 -0.723192 0 1 -0.723192
18 13 0.0296725 -0.723759 0.276393 1 -0.694087
18 14 0.0771727 -0.725998 0.723607 1 -0.648826
18 15 0.10718 -0.728462 1 1 -0.621283
19 0 0.0596146 -0.360325 0 0 -0.300711
19 1 0.0780474 -0.376862 0.276393 0 -0.298814
19 2 0.11563 -0.420372 0.723607 0 -0.304742
19 3 0.147725 -0.457469 1 0 -0.309745
19 4 0.0529183 -0.278835 0 0.276393 -0.225916
19 5 0.068058 -0.294999 0.276393 0.276393 -0.226941
19 6 0.0974782 -0.345068 0.723607 0.276393 -0.24759
19 7 0.122689 -0.388198 1 0.276393 -0.265509
19 8 0.0550723 -0.139093 0 0.723607 -0.0840206
19 9 0.0688526 -0.154586 0.276393 0.723607 -0.085733
19 10 0.0891738 -0.207707 0.723607 0.723607 -0.118533
19 11 0.103077 -0.25574 1 0.723607 -0.152663
19 12 0.0635378 -0.0603721 0 1 0.00316565
19 13 0.0783061 -0.0738636 0.276393 1 0.00444252
19 14 0.0963081 -0.118485 0.723607 1 -0.022177
19 15 0.105295 -0.161489 1 1 -0.0561937
20 0 0.0635378 -0.0603721 0 0 0.00316565
20 1 0.0783061 -0.0738636 0.276393 0 0.00444252
20 2 0.0963081 -0.118485 0.723607 0 -0.022177
20 3 0.105295 -0.161489 1 0 -0.0561937
20 4 0.0751166 0.00535626 0 0.276393 0.0804728
20 5 0.0934784 -0.00602309 0.276393 0.276393 0.0874553
20 6 0.1139 -0.046418 0.723607 0.276393 0.0674823
20 7 0.120726 -0.0861604 1 0.276393 0.034566
20 8 0.0932179 0.0908804 0 0.723607 0.184098
20 9 0.116637 0.0832015 0.276393 0.723607 0.199839
20 10 0.146324 0.0485794 0.723607 0.723607 0.194904
20 11 0.157567 0.0170303 1 0.723607 0.174598
20 12 0.102366 0.142911 0 1 0.245277
20 13 0.124938 0.134601 0.276393 1 0.259539
20 14 0.160358 0.100224 0.723607 1 0.260582
20 15 0.178167 0.0706492 1 1 0.248816
21 0 0 -0.052438 0 0 -0.052438
21 1 0.0180969 -0.0530069 0.276393 0 -0.03491
21 2 0.0466117 -0.0566658 0.723607 0 -0.0100541
21 3 0.0635378 -0.0603721 1 0 0.00316565
21 4 0 0.012949 0 0.276393 0.012949
21 5 0.0206377 0.0126292 0.276393 0.276393 0.0332669
21 6 0.0541857 0.00857022 0.723607 0.276393 0.062756
21 7 0.0751166 0.00535626 1 0.276393 0.0804728
21 8 0 0.0956389 0 0.723607 0.0956389
21 9 0.0285406 0.100812 0.276393 0.723607 0.129352
21 10 0.0686527 0.0949231 0.723607 0.723607 0.163576
21 11 0.0932179 0.0908804 1 0.723607 0.184098
21 12 0 0.130022 0 1 0.130022
21 13 0.0380783 0.146004 0.276393 1 0.184082
21 14 0.0801667 0.146127 0.723607 1 0.226293
21 15 0.102366 0.142911 1 1 0.245277
22 0 0.368893 -0.0311913 0 0 0.337702
22 1 0.353896 -0.158651 0.276393 0 0.195245
22 2 0.31284 -0.184925 0.723607 0 0.127915
22 3 0.305802 -0.154368 1 0 0.151434
22 4 0.373987 -0.0445723 0 0.276393 0.329415
22 5 0.360905 -0.185828 0.276393 0.276393 0.175077
22 6 0.306395 -0.22215 0.723607 0.276393 0.0842445
22 7 0.280905 -0.18497 1 0.276393 0.0959356
22 8 0.377528 0.0214749 0 0.723607 0.399003
22 9 0.384609 -0.14256 0.276393 0.723607 0.242048
22 10 0.350478 -0.267902 0.723607 0.723607 0.0825753
22 11 0.316401 -0.281315 1 0.723607 0.0350859
22 12 0.372628 0.0943832 0 1 0.467011
22 13 0.392337 -0.0574546 0.276393 1 0.334883
22 14 0.387204 -0.226899 0.723607 1 0.160305
22 15 0.369941 -0.282958 1 1 0.0869831
23 0 0.372628 0.0943832 0 0 0.467011
23 1 0.392337 -0.0574546 0.276393 0 0.334883
23 2 0.387204 -0.226899 0.723607 0 0.160305
23 3 0.369941 -0.282958 1 0 0.0869831
23 4 0.356088 0.187064 0 0.276393 0.543153
23 5 0.389523 0.0453213 0.276393 0.276393 0.434844
23 6 0.405192 -0.156081 0.723607 0.276393 0.249111
23 7 0.402394 -0.238031 1 0.276393 0.164363
23 8 0.31063 0.309114 0 0.723607 0.619743
23 9 0.365408 0.203397 0.276393 0.723607 0.568805
23 10 0.409799 0.00659595 0.723607 0.723607 0.416395
23 11 0.421719 -0.0970479 1 0.723607 0.324671
23 12 0.270234 0.366049 0 1 0.636284
23 13 0.339215 0.28538 0.276393 1 0.624595
23 14 0.401006 0.113914 0.723607 1 0.51492
23 15 0.420668 0.00632535 1 1 0.426993
24 0 0 0.282051 0 0 0.282051
24 1 0.0891965 0.347046 0.276393 0 0.436242
24 2 0.287675 0.306746 0.723607 0 0.594422
24 3 0.372628 0.0943832 1 0 0.467011
24 4 0 0.304555 0 0.276393 0.304555
24 5 0.0748684 0.352271 0.276393 0.276393 0.427139
24 6 0.260141 0.342976 0.723607 0.276393 0.603117
24 7 0.356088 0.187064 1 0.276393 0.543153
24 8 0 0.352162 0 0.723607 0.352162
24 9 0.0570023 0.36714 0.276393 0.723607 0.424142
24 10 0.210193 0.385473 0.723607 0.723607 0.595666
24 11 0.31063 0.309114 1 0.723607 0.619743
24 12 0 0.38665 0 1 0.38665
24 13 0.0482103 0.381801 0.276393 1 0.430011
24 14 0.176078 0.403831 0.723607 1 0.579909
24 15 0.270234 0.366049 1 1 0.636284
25 0 0.162073 0.553012 0 0 0.715085
25 1 0.204825 0.543656 0.276393 0 0.748481
25 2 0.273489 0.517543 0.723607 0 0.791032
25 3 0.312569 0.500222 1 0 0.812791
25 4 0.157753 0.58181 0 0.276393 0.739563
25 5 0.19987 0.573024 0.276393 0.276393 0.772893
25 6 0.265934 0.550089 0.723607 0.276393 0.816023
25 7 0.303756 0.535903 1 0.276393 0.839659
25 8 0.151255 0.628455 0 0.723607 0.779709
25 9 0.191781 0.621987 0.276393 0.723607 0.813768
25 10 0.254602 0.603863 0.723607 0.723607 0.858465
25 11 0.291031 0.593141 1 0.723607 0.884172
25 12 0.148123 0.658005 0 1 0.806128
25 13 0.187339 0.652976 0.276393 1 0.840316
25 14 0.248813 0.637306 0.723607 1 0.886119
25 15 0.28485 0.628098 1 1 0.912947
26 0 0.148123 0.658005 0 0 0.806128
26 1 0.187339 0.652976 0.276393 0 0.840316
26 2 0.248813 0.637306 0.723607 0 0.886119
26 3 0.28485 0.628098 1 0 0.912947
26 4 0.145167 0.688259 0 0.276393 0.833426
26 5 0.184012 0.684135 0.276393 0.276393 0.868147
26 6 0.245076 0.670284 0.723607 0.276393 0.915359
26 7 0.281004 0.662354 1 0.276393 0.943358
26 8 0.140952 0.737849 0 0.723607 0.878801
26 9 0.179004 0.734937 0.276393 0.723607 0.913942
26 10 0.239063 0.723852 0.723607 0.723607 0.962914
26 11 0.274515 0.717893 1 0.723607 0.992408
26 12 0.138866 0.769051 0 1 0.907917
26 13 0.176324 0.766695 0.276393 1 0.94302
26 14 0.235575 0.757205 0.723607 1 0.99278
26 15 0.270739 0.7523 1 1 1.02304
27 0 0 0.66751 0 0 0.66751
27 1 0.0412314 0.662458 0.276393 0 0.703689
27 2 0.107357 0.663824 0.723607 0 0.771181
27 3 0.148123 0.658005 1 0 0.806128
27 4 0 0.696116 0 0.276393 0.696116
27 5 0.0404737 0.691737 0.276393 0.276393 0.732211
27 6 0.105143 0.693179 0.723607 0.276393 0.798322
27 7 0.145167 0.688259 1 0.276393 0.833426
27 8 0 0.743432 0 0.723607 0.743432
27 9 0.0392246 0.740288 0.276393 0.723607 0.779513
27 10 0.102063 0.74177 0.723607 0.723607 0.843832
27 11 0.140952 0.737849 1 0.723607 0.878801
27 12 0 0.773494 0 1 0.773494
27 13 0.0385175 0.770905 0.276393 1 0.809422
27 14 0.100618 0.772356 0.723607 1 0.872974
27 15 0.138866 0.769051 1 1 0.907917
28 0 0.365124 -1 0 0 -0.634876
28 1 0.401915 -1 0.276393 0 -0.598085
28 2 0.46254 -1 0.723607 0 -0.53746
28 3 0.5 -1 1 0 -0.5
28 4 0.365234 -0.967401 0 0.276393 -0.602167
28 5 0.402075 -0.968007 0.276393 0.276393 -0.565932
28 6 0.462502 -0.968347 0.723607 0.276393 -0.505844
28 7 0.5 -0.968238 1 0.276393 -0.468238
28 8 0.364871 -0.915014 0 0.723607 -0.550143
28 9 0.401912 -0.916266 0.276393 0.723607 -0.514354
28 10 0.462426 -0.917112 0.723607 0.723607 -0.454686
28 11 0.5 -0.917091 1 0.723607 -0.417091
28 12 0.364333 -0.882839 0 1 -0.518506
28 13 0.401568 -0.88444 0.276393 1 -0.482872
28 14 0.462374 -0.885538 0.723607 1 -0.423164
28 15 0.5 -0.885527 1 1 -0.385527
29 0 0.364333 -0.882839 0 0 -0.518506
29 1 0.401568 -0.88444 0.276393 0 -0.482872
29 2 0.462374 -0.885538 0.723607 0 -0.423164
29 3 0.5 -0.885527 1 0 -0.385527
29 4 0.362914 -0.850933 0 0.276393 -0.488018
29 5 0.400571 -0.85282 0.276393 0.276393 -0.452248
29 6 0.46187 -0.854163 0.723607 0.276393 -0.392293
29 7 0.5 -0.854244 1 0.276393 -0.354244
29 8 0.35932 -0.800149 0 0.723607 -0.440829
29 9 0.39788 -0.802458 0.276393 0.723607 -0.404578
29 10 0.460826 -0.804326 0.723607 0.723607 -0.3435
29 11 0.5 -0.804767 1 0.723607 -0.304767
29 12 0.356428 -0.769193 0 1 -0.412765
29 13 0.395673 -0.772057 0.276393 1 -0.376384
29 14 0.460106 -0.774308 0.723607 1 -0.314203
29 15 0.5 -0.774822 1 1 -0.274822
30 0 0.234779 -0.875089 0 0 -0.640311
30 1 0.269578 -0.877201 0.276393 0 -0.607623
30 2 0.327585 -0.880998 0.723607 0 -0.553414
30 3 0.364333 -0.882839 1 0 -0.518506
30 4 0.231857 -0.840357 0 0.276393 -0.608501
30 5 0.266868 -0.843422 0.276393 0.276393 -0.576554
30 6 0.325633 -0.848539 0.723607 0.276393 -0.522905
30 7 0.362914 -0.850933 1 0.276393 -0.488018
30 8 0.226752 -0.784116 0 0.723607 -0.557364
30 9 0.262005 -0.789067 0.276393 0.723607 -0.527061
30 10 0.321373 -0.79662 0.723607 0.723607 -0.475247
30 11 0.35932 -0.800149 1 0.723607 -0.440829
30 12 0.223651 -0.749372 0 1 -0.525721
30 13 0.258873 -0.755413 0.276393 1 -0.49654
30 14 0.31822 -0.764649 0.723607 1 -0.446429
30 15 0.356428 -0.769193 1 1 -0.412765
31 0 0.356428 -0.769193 0 0 -0.412765
31 1 0.395673 -0.772057 0.276393 0 -0.376384
31 2 0.460106 -0.774308 0.723607 0 -0.314203
31 3 0.5 -0.774822 1 0 -0.274822
31 4 0.352729 -0.738599 0 0.276393 -0.38587
31 5 0.392768 -0.742218 0.276393 0.276393 -0.34945
31 6 0.458719 -0.745034 0.723607 0.276393 -0.286315
31 7 0.5 -0.745683 1 0.276393 -0.245683
31 8 0.344668 -0.690318 0 0.723607 -0.34565
31 9 0.386628 -0.695303 0.276393 0.723607 -0.308675
31 10 0.455949 -0.699631 0.723607 0.723607 -0.243682
31 11 0.5 -0.701221 1 0.723607 -0.201221
31 12 0.338868 -0.661451 0 1 -0.322583
31 13 0.38221 -0.66732 0.276393 1 -0.28511
31 14 0.454007 -0.672901 0.723607 1 -0.218894
31 15 0.5 -0.675412 1 1 -0.175412
32 0 0.338868 -0.661451 0 0 -0.322583
32 1 0.38221 -0.66732 0.276393 0 -0.28511
32 2 0.454007 -0.672901 0.723607 0 -0.218894
32 3 0.5 -0.675412 1 0 -0.175412
32 4 0.329915 -0.632122 0 0.276393 -0.302207
32 5 0.374642 -0.640055 0.276393 0.276393 -0.265413
32 6 0.451479 -0.647506 0.723607 0.276393 -0.196027
32 7 0.5 -0.650612 1 0.276393 -0.150612
32 8 0.312793 -0.583758 0 0.723607 -0.270965
32 9 0.360901 -0.597905 0.276393 0.723607 -0.237004
32 10 0.445443 -0.6097 0.723607 0.723607 -0.164257
32 11 0.5 -0.613538 1 0.723607 -0.113538
32 12 0.301833 -0.553921 0 1 -0.252088
32 13 0.351841 -0.572505 0.276393 1 -0.220665
32 14 0.440314 -0.58811 0.723607 1 -0.147796
32 15 0.5 -0.593382 1 1 -0.0933822
33 0 0.198323 -0.617894 0 0 -0.419571
33 1 0.234016 -0.630992 0.276393 0 -0.396976
33 2 0.296645 -0.650559 0.723607 0 -0.353914
33 3 0.338868 -0.661451 1 0 -0.322583
33 4 0.188634 -0.578829 0 0.276393 -0.390195
33 5 0.224004 -0.594752 0.276393 0.276393 -0.370747
33 6 0.287229 -0.618684 0.723607 0.276393 -0.331455
33 7 0.329915 -0.632122 1 0.276393 -0.302207
33 8 0.164601 -0.50717 0 0.723607 -0.342568
33 9 0.201182 -0.531893 0.276393 0.723607 -0.330711
33 10 0.2681 -0.565908 0.723607 0.723607 -0.297808
33 11 0.312793 -0.583758 1 0.723607 -0.270965
33 12 0.147725 -0.457469 0 1 -0.309745
33 13 0.185561 -0.491125 0.276393 1 -0.305565
33 14 0.255661 -0.533499 0.723607 1 -0.277838
33 15 0.301833 -0.553921 1 1 -0.252088
34 0 0.10718 -0.728462 0 0 -0.621283
34 1 0.138027 -0.732892 0.276393 0 -0.594865
34 2 0.189684 -0.741608 0.723607 0 -0.551924
34 3 0.223651 -0.749372 1 0 -0.525721
34 4 0.103629 -0.688036 0 0.276393 -0.584407
34 5 0.133298 -0.693203 0.276393 0.276393 -0.559905
34 6 0.183913 -0.704063 0.723607 0.276393 -0.52015
34 7 0.217824 -0.713877 1 0.276393 -0.496054
34 8 0.0955029 -0.618508 0 0.723607 -0.523005
34 9 0.123644 -0.625334 0.276393 0.723607 -0.50169
34 10 0.172409 -0.64096 0.723607 0.723607 -0.46855
34 11 0.2062 -0.655101 1 0.723607 -0.4489
34 12 0.0899798 -0.573573 0 1 -0.483593
34 13 0.117253 -0.581046 0.276393 1 -0.463793
34 14 0.164723 -0.60018 0.723607 1 -0.435457
34 15 0.198323 -0.617894 1 1 -0.419571
35 0 0.0899798 -0.573573 0 0 -0.483593
35 1 0.117253 -0.581046 0.276393 0 -0.463793
35 2 0.164723 -0.60018 0.723607 0 -0.435457
35 3 0.198323 -0.617894 1 0 -0.419571
35 4 0.0827248 -0.524835 0 0.276393 -0.442111
35 5 0.107928 -0.533535 0.276393 0.276393 -0.425607
35 6 0.154662 -0.557151 0.723607 0.276393 -0.402489
35 7 0.188634 -0.578829 1 0.276393 -0.390195
35 8 0.0683992 -0.430291 0 0.723607 -0.361892
35 9 0.08967 -0.444398 0.276393 0.723607 -0.354728
35 10 0.131491 -0.47797 0.723607 0.723607 -0.346479
35 11 0.164601 -0.50717 1 0.723607 -0.342568
35 12 0.0596146 -0.360325 0 1 -0.300711
35 13 0.0780474 -0.376862 0.276393 1 -0.298814
35 14 0.11563 -0.420372 0.723607 1 -0.304742
35 15 0.147725 -0.457469 1 1 -0.309745
36 0 0 -0.561289 0 0 -0.561289
36 1 0.0240797 -0.563354 0.276393 0 -0.539275
36 2 0.0638536 -0.568712 0.723607 0 -0.504858
36 3 0.0899798 -0.573573 1 0 -0.483593
36 4 0 -0.509476 0 0.276393 -0.509476
36 5 0.0222495 -0.511558 0.276393 0.276393 -0.489309
36 6 0.0590476 -0.518379 0.723607 0.276393 -0.459331
36 7 0.0827248 -0.524835 1 0.276393 -0.442111
36 8 0 -0.413544 0 0.723607 -0.413544
36 9 0.018627 -0.415824 0.276393 0.723607 -0.397197
36 10 0.0490515 -0.423193 0.723607 0.723607 -0.374141
36 11 0.0683992 -0.430291 1 0.723607 -0.361892
36 12 0 -0.344185 0 1 -0.344185
36 13 0.0163561 -0.345705 0.276393 1 -0.329349
36 14 0.0427719 -0.352642 0.723607 1 -0.30987
36 15 0.0596146 -0.360325 1 1 -0.300711
37 0 0.301833 -0.553921 0 0 -0.252088
37 1 0.351841 -0.572505 0.276393 0 -0.220665
37 2 0.440314 -0.58811 0.723607 0 -0.147796
37 3 0.5 -0.593382 1 0 -0.0933822
37 4 0.283101 -0.522532 0 0.276393 -0.239431
37 5 0.340076 -0.546924 0.276393 0.276393 -0.206848
37 6 0.433822 -0.567469 0.723607 0.276393 -0.133647
37 7 0.5 -0.575872 1 0.276393 -0.0758715
37 8 0.243433 -0.469221 0 0.723607 -0.225788
37 9 0.308844 -0.503589 0.276393 0.723607 -0.194745
37 10 0.420659 -0.537002 0.723607 0.723607 -0.116343
37 11 0.5 -0.551801 1 0.723607 -0.0518009
37 12 0.217717 -0.432295 0 1 -0.214578
37 13 0.287037 -0.476652 0.276393 1 -0.189615
37 14 0.414956 -0.520934 0.723607 1 -0.105978
37 15 0.5 -0.538074 1 1 -0.038074
38 0 0.217717 -0.432295 0 0 -0.214578
38 1 0.287037 -0.476652 0.276393 0 -0.189615
38 2 0.414956 -0.520934 0.723607 0 -0.105978
38 3 0.5 -0.538074 1 0 -0.038074
38 4 0.183833 -0.376419 0 0.276393 -0.192585
38 5 0.252714 -0.441633 0.276393 0.276393 -0.188919
38 6 0.400404 -0.504422 0.723607 0.276393 -0.104017
38 7 0.5 -0.525409 1 0.276393 -0.0254091
38 8 0.157331 -0.272373 0 0.723607 -0.115042
38 9 0.211122 -0.381338 0.276393 0.723607 -0.170216
38 10 0.376221 -0.480121 0.723607 0.723607 -0.1039
38 11 0.5 -0.50845 1 0.723607 -0.00844958
38 12 0.158767 -0.20267 0 1 -0.0439028
38 13 0.193076 -0.339866 0.276393 1 -0.146789
38 14 0.360003 -0.46533 0.723607 1 -0.105327
38 15 0.5 -0.49969 1 1 0.00030956
39 0 0.105295 -0.161489 0 0 -0.0561937
39 1 0.115215 -0.233698 0.276393 0 -0.118484
39 2 0.159332 -0.360672 0.723607 0 -0.201341
39 3 0.217717 -0.432295 1 0 -0.214578
39 4 0.120726 -0.0861604 0 0.276393 0.034566
39 5 0.122826 -0.146364 0.276393 0.276393 -0.023538
39 6 0.141316 -0.284699 0.723607 0.276393 -0.143383
39 7 0.183833 -0.376419 1 0.276393 -0.192585
39 8 0.157567 0.0170303 0 0.723607 0.174598
39 9 0.158069 -0.0326966 0.276393 0.723607 0.125373
39 10 0.146035 -0.169058 0.723607 0.723607 -0.0230231
39 11 0.157331 -0.272373 1 0.723607 -0.115042
39 12 0.178167 0.0706492 0 1 0.248816
39 13 0.182768 0.0223298 0.276393 1 0.205098
39 14 0.163423 -0.107753 0.723607 1 0.05567
39 15 0.158767 -0.20267 1 1 -0.0439028
40 0 0.158767 -0.20267 0 0 -0.0439028
40 1 0.193076 -0.339866 0.276393 0 -0.146789
40 2 0.360003 -0.46533 0.723607 0 -0.105327
40 3 0.5 -0.49969 1 0 0.00030956
40 4 0.17441 -0.122569 0 0.276393 0.0518404
40 5 0.174987 -0.271571 0.276393 0.276393 -0.0965838
40 6 0.317974 -0.438787 0.723607 0.276393 -0.120813
40 7 0.5 -0.493264 1 0.276393 0.0067365
40 8 0.219395 -0.0179438 0 0.723607 0.201452
40 9 0.182362 -0.153553 0.276393 0.723607 0.0288088
40 10 0.266627 -0.392368 0.723607 0.723607 -0.125741
40 11 0.5 -0.486313 1 0.723607 0.0136875
40 12 0.248214 0.00905923 0 1 0.257274
40 13 0.20597 -0.0837299 0.276393 1 0.12224
40 14 0.243332 -0.360912 0.723607 1 -0.11758
40 15 0.5 -0.483101 1 1 0.0168988
41 0 0.248214 0.00905923 0 0 0.257274
41 1 0.20597 -0.0837299 0.276393 0 0.12224
41 2 0.243332 -0.360912 0.723607 0 -0.11758
41 3 0.5 -0.483101 1 0 0.0168988
41 4 0.254301 -0.0220024 0 0.276393 0.232298
41 5 0.210424 -0.0976108 0.276393 0.276393 0.112813
41 6 0.251362 -0.361469 0.723607 0.276393 -0.110107
41 7 0.5 -0.479696 1 0.276393 0.0203039
41 8 0.249707 -0.0741986 0 0.723607 0.175508
41 9 0.211812 -0.149765 0.276393 0.723607 0.0620473
41 10 0.276846 -0.374583 0.723607 0.723607 -0.0977375
41 11 0.5 -0.473986 1 0.723607 0.0260138
41 12 0.24235 -0.111717 0 1 0.130633
41 13 0.215658 -0.194204 0.276393 1 0.0214536
41 14 0.300764 -0.387396 0.723607 1 -0.086632
41 15 0.5 -0.469901 1 1 0.0300986
42 0 0.288391 0.139162 0 0 0.427553
42 1 0.288695 0.110716 0.276393 0 0.399411
42 2 0.270579 0.057058 0.723607 0 0.327637
42 3 0.248214 0.00905923 1 0 0.257274
42 4 0.326657 0.0430286 0 0.276393 0.369685
42 5 0.314511 0.0365433 0.276393 0.276393 0.351054
42 6 0.28309 0.0189216 0.723607 0.276393 0.302012
42 7 0.254301 -0.0220024 1 0.276393 0.232298
42 8 0.330021 -0.111447 0 0.723607 0.218574
42 9 0.317126 -0.0841062 0.276393 0.723607 0.23302
42 10 0.285193 -0.0519943 0.723607 0.723607 0.233198
42 11 0.249707 -0.0741986 1 0.723607 0.175508
42 12 0.305802 -0.154368 0 1 0.151434
42 13 0.293775 -0.125519 0.276393 1 0.168256
42 14 0.268328 -0.0996263 0.723607 1 0.168702
42 15 0.24235 -0.111717 1 1 0.130633
43 0 0.102366 0.142911 0 0 0.245277
43 1 0.124938 0.134601 0.276393 0 0.259539
43 2 0.160358 0.100224 0.723607 0 0.260582
43 3 0.178167 0.0706492 1 0 0.248816
43 4 0.123474 0.195017 0 0.276393 0.318492
43 5 0.14312 0.17904 0.276393 0.276393 0.322161
43 6 0.175905 0.143244 0.723607 0.276393 0.319148
43 7 0.194595 0.114207 1 0.276393 0.308802
43 8 0.190539 0.243176 0 0.723607 0.433715
43 9 0.204794 0.220063 0.276393 0.723607 0.424857
43 10 0.227767 0.179389 0.723607 0.723607 0.407156
43 11 0.241052 0.15102 1 0.723607 0.392072
43 12 0.245812 0.232684 0 1 0.478496
43 13 0.264676 0.2035 0.276393 1 0.468176
43 14 0.282858 0.163871 0.723607 1 0.446729
43 15 0.288391 0.139162 1 1 0.427553
44 0 0.245812 0.232684 0 0 0.478496
44 1 0.264676 0.2035 0.276393 0 0.468176
44 2 0.282858 0.163871 0.723607 0 0.446729
44 3 0.288391 0.139162 1 0 0.427553
44 4 0.274662 0.234249 0 0.276393 0.508911
44 5 0.309942 0.169385 0.276393 0.276393 0.479327
44 6 0.331345 0.0687922 0.723607 0.276393 0.400137
44 7 0.326657 0.0430286 1 0.276393 0.369685
44 8 0.345287 0.119349 0 0.723607 0.464635
44 9 0.3604 -0.0105357 0.276393 0.723607 0.349865
44 10 0.342118 -0.125317 0.723607 0.723607 0.216801
44 11 0.330021 -0.111447 1 0.723607 0.218574
44 12 0.368893 -0.0311913 0 1 0.337702
44 13 0.353896 -0.158651 0.276393 1 0.195245
44 14 0.31284 -0.184925 0.723607 1 0.127915
44 15 0.305802 -0.154368 1 1 0.151434
45 0 0 0.198779 0 0 0.198779
45 1 0.0930722 0.268624 0.276393 0 0.361696
45 2 0.205892 0.267127 0.723607 0 0.473019
45 3 0.245812 0.232684 1 0 0.478496
45 4 0 0.211471 0 0.276393 0.211471
45 5 0.0943688 0.283998 0.276393 0.276393 0.378367
45 6 0.219749 0.282212 0.723607 0.276393 0.501961
45 7 0.274662 0.234249 1 0.276393 0.508911
45 8 0 0.230135 0 0.723607 0.230135
45 9 0.119233 0.313812 0.276393 0.723607 0.433045
45 10 0.282882 0.255686 0.723607 0.723607 0.538568
45 11 0.345287 0.119349 1 0.723607 0.464635
45 12 0 0.239613 0 1 0.239613
45 13 0.145929 0.32945 0.276393 1 0.475379
45 14 0.328124 0.193446 0.723607 1 0.521571
45 15 0.368893 -0.0311913 1 1 0.337702
46 0 0.24235 -0.111717 0 0 0.130633
46 1 0.215658 -0.194204 0.276393 0 0.0214536
46 2 0.300764 -0.387396 0.723607 0 -0.086632
46 3 0.5 -0.469901 1 0 0.0300986
46 4 0.227761 -0.203874 0 0.276393 0.0238868
46 5 0.242631 -0.293521 0.276393 0.276393 -0.0508898
46 6 0.35954 -0.417612 0.723607 0.276393 -0.0580719
46 7 0.5 -0.464416 1 0.276393 0.0355836
46 8 0.288941 -0.330559 0 0.723607 -0.0416173
46 9 0.333751 -0.376522 0.276393 0.723607 -0.0427706
46 10 0.434707 -0.429338 0.723607 0.723607 0.00536846
46 11 0.5 -0.445264 1 0.723607 0.0547361
46 12 0.353576 -0.357048 0 1 -0.00347136
46 13 0.372487 -0.378348 0.276393 1 -0.00586116
46 14 0.450394 -0.415526 0.723607 1 0.0348682
46 15 0.5 -0.420915 1 1 0.0790845
47 0 0.353576 -0.357048 0 0 -0.00347136
47 1 0.372487 -0.378348 0.276393 0 -0.00586116
47 2 0.450394 -0.415526 0.723607 0 0.0348682
47 3 0.5 -0.420915 1 0 0.0790845
47 4 0.41116 -0.358286 0 0.276393 0.0528742
47 5 0.42833 -0.374441 0.276393 0.276393 0.0538895
47 6 0.46954 -0.390446 0.723607 0.276393 0.0790934
47 7 0.5 -0.392253 1 0.276393 0.107747
47 8 0.451531 -0.270006 0 0.723607 0.181525
47 9 0.463744 -0.282849 0.276393 0.723607 0.180895
47 10 0.485342 -0.300935 0.723607 0.723607 0.184407
47 11 0.5 -0.308166 1 0.723607 0.191834
47 12 0.461417 -0.178832 0 1 0.282585
47 13 0.472189 -0.196123 0.276393 1 0.276065
47 14 0.489784 -0.211775 0.723607 1 0.278009
47 15 0.5 -0.214053 1 1 0.285947
48 0 0.369941 -0.282958 0 0 0.0869831
48 1 0.36047 -0.307679 0.276393 0 0.0527915
48 2 0.351056 -0.338347 0.723607 0 0.0127086
48 3 0.353576 -0.357048 1 0 -0.00347136
48 4 0.402394 -0.238031 0 0.276393 0.164363
48 5 0.400897 -0.284748 0.276393 0.276393 0.116149
48 6 0.402689 -0.336178 0.723607 0.276393 0.0665109
48 7 0.41116 -0.358286 1 0.276393 0.0528742
48 8 0.421719 -0.0970479 0 0.723607 0.324671
48 9 0.429852 -0.165103 0.276393 0.723607 0.264748
48 10 0.441755 -0.243622 0.723607 0.723607 0.198133
48 11 0.451531 -0.270006 1 0.723607 0.181525
48 12 0.420668 0.00632535 0 1 0.426993
48 13 0.433925 -0.0716433 0.276393 1 0.362282
48 14 0.451036 -0.1561 0.723607 1 0.294936
48 15 0.461417 -0.178832 1 1 0.282585
49 0 0.461417 -0.178832 0 0 0.282585
49 1 0.472189 -0.196123 0.276393 0 0.276065
49 2 0.489784 -0.211775 0.723607 0 0.278009
49 3 0.5 -0.214053 1 0 0.285947
49 4 0.461609 -0.0715164 0 0.276393 0.390093
49 5 0.47233 -0.0905067 0.276393 0.276393 0.381823
49 6 0.489507 -0.103811 0.723607 0.276393 0.385695
49 7 0.5 -0.100796 1 0.276393 0.399204
49 8 0.45686 0.0970133 0 0.723607 0.553873
49 9 0.469181 0.0798572 0.276393 0.723607 0.549038
49 10 0.488137 0.0645174 0.723607 0.723607 0.552654
49 11 0.5 0.0628559 1 0.723607 0.562856
49 12 0.450605 0.188198 0 1 0.638803
49 13 0.465159 0.172957 0.276393 1 0.638116
49 14 0.487048 0.157597 0.723607 1 0.644645
49 15 0.5 0.154187 1 1 0.654187
50 0 0.450605 0.188198 0 0 0.638803
50 1 0.465159 0.172957 0.276393 0 0.638116
50 2 0.487048 0.157597 0.723607 0 0.644645
50 3 0.5 0.154187 1 0 0.654187
50 4 0.444081 0.266588 0 0.276393 0.710669
50 5 0.4606 0.25321 0.276393 0.276393 0.71381
50 6 0.485409 0.240527 0.723607 0.276393 0.725936
50 7 0.5 0.238503 1 0.276393 0.738503
50 8 0.430042 0.374354 0 0.723607 0.804396
50 9 0.450744 0.363305 0.276393 0.723607 0.814049
50 10 0.481635 0.354 0.723607 0.723607 0.835635
50 11 0.5 0.353553 1 0.723607 0.853553
50 12 0.419575 0.429835 0 1 0.84941
50 13 0.443231 0.42057 0.276393 1 0.863801
50 14 0.478551 0.412477 0.723607 1 0.891028
50 15 0.5 0.411523 1 1 0.911523
51 0 0.370727 0.327416 0 0 0.698142
51 1 0.402029 0.271484 0.276393 0 0.673513
51 2 0.435307 0.207927 0.723607 0 0.643234
51 3 0.450605 0.188198 1 0 0.638803
51 4 0.352567 0.384062 0 0.276393 0.736629
51 5 0.387019 0.337646 0.276393 0.276393 0.724664
51 6 0.425947 0.284943 0.723607 0.276393 0.71089
51 7 0.444081 0.266588 1 0.276393 0.710669
51 8 0.32505 0.460986 0 0.723607 0.786036
51 9 0.36231 0.425352 0.276393 0.723607 0.787663
51 10 0.407795 0.386834 0.723607 0.723607 0.794629
51 11 0.430042 0.374354 1 0.723607 0.804396
51 12 0.312569 0.500222 0 1 0.812791
51 13 0.349107 0.471843 0.276393 1 0.82095
51 14 0.394883 0.441616 0.723607 1 0.836499
51 15 0.419575 0.429835 1 1 0.84941
52 0 0.270234 0.366049 0 0 0.636284
52 1 0.339215 0.28538 0.276393 0 0.624595
52 2 0.401006 0.113914 0.723607 0 0.51492
52 3 0.420668 0.00632535 1 0 0.426993
52 4 0.238803 0.399579 0 0.276393 0.638382
52 5 0.311813 0.343994 0.276393 0.276393 0.655807
52 6 0.386011 0.208686 0.723607 0.276393 0.594698
52 7 0.413062 0.109196 1 0.276393 0.522257
52 8 0.198328 0.437192 0 0.723607 0.63552
52 9 0.266299 0.411895 0.276393 0.723607 0.678194
52 10 0.352315 0.328899 0.723607 0.723607 0.681214
52 11 0.390828 0.253273 1 0.723607 0.644101
52 12 0.182881 0.457663 0 1 0.640544
52 13 0.240045 0.444221 0.276393 1 0.684266
52 14 0.326456 0.386664 0.723607 1 0.71312
52 15 0.370727 0.327416 1 1 0.698142
53 0 0.182881 0.457663 0 0 0.640544
53 1 0.240045 0.444221 0.276393 0 0.684266
53 2 0.326456 0.386664 0.723607 0 0.71312
53 3 0.370727 0.327416 1 0 0.698142
53 4 0.175964 0.48049 0 0.276393 0.656454
53 5 0.226574 0.471018 0.276393 0.276393 0.697592
53 6 0.309305 0.426619 0.723607 0.276393 0.735924
53 7 0.352567 0.384062 1 0.276393 0.736629
53 8 0.166081 0.52417 0 0.723607 0.690251
53 9 0.210529 0.515284 0.276393 0.723607 0.725813
53 10 0.284958 0.484157 0.723607 0.723607 0.769115
53 11 0.32505 0.460986 1 0.723607 0.786036
53 12 0.162073 0.553012 0 1 0.715085
53 13 0.204825 0.543656 0.276393 1 0.748481
53 14 0.273489 0.517543 0.723607 1 0.791032
53 15 0.312569 0.500222 1 1 0.812791
54 0 0 0.488579 0 0 0.488579
54 1 0.0484132 0.468808 0.276393 0 0.517221
54 2 0.126004 0.467468 0.723607 0 0.593471
54 3 0.182881 0.457663 1 0 0.640544
54 4 0 0.510271 0 0.276393 0.510271
54 5 0.05084 0.49404 0.276393 0.276393 0.54488
54 6 0.126028 0.491848 0.723607 0.276393 0.617876
54 7 0.175964 0.48049 1 0.276393 0.656454
54 8 0 0.545854 0 0.723607 0.545854
54 9 0.0489872 0.535118 0.276393 0.723607 0.584105
54 10 0.121532 0.534953 0.723607 0.723607 0.656484
54 11 0.166081 0.52417 1 0.723607 0.690251
54 12 0 0.570524 0 1 0.570524
54 13 0.0453244 0.561358 0.276393 1 0.606683
54 14 0.117882 0.562093 0.723607 1 0.679975
54 15 0.162073 0.553012 1 1 0.715085
55 0 0.419575 0.429835 0 0 0.84941
55 1 0.443231 0.42057 0.276393 0 0.863801
55 2 0.478551 0.412477 0.723607 0 0.891028
55 3 0.5 0.411523 1 0 0.911523
55 4 0.414543 0.478228 0 0.276393 0.892771
55 5 0.439247 0.471231 0.276393 0.276393 0.910478
55 6 0.477186 0.464949 0.723607 0.276393 0.942134
55 7 0.5 0.463685 1 0.276393 0.963685
55 8 0.404878 0.55253 0 0.723607 0.957408
55 9 0.431956 0.546847 0.276393 0.723607 0.978803
55 10 0.474337 0.542374 0.723607 0.723607 1.01671
55 11 0.5 0.542008 1 0.723607 1.04201
55 12 0.398278 0.595091 0 1 0.993368
55 13 0.427086 0.590026 0.276393 1 1.01711
55 14 0.472146 0.586028 0.723607 1 1.05817
55 15 0.5 0.585508 1 1 1.08551
56 0 0.398278 0.595091 0 0 0.993368
56 1 0.427086 0.590026 0.276393 0 1.01711
56 2 0.472146 0.586028 0.723607 0 1.05817
56 3 0.5 0.585508 1 0 1.08551
56 4 0.396237 0.635015 0 0.276393 1.03125
56 5 0.425497 0.631064 0.276393 0.276393 1.05656
56 6 0.471695 0.627714 0.723607 0.276393 1.09941
56 7 0.5 0.626887 1 0.276393 1.12689
56 8 0.391822 0.698602 0 0.723607 1.09042
56 9 0.422145 0.695497 0.276393 0.723607 1.11764
56 10 0.470451 0.693021 0.723607 0.723607 1.16347
56 11 0.5 0.692474 1 0.723607 1.19247
56 12 0.388818 0.736802 0 1 1.12562
56 13 0.419906 0.734061 0.276393 1 1.15397
56 14 0.469478 0.731938 0.723607 1 1.20142
56 15 0.5 0.731482 1 1 1.23148
57 0 0.28485 0.628098 0 0 0.912947
57 1 0.31902 0.614992 0.276393 0 0.934011
57 2 0.368835 0.601257 0.723607 0 0.970092
57 3 0.398278 0.595091 1 0 0.993368
57 4 0.281004 0.662354 0 0.276393 0.943358
57 5 0.31525 0.651955 0.276393 0.276393 0.967205
57 6 0.366217 0.640744 0.723607 0.276393 1.00696
57 7 0.396237 0.635015 1 0.276393 1.03125
57 8 0.274515 0.717893 0 0.723607 0.992408
57 9 0.308696 0.710679 0.276393 0.723607 1.01937
57 10 0.360838 0.70292 0.723607 0.723607 1.06376
57 11 0.391822 0.698602 1 0.723607 1.09042
57 12 0.270739 0.7523 0 1 1.02304
57 13 0.304694 0.746602 0.276393 1 1.0513
57 14 0.357206 0.740427 0.723607 1 1.09763
57 15 0.388818 0.736802 1 1 1.12562
58 0 0.388818 0.736802 0 0 1.12562
58 1 0.419906 0.734061 0.276393 0 1.15397
58 2 0.469478 0.731938 0.723607 0 1.20142
58 3 0.5 0.731482 1 0 1.23148
58 4 0.387788 0.774139 0 0.276393 1.16193
58 5 0.419125 0.771913 0.276393 0.276393 1.19104
58 6 0.469193 0.770131 0.723607 0.276393 1.23932
58 7 0.5 0.769661 1 0.276393 1.26966
58 8 0.38533 0.833924 0 0.723607 1.21925
58 9 0.417272 0.832286 0.276393 0.723607 1.24956
58 10 0.468488 0.83095 0.723607 0.723607 1.29944
58 11 0.5 0.830555 1 0.723607 1.33055
58 12 0.383792 0.870319 0 1 1.25411
58 13 0.416142 0.868955 0.276393 1 1.2851
58 14 0.468056 0.867845 0.723607 1 1.3359
58 15 0.5 0.867534 1 1 1.36753
59 0 0.383792 0.870319 0 0 1.25411
59 1 0.416142 0.868955 0.276393 0 1.2851
59 2 0.468056 0.867845 0.723607 0 1.3359
59 3 0.5 0.867534 1 0 1.36753
59 4 0.383387 0.90634 0 0.276393 1.28973
59 5 0.415882 0.9053 0.276393 0.276393 1.32118
59 6 0.46797 0.904457 0.723607 0.276393 1.37243
59 7 0.5 0.904242 1 0.276393 1.40424
59 8 0.382977 0.964292 0 0.723607 1.34727
59 9 0.415617 0.963862 0.276393 0.723607 1.37948
59 10 0.467869 0.963529 0.723607 0.723607 1.4314
59 11 0.5 0.963465 1 0.723607 1.46347
59 12 0.382906 1 0 1 1.38291
59 13 0.415576 1 0.276393 1 1.41558
59 14 0.467843 1 0.723607 1 1.46784
59 15 0.5 1 1 1 1.5
60 0 0.263442 0.876028 0 0 1.13947
60 1 0.297389 0.874153 0.276393 0 1.17154
60 2 0.351098 0.872024 0.723607 0 1.22312
60 3 0.383792 0.870319 1 0 1.25411
60 4 0.262397 0.910281 0 0.276393 1.17268
60 5 0.296412 0.909058 0.276393 0.276393 1.20547
60 6 0.350479 0.90761 0.723607 0.276393 1.25809
60 7 0.383387 0.90634 1 0.276393 1.28973
60 8 0.261542 0.965706 0 0.723607 1.22725
60 9 0.295565 0.965281 0.276393 0.723607 1.26085
60 10 0.349882 0.964771 0.723607 0.723607 1.31465
60 11 0.382977 0.964292 1 0.723607 1.34727
60 12 0.261505 1 0 1 1.26151
60 13 0.295483 1 0.276393 1 1.29548
60 14 0.349778 1 0.723607 1 1.34978
60 15 0.382906 1 1 1 1.38291
61 0 0.138866 0.769051 0 0 0.907917
61 1 0.176324 0.766695 0.276393 0 0.94302
61 2 0.235575 0.757205 0.723607 0 0.99278
61 3 0.270739 0.7523 1 0 1.02304
61 4 0.137222 0.800414 0 0.276393 0.937636
61 5 0.17476 0.798471 0.276393 0.276393 0.973231
61 6 0.233885 0.7904 0.723607 0.276393 1.02429
61 7 0.269 0.786446 1 0.276393 1.05545
61 8 0.134928 0.851307 0 0.723607 0.986235
61 9 0.171986 0.850056 0.276393 0.723607 1.02204
61 10 0.230602 0.84431 0.723607 0.723607 1.07491
61 11 0.265495 0.841772 1 0.723607 1.10727
61 12 0.133983 0.883343 0 1 1.01733
61 13 0.170474 0.882228 0.276393 1 1.0527
61 14 0.228669 0.877737 0.723607 1 1.10641
61 15 0.263442 0.876028 1 1 1.13947
62 0 0.133983 0.883343 0 0 1.01733
62 1 0.170474 0.882228 0.276393 0 1.0527
62 2 0.228669 0.877737 0.723607 0 1.10641
62 3 0.263442 0.876028 1 0 1.13947
62 4 0.133798 0.915641 0 0.276393 1.04944
62 5 0.170227 0.91459 0.276393 0.276393 1.08482
62 6 0.227826 0.911284 0.723607 0.276393 1.13911
62 7 0.262397 0.910281 1 0.276393 1.17268
62 8 0.13387 0.967734 0 0.723607 1.1016
62 9 0.170138 0.967295 0.276393 0.723607 1.13743
62 10 0.227177 0.966027 0.723607 0.723607 1.1932
62 11 0.261542 0.965706 1 0.723607 1.22725
62 12 0.134106 1 0 1 1.13411
62 13 0.17025 1 0.276393 1 1.17025
62 14 0.227191 1 0.723607 1 1.22719
62 15 0.261505 1 1 1 1.26151
63 0 0 0.885818 0 0 0.885818
63 1 0.0369838 0.88485 0.276393 0 0.921834
63 2 0.097091 0.885414 0.723607 0 0.982506
63 3 0.133983 0.883343 1 0 1.01733
63 4 0 0.917449 0 0.276393 0.917449
63 5 0.0370213 0.916709 0.276393 0.276393 0.953731
63 6 0.0969134 0.917116 0.723607 0.276393 1.01403
63 7 0.133798 0.915641 1 0.276393 1.04944
63 8 0 0.968428 0 0.723607 0.968428
63 9 0.0370332 0.96825 0.276393 0.723607 1.00528
63 10 0.0969852 0.968412 0.723607 0.723607 1.0654
63 11 0.13387 0.967734 1 0.723607 1.1016
63 12 0 1 0 1 1
63 13 0.0370068 1 0.276393 1 1.03701
63 14 0.0972346 1 0.723607 1 1.09723
63 15 0.134106 1 1 1 1.13411
