Options used:
   --mesh square.mesh
   --order 3
   --refine-serial 2
   --refine-parallel 0
   --jitter 0
   --metric-id 7
   --target-id 5
   --limit-const 0
   --quad-type 2
   --quad_order 4
   --solver_type 0
   --newton-iters 200
   --newton-rel-tolerance 1e-12
   --lin-solver 2
   --lin-iter 100
   --move-boundary
   --no-combo-met
   --visualization
   --verbosity-level 2
Mesh curvature: H1_2D_P1
Quadrature points per cell: 9
Initial strain energy: 3.11634
Minimum det(J) of the original mesh is 0.00390625
RelaxedNewtonSolver is used (as all det(J) > 0).
Newton iteration  0 : ||r|| = 1.52701
MINRES: iteration   0: ||r||_B = 0.101381 ...
MINRES: iteration 100: ||r||_B = 0.000206759
MINRES: No convergence!
Scale = 1 Increasing energy.
Scale = 0.5 Norm increased.
Energy decrease: 14.3372% with 0.25 scaling. 2.66955
Remap with dt = 1.05544 took 1 steps.
Newton iteration  1 : ||r|| = 1.198, ||r||/||r_0|| = 0.784538
MINRES: iteration   0: ||r||_B = 0.0824501 ...
MINRES: iteration 100: ||r||_B = 0.000107728
MINRES: No convergence!
Scale = 1 Increasing energy.
Energy decrease: 13.8908% with 0.5 scaling. 2.15538
Remap with dt = 0.503319 took 2 steps.
Newton iteration  2 : ||r|| = 0.961759, ||r||/||r_0|| = 0.62983
MINRES: iteration   0: ||r||_B = 0.0691755 ...
MINRES: iteration 100: ||r||_B = 6.4873e-05
MINRES: No convergence!
Scale = 1 Norm increased.
Energy decrease: 5.22537% with 0.5 scaling. 1.80151
Remap with dt = 0.398733 took 3 steps.
Newton iteration  3 : ||r|| = 0.592649, ||r||/||r_0|| = 0.38811
MINRES: iteration   0: ||r||_B = 0.0416317 ...
MINRES: iteration 100: ||r||_B = 7.01866e-05
MINRES: No convergence!
Scale = 1 Increasing energy.
Energy decrease: 0.959441% with 0.5 scaling. 1.65285
Remap with dt = 0.358358 took 3 steps.
Newton iteration  4 : ||r|| = 0.398274, ||r||/||r_0|| = 0.260819
MINRES: iteration   0: ||r||_B = 0.0275523 ...
MINRES: iteration 100: ||r||_B = 4.93681e-05
MINRES: No convergence!
Scale = 1 Increasing energy.
Scale = 0.5 Increasing energy.
Scale = 0.25 Increasing energy.
Energy decrease: 0.028524% with 0.125 scaling. 1.57552
Remap with dt = 0.35297 took 3 steps.
Newton iteration  5 : ||r|| = 0.367714, ||r||/||r_0|| = 0.240806
MINRES: iteration   0: ||r||_B = 0.0253915 ...
MINRES: iteration 100: ||r||_B = 3.23204e-05
MINRES: No convergence!
Scale = 1 Increasing energy.
Scale = 0.5 Increasing energy.
Scale = 0.25 Increasing energy.
Scale = 0.125 Increasing energy.
Scale = 0.0625 Increasing energy.
Energy decrease: 0.000774945% with 0.03125 scaling. 1.56363
Remap with dt = 0.351737 took 3 steps.
Newton iteration  6 : ||r|| = 0.360732, ||r||/||r_0|| = 0.236234
MINRES: iteration   0: ||r||_B = 0.0248992 ...
MINRES: iteration 100: ||r||_B = 3.04868e-05
MINRES: No convergence!
Scale = 1 Increasing energy.
Scale = 0.5 Increasing energy.
Scale = 0.25 Increasing energy.
Scale = 0.125 Increasing energy.
Scale = 0.0625 Increasing energy.
Scale = 0.03125 Increasing energy.
Scale = 0.015625 Increasing energy.
Scale = 0.0078125 Increasing energy.
Scale = 0.00390625 Increasing energy.
Scale = 0.00195312 Increasing energy.
Scale = 0.000976562 Increasing energy.
Scale = 0.000488281 Increasing energy.
Scale = 0.000244141 Increasing energy.
Scale = 0.00012207 Increasing energy.
Scale = 6.10352e-05 Increasing energy.
Scale = 3.05176e-05 Increasing energy.
Scale = 1.52588e-05 Increasing energy.
Scale = 7.62939e-06 Increasing energy.
Scale = 3.8147e-06 Increasing energy.
Scale = 1.90735e-06 Increasing energy.
Energy decrease: -4.23281e-09% with 9.53674e-07 scaling. 1.56092
NewtonIteration: rtol = 1e-12 not achieved.
time taken (sec): 0.766862
Final strain energy : 1.56092
The strain energy decreased by: 49.9117090986 %.
