2.74181
2.25347
1.9254
1.75696
1.61737
1.59707
1.59914
1.60032
1.60538
1.60855
1.61148
1.61113
1.61081
1.61022
1.61047
1.61139
1.61312
1.61309
1.61248
1.61194
1.61099
1.61055
1.61038
1.61141
1.6106
1.61154
1.61127
1.61212
1.61336
1.6133
1.61149
1.61262
1.61015
1.61253
1.60997
1.61265
1.6113
1.61227
1.61031
1.61164
1.60969
1.61018
1.60922
1.61342
1.61213
1.61561
1.61127
1.61586
1.60977
1.61462
1.61066
1.62544
1.61332
1.61066
1.61774
1.61354
1.61515
1.61352
1.61172
1.61006
1.61127
1.6106
1.61277
1.61169
1.61768
1.61216
1.61314
1.61747
1.61472
1.61112
1.61131
1.61057
1.61213
1.61159
1.61323
1.61165
1.61457
1.61622
1.61322
1.61835
1.61521
1.61
1.61582
1.61101
1.61153
1.61073
1.61192
1.61033
1.61148
1.61075
1.61132
1.61032
1.61188
1.61227
1.61644
1.61124
1.61241
1.61352
1.61111
1.6176
1.61172
1.61552
1.61329
1.61177
1.61448
1.61298
1.61734
1.61362
1.61493
1.6121
1.61688
1.61248
1.61138
1.61086
1.61146
1.61032
1.61437
1.61273
1.6128
1.61183
1.61149
1.61063
1.61015
1.61187
1.61286
1.61366
1.61181
1.61274
1.61036
1.61196
1.61224
1.6175
1.61275
1.61518
1.61974
1.61825
1.61856
1.6146
1.61489
1.61557
1.61414
1.6103
1.61146
1.60967
1.61244
1.61086
1.61096
1.60895
1.61309
1.61214
1.61501
1.61132
1.61492
1.60959
1.61426
1.61158
1.61079
1.61108
1.61115
1.61396
1.61451
1.61473
1.61544
1.61222
1.61315
1.61255
1.61215
1.61048
1.61205
1.61067
1.61278
1.6109
1.61141
1.6097
1.61258
1.6118
1.61317
1.61237
1.61443
1.61279
1.6168
1.61278
1.62271
1.61754
1.61131
1.61179
1.61092
1.61258
1.61208
1.61235
1.61099
1.61164
1.61206
1.6124
1.61432
1.61118
1.61226
1.61156
1.61372
1.61281
