169.717
167.534
167.177
166.459
165.4
163.542
163.218
162.599
161.497
159.555
159.218
158.567
157.377
155.329
152.204
151.674
150.777
149.147
148.782
148.289
147.214
147.02
146.66
145.975
144.747
144.525
144.097
143.293
141.904
141.568
141.145
141.045
140.867
140.52
139.862
139.734
139.495
139.029
138.179
136.74
136.438
135.975
135.848
135.684
135.333
134.718
134.602
134.377
133.949
133.867
133.768
133.39
132.876
132.744
132.56
132.518
132.441
132.289
132
131.942
131.835
131.623
131.233
131.152
131.017
130.744
130.673
130.585
130.376
130.333
130.263
130.118
129.858
129.803
129.711
129.525
129.478
129.416
129.273
129.244
129.196
129.095
128.912
128.876
128.809
128.678
128.648
128.603
128.503
128.483
128.448
128.376
128.245
128.215
128.169
128.073
128.051
128.019
127.947
127.93
127.914
127.851
127.841
127.822
127.783
127.709
127.695
127.667
127.613
127.601
127.581
127.54
127.531
127.516
127.485
127.427
127.415
127.394
127.389
127.38
127.363
127.33
127.323
127.311
127.285
127.237
127.226
127.209
127.205
127.198
127.184
127.156
127.151
127.14
127.119
127.079
127.069
127.056
127.052
127.046
127.035
127.012
127.007
126.998
126.981
126.948
126.939
126.928
126.925
126.92
126.914
126.89
126.857
126.849
126.836
126.809
126.804
126.794
126.775
126.77
126.763
126.748
126.744
126.739
126.727
126.725
126.721
126.712
126.696
126.693
126.687
126.675
126.672
126.668
126.658
126.656
126.653
126.646
126.632
126.629
126.624
126.623
126.621
126.617
126.609
126.607
126.604
126.598
126.597
126.594
126.59
126.58
126.578
126.575
126.568
126.566
126.564
126.558
126.548
126.546
126.543
126.533
126.532
126.529
126.523
126.522
126.519
126.515
126.514
126.512
126.509
126.502
126.489
126.486
126.481
126.48
126.478
126.475
126.474
126.472
126.469
126.464
126.453
126.451
126.45
126.45
126.448
126.445
126.444
126.443
126.44
126.436
126.435
126.433
126.429
126.428
126.427
126.424
126.424
126.422
126.42
126.416
126.415
126.414
126.413
126.413
126.411
126.409
126.408
126.407
126.406
126.401
126.401
126.399
126.399
126.398
126.397
126.395
126.394
126.394
126.392
126.391
126.391
126.389
126.387
126.386
126.385
126.383
126.383
126.382
126.38
126.377
126.377
126.376
126.375
126.375
126.374
126.372
126.372
126.371
126.37
126.369
126.369
126.368
126.366
126.361
126.361
126.359
126.359
126.358
126.357
126.357
126.356
126.355
126.353
126.35
126.349
126.348
126.348
126.347
126.346
126.346
126.346
126.345
126.343
126.343
126.342
126.341
126.341
126.34
126.339
126.339
126.339
126.338
126.337
126.336
126.336
126.335
126.334
126.334
126.333
126.333
126.333
126.332
126.331
126.33
126.33
126.329
126.329
126.328
126.328
126.327
126.327
126.327
126.325
126.325
126.325
126.324
126.324
126.323
126.323
126.322
126.322
126.322
126.321
126.32
126.32
126.32
126.32
126.319
126.319
126.319
126.319
126.318
126.317
126.315
126.315
126.315
126.315
126.314
126.314
126.314
126.314
126.313
126.313
126.313
126.313
126.312
126.312
126.312
126.311
126.311
126.311
126.31
126.31
126.309
126.309
126.309
126.309
126.309
126.308
126.308
126.308
126.308
126.308
126.307
126.307
126.307
126.305
126.305
126.305
126.305
126.305
126.304
126.304
126.304
126.304
126.303
126.302
126.302
126.302
126.302
126.302
126.302
126.302
126.302
126.301
126.301
126.301
126.301
126.3
126.3
126.3
126.3
126.3
126.3
126.299
126.299
126.299
126.299
126.298
126.298
126.298
126.298
126.298
126.298
126.298
126.297
126.297
126.297
126.297
126.297
126.297
126.296
126.296
126.296
126.296
126.296
126.296
126.296
126.296
126.295
126.295
126.295
126.295
126.295
126.295
126.295
126.294
126.294
126.294
126.294
126.294
126.294
126.294
126.294
126.294
126.293
126.293
126.293
126.293
126.293
126.293
126.293
126.293
126.293
126.293
126.292
126.292
126.292
126.292
126.292
126.292
126.292
126.292
126.292
126.292
126.292
126.292
126.292
126.291
126.291
126.291
126.291
126.291
126.291
126.29
126.29
126.29
126.29
126.29
126.29
126.289
126.289
126.289
126.289
126.289
126.289
126.289
126.289
126.289
126.289
126.289
126.288
126.288
126.288
126.288
126.288
126.288
126.288
126.288
126.288
126.288
126.288
126.288
126.288
126.288
126.288
126.288
126.288
126.287
126.287
126.287
126.287
126.287
126.287
126.287
126.287
126.287
126.287
126.287
126.287
126.287
126.287
126.287
126.287
126.287
126.287
126.287
126.286
126.286
126.286
126.286
126.286
126.286
126.286
126.286
126.286
126.286
126.286
126.286
126.286
126.286
126.286
126.286
126.286
126.286
126.286
126.286
126.286
126.286
126.286
126.286
126.285
126.285
126.285
126.285
126.285
126.285
126.285
126.285
126.285
126.285
126.285
126.285
126.285
126.285
126.285
126.285
126.285
126.285
126.285
126.285
126.285
126.285
126.284
126.284
126.284
126.284
126.284
126.284
126.284
126.284
126.284
126.284
126.284
126.284
126.284
126.284
126.284
126.284
126.284
126.284
126.284
126.284
126.284
126.284
126.284
126.284
126.284
126.284
126.284
126.284
126.283
126.283
126.283
126.283
126.283
126.283
126.283
126.283
126.283
126.283
126.283
126.283
126.283
126.283
126.283
126.283
126.283
126.283
126.283
126.283
126.283
126.283
126.283
126.283
126.283
126.283
126.283
126.283
126.283
126.283
126.283
126.283
126.283
126.283
126.283
126.283
126.283
126.283
126.283
126.283
126.283
126.283
126.283
126.283
126.283
126.283
126.283
126.283
126.283
126.283
126.283
126.283
126.282
126.282
126.282
126.282
126.282
126.282
126.282
126.282
126.282
126.282
126.282
126.282
126.282
126.282
126.282
126.282
126.282
126.282
126.282
126.282
126.282
126.282
126.282
126.282
126.282
126.282
126.282
126.282
126.282
126.282
126.282
126.282
126.282
126.282
126.282
126.282
126.282
126.282
126.282
126.282
126.282
126.282
126.282
126.282
126.282
126.282
126.282
126.282
126.282
126.282
126.282
126.282
126.282
126.282
126.282
126.282
126.282
126.282
126.282
126.282
126.282
126.282
126.282
126.282
126.282
126.282
126.281
126.281
126.281
126.281
126.281
126.281
126.281
126.281
126.281
126.281
126.281
126.281
126.281
126.281
126.281
126.281
126.281
126.281
126.281
126.281
126.281
126.281
126.281
126.281
126.281
126.281
126.281
126.281
126.281
126.281
126.281
126.281
126.281
126.281
126.281
126.281
126.281
126.281
126.281
126.281
126.281
126.281
126.281
126.281
126.281
126.281
126.281
126.281
126.281
126.281
126.281
126.281
126.281
126.281
126.281
126.281
126.281
126.281
126.281
126.281
126.281
126.281
126.281
126.281
126.281
126.281
126.281
126.281
126.281
126.281
126.281
126.281
126.281
126.281
126.281
126.281
126.281
126.281
126.281
126.281
126.281
126.281
126.281
126.281
126.281
126.281
126.281
126.281
126.281
126.281
126.281
126.281
126.281
126.281
126.281
126.281
126.281
126.281
126.281
126.281
126.281
126.281
126.281
126.281
126.281
126.281
126.281
126.281
126.281
126.281
126.281
126.281
126.281
126.281
126.281
126.281
126.281
126.281
126.281
126.281
126.281
126.281
126.281
126.281
126.281
126.281
126.281
126.281
126.281
126.281
126.281
126.281
126.281
126.281
126.281
126.281
126.281
126.28
126.28
126.28
126.28
126.28
126.28
126.28
126.28
126.28
126.28
126.28
126.28
126.28
126.28
126.28
126.28
126.28
126.28
126.28
126.28
126.28
126.28
126.28
126.28
126.28
126.28
126.28
126.28
126.28
126.28
126.28
126.28
126.28
126.28
126.28
126.28
126.28
126.28
126.28
126.28
126.28
126.28
126.28
126.28
126.28
126.28
126.28
126.28
126.28
126.28
126.28
126.28
126.28
126.28
126.28
126.28
126.28
126.28
126.28
126.28
126.28
126.28
126.28
126.28
126.28
126.28
126.28
126.28
126.28
126.28
126.28
126.28
126.28
126.28
126.28
126.28
126.28
126.28
126.28
126.28
126.28
126.28
126.28
126.28
126.28
126.28
126.28
126.28
126.28
126.28
126.28
126.28
126.28
126.28
126.28
126.28
126.28
126.28
126.28
126.28
126.28
126.28
126.28
126.28
126.28
126.28
126.28
126.28
126.28
126.28
126.28
126.28
126.28
126.28
126.28
126.28
126.28
126.28
126.28
126.28
126.28
126.28
126.28
126.28
126.28
126.28
126.28
126.28
126.28
126.28
126.28
126.28
126.28
126.28
126.28
126.28
126.28
126.28
126.28
126.28
126.28
126.28
126.28
126.28
126.28
126.28
126.28
126.28
126.28
126.28
126.28
126.28
126.28
126.28
126.28
126.28
126.28
126.28
126.28
126.28
126.28
126.28
126.28
126.28
126.28
126.28
126.28
126.28
126.28
126.28
126.28
126.28
126.28
126.28
126.28
126.28
126.28
126.28
126.28
126.28
126.28
126.28
126.28
126.28
126.28
126.28
126.28
126.28
126.28
126.28
126.28
126.28
126.28
126.28
126.28
126.28
126.28
126.28
126.28
126.28
126.28
126.28
126.28
126.28
126.28
126.28
126.28
126.28
126.28
126.28
126.28
126.28
126.28
126.28
126.28
126.28
126.28
126.28
126.28
126.28
126.28
126.28
126.28
126.28
126.28
126.28
126.28
126.28
126.28
126.28
126.28
126.28
126.28
126.28
126.28
126.28
126.28
126.28
126.28
126.28
126.28
126.28
126.28
126.28
126.28
126.28
126.28
126.28
126.28
126.28
126.28
126.28
126.28
126.28
126.28
126.28
126.28
126.28
126.28
126.28
126.28
126.28
126.28
126.28
126.28
126.28
126.28
126.28
126.28
126.28
126.28
126.28
126.28
126.28
126.28
126.28
126.28
126.28
126.28
126.28
126.28
126.28
126.28
126.28
126.28
126.28
126.28
126.28
126.28
126.28
126.28
126.28
126.28
126.28
126.28
126.28
126.28
126.28
126.28
126.28
126.28
126.28
126.28
126.28
126.28
126.28
126.28
126.28
126.28
126.28
126.28
126.28
126.28
126.28
126.28
126.28
126.28
126.28
126.28
126.28
126.28
126.28
126.28
126.28
126.28
126.28
126.28
126.28
126.28
126.28
126.28
126.28
126.28
126.28
126.28
126.28
126.28
126.28
126.28
126.28
126.28
126.28
126.28
126.28
126.28
126.28
126.28
126.28
126.28
126.28
126.28
126.28
126.28
126.28
126.28
126.28
126.28
126.28
126.28
126.28
126.28
126.28
126.28
126.28
126.28
126.28
126.28
126.28
126.28
126.28
126.28
126.28
126.28
126.28
126.28
126.28
126.28
126.28
126.28
126.28
126.28
126.28
126.28
126.28
126.28
126.28
126.28
126.28
126.28
126.28
126.28
126.28
126.28
126.28
126.28
126.28
126.28
126.28
126.28
126.28
126.28
126.28
126.28
126.28
126.28
126.28
126.28
126.28
126.28
126.28
126.28
126.28
126.28
126.28
126.28
126.28
126.28
126.28
126.28
126.28
126.28
126.28
126.28
126.28
126.28
126.28
126.28
126.28
126.28
126.28
126.28
126.28
126.28
126.28
126.28
126.28
126.28
126.28
126.28
126.28
126.28
126.28
126.28
126.28
126.28
126.28
126.28
126.28
126.28
126.28
126.28
126.28
126.28
126.28
126.28
126.28
126.28
126.28
126.28
126.28
126.28
126.28
126.28
126.28
126.28
126.28
126.28
126.28
126.28
126.28
126.28
126.28
126.28
126.28
126.28
126.28
126.28
126.28
126.28
126.28
126.28
126.28
126.28
126.28
126.28
126.28
126.28
126.28
126.28
126.28
126.28
126.28
126.28
126.28
126.28
126.28
126.28
126.28
126.28
126.28
126.28
126.28
126.28
126.28
126.28
126.28
126.28
126.28
126.28
126.28
126.28
126.28
126.28
126.28
126.28
126.28
126.28
126.28
126.28
126.28
126.28
126.28
126.28
126.28
126.28
126.28
126.28
126.28
126.28
126.28
126.28
126.28
126.28
126.28
126.28
126.28
126.28
126.28
126.28
126.28
126.28
126.28
126.28
126.28
126.28
126.28
126.28
126.28
126.28
126.28
126.28
126.28
126.28
126.28
126.28
126.28
126.28
126.28
126.28
126.28
126.28
126.28
126.28
126.28
126.28
126.28
126.28
126.28
126.28
126.28
126.28
126.28
126.28
126.28
126.28
126.28
126.28
126.28
126.28
126.28
126.28
126.28
126.28
126.28
126.28
126.28
126.28
126.28
126.28
126.28
126.28
126.28
126.28
126.28
126.28
126.28
126.28
126.28
126.28
126.28
126.28
126.28
126.28
126.28
126.28
126.28
126.28
126.28
126.28
126.28
126.28
126.28
126.28
126.28
126.28
126.28
126.28
126.28
126.28
126.28
126.28
126.28
126.28
126.28
126.28
126.28
126.28
126.28
126.28
126.28
126.28
126.28
126.28
126.28
126.28
126.28
126.28
126.28
126.28
126.28
126.28
126.28
126.28
126.28
126.28
126.28
126.28
126.28
126.28
126.28
126.28
126.28
126.28
126.28
126.28
126.28
126.28
126.28
126.28
126.28
126.28
126.28
126.28
126.28
126.28
126.28
126.28
126.28
126.28
126.28
126.28
126.28
126.28
126.28
126.28
126.28
126.28
126.28
126.28
126.28
126.28
126.28
126.28
126.28
126.28
126.28
126.28
126.28
126.28
126.28
126.28
126.28
126.28
126.28
126.28
126.28
126.28
126.28
126.28
126.28
126.28
126.28
126.28
126.28
126.28
126.28
126.28
126.28
126.28
126.28
126.28
126.28
126.28
126.28
126.28
126.28
126.28
126.28
126.28
126.28
126.28
126.28
126.28
126.28
126.28
126.28
126.28
126.28
126.28
126.28
126.28
126.28
126.28
126.28
126.28
126.28
126.28
126.28
126.28
126.28
126.28
126.28
126.28
126.28
126.28
126.28
126.28
126.28
126.28
126.28
126.28
126.28
126.28
126.28
126.28
126.28
126.28
126.28
126.28
126.28
126.28
126.28
126.28
126.28
126.28
126.28
126.28
126.28
126.28
126.28
126.28
126.28
126.28
126.28
126.28
126.28
126.28
126.28
126.28
126.28
126.28
126.28
126.28
126.28
126.28
126.28
126.28
126.28
126.28
126.28
126.28
126.28
126.28
126.28
126.28
126.28
126.28
126.28
126.28
126.28
126.28
126.28
126.28
126.28
126.28
126.28
126.28
126.28
126.28
126.28
126.28
126.28
126.28
126.28
126.28
126.28
126.28
126.28
126.28
126.28
126.28
126.28
126.28
126.28
126.28
126.28
126.28
126.28
126.28
126.28
126.28
126.28
126.28
126.28
126.28
126.28
126.28
126.28
126.28
126.28
126.28
126.28
126.28
126.28
126.28
126.28
126.28
126.28
126.28
126.28
126.28
126.28
126.28
126.28
126.28
126.28
126.28
126.28
126.28
126.28
126.28
126.28
126.28
126.28
126.28
126.28
126.28
126.28
126.28
126.28
126.28
126.28
126.28
126.28
126.28
126.28
126.28
126.28
126.28
126.28
126.28
126.28
126.28
126.28
126.28
126.28
126.28
126.28
126.28
126.28
126.28
126.28
126.28
126.28
126.28
126.28
126.28
126.28
126.28
126.28
126.28
126.28
126.28
126.28
126.28
126.28
126.28
126.28
126.28
126.28
126.28
126.28
126.28
126.28
126.28
126.28
126.28
126.28
126.28
126.28
126.28
126.28
126.28
126.28
126.28
126.28
126.28
126.28
126.28
126.28
126.28
126.28
126.28
126.28
126.28
126.28
126.28
126.28
126.28
126.28
126.28
126.28
126.28
126.28
126.28
126.28
126.28
126.28
126.28
126.28
126.28
126.28
126.28
126.28
126.28
126.28
126.28
126.28
126.28
126.28
126.28
126.28
126.28
126.28
126.28
126.28
126.28
126.28
126.28
126.28
126.28
126.28
126.28
126.28
126.28
126.28
126.28
126.28
126.28
126.28
126.28
126.28
126.28
126.28
126.28
126.28
126.28
126.28
126.28
126.28
126.28
126.28
126.28
126.28
126.28
126.28
126.28
126.28
126.28
126.28
126.28
126.28
126.28
126.28
126.28
126.28
126.28
126.28
126.28
126.28
126.28
126.28
126.28
126.28
126.28
126.28
126.28
126.28
126.28
126.28
126.28
126.28
126.28
126.28
126.28
126.28
126.28
126.28
126.28
126.28
126.28
126.28
126.28
126.28
126.28
126.28
126.28
126.28
126.28
126.28
126.28
126.28
126.28
126.28
126.28
126.28
126.28
126.28
126.28
126.28
126.28
126.28
126.28
126.28
126.28
126.28
126.28
126.28
126.28
126.28
126.28
126.28
126.28
126.28
126.28
126.28
126.28
126.28
126.28
126.28
126.28
126.28
126.28
126.28
126.28
126.28
126.28
126.28
126.28
126.28
126.28
126.28
126.28
126.28
126.28
126.28
126.28
126.28
126.28
126.28
126.28
126.28
126.28
126.28
126.28
126.28
126.28
126.28
126.28
126.28
126.28
126.28
126.28
126.28
126.28
126.28
126.28
126.28
126.28
126.28
126.28
126.28
126.28
126.28
126.28
126.28
126.28
126.28
126.28
126.28
126.28
126.28
126.28
126.28
126.28
126.28
126.28
126.28
126.28
126.28
126.28
126.28
126.28
126.28
126.28
126.28
126.28
126.28
126.28
126.28
126.28
126.28
126.28
126.28
126.28
126.28
126.28
126.28
126.28
126.28
126.28
126.28
126.28
126.28
126.28
126.28
126.28
126.28
126.28
126.28
126.28
126.28
126.28
126.28
126.28
126.28
126.28
126.28
126.28
126.28
126.28
126.28
126.28
126.28
126.28
126.28
126.28
126.28
126.28
126.28
126.28
126.28
126.28
126.28
126.28
126.28
126.28
126.28
126.28
126.28
126.28
126.28
126.28
126.28
126.28
126.28
126.28
126.28
126.28
126.28
126.28
126.28
126.28
126.28
126.28
126.28
126.28
126.28
126.28
126.28
126.28
126.28
126.28
126.28
126.28
126.28
126.28
126.28
126.28
126.28
126.28
126.28
126.28
126.28
126.28
126.28
126.28
126.28
126.28
126.28
126.28
126.28
126.28
126.28
126.28
126.28
126.28
126.28
126.28
126.28
126.28
126.28
126.28
126.28
126.28
126.28
126.28
126.28
126.28
126.28
126.28
126.28
126.28
126.28
126.28
126.28
126.28
126.28
126.28
126.28
126.28
126.28
126.28
126.28
126.28
126.28
126.28
126.28
126.28
126.28
126.28
126.28
126.28
126.28
126.28
126.28
126.28
126.28
126.28
126.28
126.28
126.28
126.28
126.28
126.28
126.28
126.28
126.28
126.28
126.28
126.28
126.28
126.28
126.28
126.28
126.28
126.28
126.28
126.28
126.28
126.28
126.28
126.28
126.28
126.28
126.28
126.28
126.28
126.28
126.28
126.28
126.28
126.28
126.28
126.28
126.28
126.28
126.28
126.28
126.28
126.28
126.28
126.28
126.28
126.28
126.28
126.28
126.28
126.28
126.28
126.28
126.28
126.28
126.28
126.28
126.28
126.28
126.28
126.28
126.28
126.28
126.28
126.28
126.28
126.28
126.28
126.28
126.28
126.28
126.28
126.28
126.28
126.28
126.28
126.28
126.28
126.28
126.28
126.28
126.28
126.28
126.28
126.28
126.28
126.28
126.28
126.28
126.28
126.28
126.28
126.28
126.28
126.28
126.28
126.28
126.28
126.28
126.28
126.28
126.28
126.28
126.28
126.28
126.28
126.28
126.28
126.28
126.28
126.28
126.28
126.28
126.28
126.28
126.28
126.28
126.28
126.28
126.28
126.28
126.28
126.28
126.28
126.28
126.28
126.28
126.28
126.28
126.28
126.28
126.28
126.28
126.28
126.28
126.28
126.28
126.28
126.28
126.28
126.28
126.28
126.28
126.28
126.28
126.28
126.28
126.28
126.28
126.28
126.28
126.28
126.28
126.28
126.28
126.28
126.28
126.28
126.28
126.28
126.28
126.28
126.28
126.28
126.28
126.28
126.28
126.28
126.28
126.28
126.28
126.28
126.28
126.28
126.28
126.28
126.28
126.28
126.28
126.28
126.28
126.28
126.28
126.28
126.28
126.28
126.28
126.28
126.28
126.28
126.28
126.28
126.28
126.28
126.28
126.28
126.28
126.28
126.28
126.28
126.28
126.28
126.28
126.28
126.28
126.28
126.28
126.28
126.28
126.28
126.28
126.28
126.28
126.28
126.28
126.28
126.28
126.28
126.28
126.28
126.28
126.28
126.28
126.28
126.28
126.28
126.28
126.28
126.28
126.28
126.28
126.28
126.28
126.28
126.28
126.28
126.28
126.28
126.28
126.28
126.28
126.28
126.28
126.28
126.28
126.28
126.28
126.28
126.28
126.28
126.28
126.28
126.28
126.28
126.28
126.28
126.28
126.28
126.28
126.28
126.28
126.28
126.28
126.28
126.28
126.28
126.28
126.28
126.28
126.28
126.28
126.28
126.28
126.28
126.28
126.28
126.28
126.28
126.28
126.28
126.28
126.28
126.28
126.28
126.28
126.28
126.28
126.28
126.28
126.28
126.28
126.28
126.28
126.28
126.28
126.28
126.28
126.28
126.28
126.28
126.28
126.28
126.28
126.28
126.28
126.28
126.28
126.28
126.28
126.28
126.28
126.28
126.28
126.28
126.28
126.28
126.28
126.28
126.28
126.28
126.28
126.28
126.28
126.28
126.28
126.28
126.28
126.28
126.28
126.28
126.28
126.28
126.28
126.28
126.28
126.28
126.28
126.28
126.28
126.28
126.28
126.28
126.28
126.28
126.28
126.28
126.28
126.28
126.28
126.28
126.28
126.28
126.28
126.28
126.28
126.28
126.28
126.28
126.28
126.28
126.28
126.28
126.28
126.28
126.28
126.28
126.28
126.28
126.28
126.28
126.28
126.28
126.28
126.28
126.28
126.28
126.28
126.28
126.28
126.28
126.28
126.28
126.28
126.28
126.28
126.28
126.28
126.28
126.28
126.28
126.28
126.28
126.28
126.28
126.28
126.28
126.28
126.28
126.28
126.28
126.28
126.28
126.28
126.28
126.28
126.28
126.28
126.28
126.28
126.28
126.28
126.28
126.28
126.28
126.28
126.28
126.28
126.28
126.28
126.28
126.28
126.28
126.28
126.28
126.28
126.28
126.28
126.28
126.28
126.28
126.28
126.28
126.28
126.28
126.28
126.28
126.28
126.28
126.28
126.28
126.28
126.28
126.28
126.28
126.28
126.28
126.28
126.28
126.28
126.28
126.28
126.28
126.28
126.28
126.28
126.28
126.28
126.28
126.28
126.28
126.28
126.28
126.28
126.28
126.28
126.28
126.28
126.28
126.28
126.28
126.28
126.28
126.28
126.28
126.28
126.28
126.28
126.28
126.28
126.28
126.28
126.28
126.28
126.28
126.28
126.28
126.28
126.28
126.28
126.28
126.28
126.28
126.28
126.28
126.28
126.28
126.28
126.28
126.28
126.28
126.28
126.28
126.28
126.28
126.28
126.28
126.28
126.28
126.28
126.28
126.28
126.28
126.28
126.28
126.28
126.28
126.28
126.28
126.28
126.28
126.28
126.28
126.28
126.28
126.28
126.28
126.28
126.28
126.28
126.28
126.28
126.28
126.28
126.28
126.28
126.28
126.28
126.28
126.28
126.28
126.28
126.28
126.28
126.28
126.28
126.28
126.28
126.28
126.28
126.28
126.28
126.28
126.28
126.28
126.28
126.28
126.28
126.28
126.28
126.28
126.28
126.28
126.28
126.28
126.28
126.28
126.28
126.28
126.28
126.28
126.28
126.28
126.28
126.28
126.28
126.28
126.28
126.28
126.28
126.28
126.28
126.28
126.28
126.28
126.28
126.28
126.28
126.28
126.28
126.28
126.28
126.28
126.28
126.28
126.28
126.28
126.28
126.28
126.28
126.28
126.28
126.28
126.28
126.28
126.28
126.28
126.28
126.28
126.28
126.28
126.28
126.28
126.28
126.28
126.28
126.28
126.28
126.28
126.28
126.28
126.28
126.28
126.28
126.28
126.28
126.28
126.28
126.28
126.28
126.28
126.28
126.28
126.28
126.28
126.28
126.28
126.28
126.28
126.28
126.28
126.28
126.28
126.28
126.28
126.28
126.28
126.28
126.28
126.28
126.28
126.28
126.28
126.28
126.28
126.28
126.28
126.28
126.28
126.28
126.28
126.28
126.28
126.28
126.28
126.28
126.28
126.28
126.28
126.28
126.28
126.28
126.28
126.28
126.28
126.28
126.28
126.28
126.28
126.28
126.28
126.28
126.28
126.28
126.28
126.28
126.28
126.28
126.28
126.28
126.28
126.28
126.28
126.28
126.28
126.28
126.28
126.28
126.28
126.28
126.28
126.28
126.28
126.28
126.28
126.28
126.28
126.28
126.28
126.28
126.28
126.28
126.28
126.28
126.28
126.28
126.28
126.28
126.28
126.28
126.28
126.28
126.28
126.28
126.28
126.28
126.28
126.28
126.28
126.28
126.28
126.28
126.28
126.28
126.28
126.28
126.28
126.28
126.28
126.28
126.28
126.28
126.28
126.28
126.28
126.28
126.28
126.28
126.28
126.28
126.28
126.28
126.28
126.28
126.28
126.28
126.28
126.28
126.28
126.28
126.28
126.28
126.28
126.28
126.28
126.28
126.28
126.28
126.28
126.28
126.28
126.28
126.28
126.28
126.28
126.28
126.28
126.28
126.28
126.28
126.28
126.28
126.28
126.28
126.28
126.28
126.28
126.28
126.28
126.28
126.28
126.28
126.28
126.28
126.28
126.28
126.28
126.28
126.28
126.28
126.28
126.28
126.28
126.28
126.28
126.28
126.28
126.28
126.28
126.28
126.28
126.28
126.28
126.28
126.28
126.28
126.28
126.28
126.28
126.28
126.28
126.28
126.28
126.28
126.28
126.28
126.28
126.28
126.28
126.28
126.28
126.28
126.28
126.28
126.28
126.28
126.28
126.28
126.28
126.28
126.28
126.28
126.28
126.28
126.28
126.28
126.28
126.28
126.28
126.28
126.28
126.28
126.28
126.28
126.28
126.28
126.28
126.28
126.28
126.28
126.28
126.28
126.28
126.28
126.28
126.28
126.28
126.28
126.28
126.28
126.28
126.28
126.28
126.28
126.28
126.28
126.28
126.28
126.28
126.28
126.28
126.28
126.28
126.28
126.28
126.28
126.28
126.28
126.28
126.28
126.28
126.28
126.28
126.28
126.28
126.28
126.28
126.28
126.28
126.28
126.28
126.28
126.28
126.28
126.28
126.28
126.28
126.28
126.28
126.28
126.28
126.28
126.28
126.28
126.28
126.28
126.28
126.28
126.28
126.28
126.28
126.28
126.28
126.28
126.28
126.28
126.28
126.28
126.28
126.28
126.28
126.28
126.28
126.28
126.28
126.28
126.28
126.28
126.28
126.28
126.28
126.28
126.28
126.28
126.28
126.28
126.28
126.28
126.28
126.28
126.28
126.28
126.28
126.28
126.28
126.28
126.28
126.28
126.28
126.28
126.28
126.28
126.28
126.28
126.28
126.28
126.28
126.28
126.28
126.28
126.28
126.28
126.28
126.28
126.28
126.28
126.28
126.28
126.28
126.28
126.28
126.28
126.28
126.28
126.28
126.28
126.28
126.28
126.28
126.28
126.28
126.28
126.28
126.28
126.28
126.28
126.28
126.28
126.28
126.28
126.28
126.28
126.28
126.28
126.28
126.28
126.28
126.28
126.28
126.28
126.28
126.28
126.28
126.28
126.28
126.28
126.28
126.28
126.28
126.28
126.28
126.28
126.28
126.28
126.28
126.28
126.28
126.28
126.28
126.28
126.28
126.28
126.28
126.28
126.28
126.28
126.28
126.28
126.28
126.28
126.28
126.28
126.28
126.28
126.28
126.28
126.28
126.28
126.28
126.28
126.28
126.28
126.28
126.28
126.28
126.28
126.28
126.28
126.28
126.28
126.28
126.28
126.28
126.28
126.28
126.28
126.28
126.28
126.28
126.28
126.28
126.28
126.28
126.28
126.28
126.28
126.28
126.28
126.28
126.28
126.28
126.28
126.28
126.28
126.28
126.28
126.28
126.28
126.28
126.28
126.28
126.28
126.28
126.28
126.28
126.28
126.28
126.28
126.28
126.28
126.28
126.28
126.28
126.28
126.28
126.28
126.28
126.28
126.28
126.28
126.28
126.28
126.28
126.28
126.28
126.28
126.28
126.28
126.28
126.28
126.28
126.28
126.28
126.28
126.28
126.28
126.28
126.28
126.28
126.28
126.28
126.28
126.28
126.28
126.28
126.28
126.28
126.28
126.28
126.28
126.28
126.28
126.28
126.28
126.28
126.28
126.28
126.28
126.28
126.28
126.28
126.28
126.28
126.28
126.28
126.28
126.28
126.28
126.28
126.28
126.28
126.28
126.28
126.28
126.28
126.28
126.28
126.28
126.28
126.28
126.28
126.28
126.28
126.28
126.28
126.28
126.28
126.28
126.28
126.28
126.28
126.28
126.28
126.28
126.28
126.28
126.28
126.28
126.28
126.28
126.28
126.28
126.28
126.28
126.28
126.28
126.28
126.28
126.28
126.28
126.28
126.28
126.28
126.28
126.28
126.28
126.28
126.28
126.28
126.28
126.28
126.28
126.28
126.28
126.28
126.28
126.28
126.28
126.28
126.28
126.28
126.28
126.28
126.28
126.28
126.28
126.28
126.28
126.28
126.28
126.28
126.28
126.28
126.28
126.28
126.28
126.28
126.28
126.28
126.28
126.28
126.28
126.28
126.28
126.28
126.28
126.28
126.28
126.28
126.28
126.28
126.28
126.28
126.28
126.28
126.28
126.28
126.28
126.28
126.28
126.28
126.28
126.28
126.28
126.28
126.28
126.28
126.28
126.28
126.28
126.28
126.28
126.28
126.28
126.28
126.28
126.28
126.28
126.28
126.28
126.28
126.28
126.28
126.28
126.28
126.28
126.28
126.28
126.28
126.28
126.28
126.28
126.28
126.28
126.28
126.28
126.28
126.28
126.28
126.28
126.28
126.28
126.28
126.28
126.28
126.28
126.28
126.28
126.28
126.28
126.28
126.28
126.28
126.28
126.28
126.28
126.28
126.28
126.28
126.28
126.28
126.28
126.28
126.28
126.28
126.28
126.28
126.28
126.28
126.28
126.28
126.28
126.28
126.28
126.28
126.28
126.28
126.28
126.28
126.28
126.28
126.28
126.28
126.28
126.28
126.28
126.28
126.28
126.28
126.28
126.28
126.28
126.28
126.28
126.28
126.28
126.28
126.28
126.28
126.28
126.28
126.28
126.28
126.28
126.28
126.28
126.28
126.28
126.28
126.28
126.28
126.28
126.28
126.28
126.28
126.28
126.28
126.28
126.28
126.28
126.28
126.28
126.28
126.28
126.28
126.28
126.28
126.28
126.28
126.28
126.28
126.28
126.28
126.28
126.28
126.28
126.28
126.28
126.28
126.28
126.28
126.28
126.28
126.28
126.28
126.28
126.28
126.28
126.28
126.28
126.28
126.28
126.28
126.28
126.28
126.28
126.28
126.28
126.28
126.28
126.28
126.28
126.28
126.28
126.28
126.28
126.28
126.28
126.28
126.28
126.28
126.28
126.28
126.28
126.28
126.28
126.28
126.28
126.28
126.28
126.28
126.28
126.28
126.28
126.28
126.28
126.28
126.28
126.28
126.28
126.28
126.28
126.28
126.28
126.28
126.28
126.28
126.28
126.28
126.28
126.28
126.28
126.28
126.28
126.28
126.28
126.28
126.28
126.28
126.28
126.28
126.28
126.28
126.28
126.28
126.28
126.28
126.28
126.28
126.28
126.28
126.28
126.28
126.28
126.28
126.28
126.28
126.28
126.28
126.28
126.28
126.28
126.28
126.28
126.28
126.28
126.28
126.28
126.28
126.28
126.28
126.28
126.28
126.28
126.28
126.28
126.28
126.28
126.28
126.28
126.28
126.28
126.28
126.28
126.28
126.28
126.28
126.28
126.28
126.28
126.28
126.28
126.28
126.28
126.28
126.28
126.28
126.28
126.28
126.28
126.28
126.28
126.28
126.28
126.28
126.28
126.28
126.28
126.28
126.28
126.28
126.28
126.28
126.28
126.28
126.28
126.28
126.28
126.28
126.28
126.28
126.28
126.28
126.28
126.28
126.28
126.28
126.28
126.28
126.28
126.28
126.28
126.28
126.28
126.28
126.28
126.28
126.28
126.28
126.28
126.28
126.28
126.28
126.28
126.28
126.28
126.28
126.28
126.28
126.28
126.28
126.28
126.28
126.28
126.28
126.28
126.28
126.28
126.28
126.28
126.28
126.28
126.28
126.28
126.28
126.28
126.28
126.28
126.28
126.28
126.28
126.28
126.28
126.28
126.28
126.28
126.28
126.28
126.28
126.28
126.28
126.28
126.28
126.28
126.28
126.28
126.28
126.28
126.28
126.28
126.28
126.28
126.28
126.28
126.28
126.28
126.28
126.28
126.28
126.28
126.28
126.28
126.28
126.28
126.28
126.28
126.28
126.28
126.28
126.28
126.28
126.28
126.28
126.28
126.28
126.28
126.28
126.28
126.28
126.28
126.28
126.28
126.28
126.28
126.28
126.28
126.28
126.28
126.28
126.28
126.28
126.28
126.28
126.28
126.28
126.28
126.28
126.28
126.28
126.28
126.28
126.28
126.28
126.28
126.28
126.28
126.28
126.28
126.28
126.28
126.28
126.28
126.28
126.28
126.28
126.28
126.28
126.28
126.28
126.28
126.28
126.28
126.28
126.28
126.28
126.28
126.28
126.28
126.28
126.28
126.28
126.28
126.28
126.28
126.28
126.28
126.28
126.28
126.28
126.28
126.28
126.28
126.28
126.28
126.28
126.28
126.28
126.28
126.28
126.28
126.28
126.28
126.28
126.28
126.28
126.28
126.28
126.28
126.28
126.28
126.28
126.28
126.28
126.28
126.28
126.28
126.28
126.28
126.28
126.28
126.28
126.28
126.28
126.28
126.28
126.28
126.28
126.28
126.28
126.28
126.28
126.28
126.28
126.28
126.28
126.28
126.28
126.28
126.28
126.28
126.28
126.28
126.28
126.28
126.28
126.28
126.28
126.28
126.28
126.28
126.28
126.28
126.28
126.28
126.28
126.28
126.28
126.28
126.28
126.28
126.28
126.28
126.28
126.28
126.28
126.28
126.28
126.28
126.28
126.28
126.28
126.28
126.28
126.28
126.28
126.28
126.28
126.28
126.28
126.28
126.28
126.28
126.28
126.28
126.28
126.28
126.28
126.28
126.28
126.28
126.28
126.28
126.28
126.28
126.28
126.28
126.28
126.28
126.28
126.28
126.28
126.28
126.28
126.28
126.28
126.28
126.28
126.28
126.28
126.28
126.28
126.28
126.28
126.28
126.28
126.28
126.28
126.28
126.28
126.28
126.28
126.28
126.28
126.28
126.28
126.28
126.28
126.28
126.28
126.28
126.28
126.28
126.28
126.28
126.28
126.28
126.28
126.28
126.28
126.28
126.28
126.28
126.28
126.28
126.28
126.28
126.28
126.28
126.28
126.28
126.28
126.28
126.28
126.28
126.28
126.28
126.28
126.28
126.28
126.28
126.28
126.28
126.28
126.28
126.28
126.28
126.28
126.28
126.28
126.28
126.28
126.28
126.28
126.28
126.28
126.28
126.28
126.28
126.28
126.28
126.28
126.28
126.28
126.28
126.28
126.28
126.28
126.28
126.28
126.28
126.28
126.28
126.28
126.28
126.28
126.28
126.28
126.28
126.28
126.28
126.28
126.28
126.28
126.28
126.28
126.28
126.28
126.28
126.28
126.28
126.28
126.28
126.28
126.28
126.28
126.28
126.28
126.28
126.28
126.28
126.28
126.28
126.28
126.28
126.28
126.28
126.28
126.28
126.28
126.28
126.28
126.28
126.28
126.28
126.28
126.28
126.28
126.28
126.28
126.28
126.28
126.28
126.28
126.28
126.28
126.28
126.28
126.28
126.28
126.28
126.28
126.28
126.28
126.28
126.28
126.28
126.28
126.28
126.28
126.28
126.28
126.28
126.28
126.28
126.28
126.28
126.28
126.28
126.28
126.28
126.28
126.28
126.28
126.28
126.28
126.28
126.28
126.28
126.28
126.28
126.28
126.28
126.28
126.28
126.28
126.28
126.28
126.28
126.28
126.28
126.28
126.28
126.28
126.28
126.28
126.28
126.28
126.28
126.28
126.28
126.28
126.28
126.28
126.28
126.28
126.28
126.28
126.28
126.28
126.28
126.28
126.28
126.28
126.28
126.28
126.28
126.28
126.28
126.28
126.28
126.28
126.28
126.28
126.28
126.28
126.28
126.28
126.28
126.28
126.28
126.28
126.28
126.28
126.28
126.28
126.28
126.28
126.28
126.28
126.28
126.28
126.28
126.28
126.28
126.28
126.28
126.28
126.28
126.28
126.28
126.28
126.28
126.28
126.28
126.28
126.28
126.28
126.28
126.28
126.28
126.28
126.28
126.28
126.28
126.28
126.28
126.28
126.28
126.28
126.28
126.28
126.28
126.28
126.28
126.28
126.28
126.28
126.28
126.28
126.28
126.28
126.28
126.28
126.28
126.28
126.28
126.28
126.28
126.28
126.28
126.28
126.28
126.28
126.28
126.28
126.28
126.28
126.28
126.28
126.28
126.28
126.28
126.28
126.28
126.28
126.28
126.28
126.28
126.28
126.28
126.28
126.28
126.28
126.28
126.28
126.28
126.28
126.28
126.28
126.28
126.28
126.28
126.28
126.28
126.28
126.28
126.28
126.28
126.28
126.28
126.28
126.28
126.28
126.28
126.28
126.28
126.28
126.28
126.28
126.28
126.28
126.28
126.28
126.28
126.28
126.28
126.28
126.28
126.28
126.28
126.28
126.28
126.28
126.28
126.28
126.28
126.28
126.28
126.28
126.28
126.28
126.28
126.28
126.28
126.28
126.28
126.28
126.28
126.28
126.28
126.28
126.28
126.28
126.28
126.28
126.28
126.28
126.28
126.28
126.28
126.28
126.28
126.28
126.28
126.28
126.28
126.28
126.28
126.28
126.28
126.28
126.28
126.28
126.28
126.28
126.28
126.28
126.28
126.28
126.28
126.28
126.28
126.28
126.28
126.28
126.28
126.28
126.28
126.28
126.28
126.28
126.28
126.28
126.28
126.28
126.28
126.28
126.28
126.28
126.28
126.28
126.28
126.28
126.28
126.28
126.28
126.28
126.28
126.28
126.28
126.28
126.28
126.28
126.28
126.28
126.28
126.28
126.28
126.28
126.28
126.28
126.28
126.28
126.28
126.28
126.28
126.28
126.28
126.28
126.28
126.28
126.28
126.28
126.28
126.28
126.28
126.28
126.28
126.28
126.28
126.28
126.28
126.28
126.28
126.28
126.28
126.28
126.28
126.28
126.28
126.28
126.28
126.28
126.28
126.28
126.28
126.28
126.28
126.28
126.28
126.28
126.28
126.28
126.28
126.28
126.28
126.28
126.28
126.28
126.28
126.28
126.28
126.28
126.28
126.28
126.28
126.28
126.28
126.28
126.28
126.28
126.28
126.28
126.28
126.28
126.28
126.28
126.28
126.28
126.28
126.28
126.28
126.28
126.28
126.28
126.28
126.28
126.28
126.28
126.28
126.28
126.28
126.28
126.28
126.28
126.28
126.28
126.28
126.28
126.28
126.28
126.28
126.28
126.28
126.28
126.28
126.28
126.28
126.28
126.28
126.28
126.28
126.28
126.28
126.28
126.28
126.28
126.28
126.28
126.28
126.28
126.28
126.28
126.28
126.28
126.28
126.28
126.28
126.28
126.28
126.28
126.28
126.28
126.28
126.28
126.28
126.28
126.28
126.28
126.28
126.28
126.28
126.28
126.28
126.28
126.28
126.28
126.28
126.28
126.28
126.28
126.28
126.28
126.28
126.28
126.28
126.28
126.28
126.28
126.28
126.28
126.28
126.28
126.28
126.28
126.28
126.28
126.28
126.28
126.28
126.28
126.28
126.28
126.28
126.28
126.28
126.28
126.28
126.28
126.28
126.28
126.28
126.28
126.28
126.28
126.28
126.28
126.28
126.28
126.28
126.28
126.28
126.28
126.28
126.28
126.28
126.28
126.28
126.28
126.28
126.28
126.28
126.28
126.28
126.28
126.28
126.28
126.28
126.28
126.28
126.28
126.28
126.28
126.28
126.28
126.28
126.28
126.28
126.28
126.28
126.28
126.28
126.28
126.28
126.28
126.28
126.28
126.28
126.28
126.28
126.28
126.28
126.28
126.28
126.28
126.28
126.28
126.28
126.28
126.28
126.28
126.28
126.28
126.28
126.28
126.28
126.28
126.28
126.28
126.28
126.28
126.28
126.28
126.28
126.28
126.28
126.28
126.28
126.28
126.28
126.28
126.28
126.28
126.28
126.28
126.28
126.28
126.28
126.28
126.28
126.28
126.28
126.28
126.28
126.28
126.28
126.28
126.28
126.28
126.28
126.28
126.28
126.28
126.28
126.28
126.28
126.28
126.28
126.28
126.28
126.28
126.28
126.28
126.28
126.28
126.28
126.28
126.28
126.28
126.28
126.28
126.28
126.28
126.28
126.28
126.28
126.28
126.28
126.28
126.28
126.28
126.28
126.28
126.28
126.28
126.28
126.28
126.28
126.28
126.28
126.28
126.28
126.28
126.28
126.28
126.28
126.28
126.28
126.28
126.28
126.28
126.28
126.28
126.28
126.28
126.28
126.28
126.28
126.28
126.28
126.28
126.28
126.28
126.28
126.28
126.28
126.28
126.28
126.28
126.28
126.28
126.28
126.28
126.28
126.28
126.28
126.28
126.28
126.28
126.28
126.28
126.28
126.28
126.28
126.28
126.28
126.28
126.28
126.28
126.28
126.28
126.28
126.28
126.28
126.28
126.28
126.28
126.28
126.28
126.28
126.28
126.28
126.28
126.28
126.28
126.28
126.28
126.28
126.28
126.28
126.28
126.28
126.28
126.28
126.28
126.28
126.28
126.28
126.28
126.28
126.28
126.28
126.28
126.28
126.28
126.28
126.28
126.28
126.28
126.28
126.28
126.28
126.28
126.28
126.28
126.28
126.28
126.28
126.28
126.28
126.28
126.28
126.28
126.28
126.28
126.28
126.28
126.28
126.28
126.28
126.28
126.28
126.28
126.28
126.28
126.28
126.28
126.28
126.28
126.28
126.28
126.28
126.28
126.28
126.28
126.28
126.28
126.28
126.28
126.28
126.28
126.28
126.28
126.28
126.28
126.28
126.28
126.28
126.28
126.28
126.28
126.28
126.28
126.28
126.28
126.28
126.28
126.28
126.28
126.28
126.28
126.28
126.28
126.28
126.28
126.28
126.28
126.28
126.28
126.28
126.28
126.28
126.28
126.28
126.28
126.28
126.28
126.28
126.28
126.28
126.28
126.28
126.28
126.28
126.28
126.28
126.28
126.28
126.28
126.28
126.28
126.28
126.28
126.28
126.28
126.28
126.28
