Options used:
   --mesh blade.mesh
   --order 4
   --refine-serial 0
   --refine-parallel 0
   --jitter 0
   --metric-id 2
   --target-id 1
   --limit-const 5000
   --quad-type 1
   --quad_order 8
   --solver_type 0
   --newton-iters 200
   --newton-rel-tolerance 1e-12
   --lin-solver 2
   --lin-iter 100
   --move-boundary
   --no-combo-met
   --visualization
   --verbosity-level 2
Mesh curvature: L2_T4_2D_P4
Quadrature points per cell: 36
Initial strain energy: 170.792
Minimum det(J) of the original mesh is 6.52325e-05
RelaxedNewtonSolver is used (as all det(J) > 0).
Newton iteration  0 : ||r|| = 1164.96
MINRES: iteration   0: ||r||_B = 1.88971 ...
MINRES: iteration 100: ||r||_B = 0.0164278
MINRES: No convergence!
Scale = 1 Neg det(J) found.
Scale = 0.5 Neg det(J) found.
Scale = 0.25 Neg det(J) found.
Energy decrease: 3.93622% with 0.125 scaling. 164.07
Newton iteration  1 : ||r|| = 1029.21, ||r||/||r_0|| = 0.883471
MINRES: iteration   0: ||r||_B = 1.76743 ...
MINRES: iteration 100: ||r||_B = 0.0238851
MINRES: No convergence!
Scale = 1 Neg det(J) found.
Scale = 0.5 Neg det(J) found.
Scale = 0.25 Neg det(J) found.
Scale = 0.125 Neg det(J) found.
Energy decrease: 1.96408% with 0.0625 scaling. 160.847
Newton iteration  2 : ||r|| = 963.713, ||r||/||r_0|| = 0.827251
MINRES: iteration   0: ||r||_B = 1.70085 ...
MINRES: iteration 100: ||r||_B = 0.00968104
MINRES: No convergence!
Scale = 1 Neg det(J) found.
Energy decrease: 11.173% with 0.5 scaling. 142.876
Newton iteration  3 : ||r|| = 597.108, ||r||/||r_0|| = 0.512557
MINRES: iteration   0: ||r||_B = 1.24492 ...
MINRES: iteration 100: ||r||_B = 0.00824866
MINRES: No convergence!
Scale = 1 Neg det(J) found.
Scale = 0.5 Neg det(J) found.
Energy decrease: 3.7467% with 0.25 scaling. 137.523
Newton iteration  4 : ||r|| = 463.168, ||r||/||r_0|| = 0.397584
MINRES: iteration   0: ||r||_B = 1.05198 ...
MINRES: iteration 100: ||r||_B = 0.00414887
MINRES: No convergence!
Energy decrease: 7.29235% with 1 scaling. 127.494
Newton iteration  5 : ||r|| = 152.478, ||r||/||r_0|| = 0.130887
MINRES: iteration   0: ||r||_B = 0.406512 ...
MINRES: iteration 100: ||r||_B = 1.67402e-05
MINRES: No convergence!
Energy decrease: 0.924155% with 1 scaling. 126.316
Newton iteration  6 : ||r|| = 39.4217, ||r||/||r_0|| = 0.0338396
MINRES: iteration   0: ||r||_B = 0.10597 ...
MINRES: iteration 100: ||r||_B = 4.55889e-07
MINRES: No convergence!
Energy decrease: 0.0282749% with 1 scaling. 126.28
Newton iteration  7 : ||r|| = 7.30791, ||r||/||r_0|| = 0.00627311
MINRES: iteration   0: ||r||_B = 0.0210829 ...
MINRES: iteration 100: ||r||_B = 1.09791e-08
MINRES: No convergence!
Energy decrease: 0.000384418% with 1 scaling. 126.28
Newton iteration  8 : ||r|| = 0.350698, ||r||/||r_0|| = 0.000301039
MINRES: iteration   0: ||r||_B = 0.00104592 ...
MINRES: iteration 100: ||r||_B = 2.06406e-10
MINRES: No convergence!
Energy decrease: 9.02763e-07% with 1 scaling. 126.28
Newton iteration  9 : ||r|| = 0.000919116, ||r||/||r_0|| = 7.8897e-07
MINRES: iteration   0: ||r||_B = 2.75447e-06 ...
MINRES: iteration 100: ||r||_B = 4.81887e-13
MINRES: No convergence!
Energy decrease: 6.57203e-12% with 1 scaling. 126.28
Newton iteration 10 : ||r|| = 6.66909e-09, ||r||/||r_0|| = 5.72474e-12
MINRES: iteration   0: ||r||_B = 2.01211e-11 ...
MINRES: iteration 100: ||r||_B = 1.02987e-16
MINRES: No convergence!
Energy decrease: -9.00279e-14% with 1 scaling. 126.28
Newton iteration 11 : ||r|| = 4.83556e-11, ||r||/||r_0|| = 4.15085e-14
time taken (sec): 0.393819
Final strain energy : 126.28
The strain energy decreased by: 26.0625538799 %.
