1.1171
1.11307
1.10786
1.10693
1.10514
1.10214
1.09685
1.09589
1.09413
1.09082
1.08505
1.07581
1.07377
1.07105
1.06545
1.06418
1.06244
1.0586
1.05787
1.05656
1.05396
1.04923
1.04831
1.04662
1.04329
1.04264
1.04142
1.03902
1.03457
1.03371
1.0321
1.02894
1.0283
1.02714
1.0248
1.02052
1.01958
1.01808
1.01493
1.01417
1.0131
1.0107
1.01025
1.00937
1.00766
1.00436
1.00371
1.00247
1.00002
0.999531
0.998946
0.996663
0.993406
0.992503
0.991283
0.988498
0.987842
0.986901
0.984768
0.984364
0.983579
0.982036
0.97903
0.978438
0.977284
0.974996
0.974536
0.973655
0.971888
0.968482
0.967781
0.966496
0.963893
0.963284
0.962347
0.960257
0.959823
0.95906
0.957481
0.954463
0.953861
0.952687
0.950353
0.94987
0.948977
0.947141
0.946769
0.946063
0.944639
0.941861
0.936463
0.935393
0.933319
0.932863
0.932078
0.930411
0.930079
0.929441
0.928164
0.925655
0.925347
0.924133
0.922323
0.921882
0.921143
0.919564
0.919255
0.918647
0.917438
0.915052
0.914578
0.91364
0.911773
0.911399
0.910666
0.909196
0.906318
0.905704
0.904608
0.902357
0.90178
0.900983
0.899106
0.89867
0.898015
0.896559
0.893899
0.89319
0.892224
0.891988
0.891567
0.890718
0.88903
0.888674
0.888019
0.886669
0.884063
0.883475
0.882496
0.882275
0.881866
0.881048
0.879418
0.879079
0.878443
0.877143
0.874616
0.874074
0.873108
0.871109
0.870811
0.870729
0.870579
0.870258
0.869635
0.868384
0.865916
0.861076
0.860106
0.858225
0.857798
0.857089
0.855553
0.855237
0.854658
0.853474
0.851167
0.850695
0.849794
0.847973
0.847573
0.846886
0.845414
0.845106
0.84455
0.843404
0.841177
0.840725
0.839851
0.838093
0.837718
0.837046
0.835635
0.835342
0.834802
0.833697
0.83154
0.831107
0.830256
0.828555
0.828205
0.827543
0.82619
0.825914
0.825387
0.824322
0.822227
0.818135
0.817193
0.816997
0.816767
0.816694
0.816573
0.81631
0.815799
0.814772
0.812742
0.812334
0.811536
0.809935
0.809604
0.808983
0.807707
0.807449
0.806952
0.805951
0.803976
0.800087
0.799302
0.797781
0.797466
0.796871
0.795658
0.793297
0.792765
0.791874
0.791676
0.791306
0.790562
0.789083
0.788778
0.788199
0.787019
0.784723
0.784202
0.783337
0.783144
0.782784
0.78206
0.78062
0.780323
0.779759
0.77861
0.776376
0.775865
0.775025
0.774837
0.774486
0.77378
0.772378
0.7722
0.771544
0.770483
0.770219
0.769784
0.768902
0.767175
0.766785
0.766132
0.764721
0.764401
0.763884
0.762758
0.762539
0.762108
0.761251
0.759549
0.759207
0.758538
0.757194
0.75692
0.756393
0.755327
0.753244
0.752773
0.751988
0.751814
0.751487
0.75083
0.749523
0.749254
0.748742
0.747699
0.74567
0.745201
0.744441
0.744269
0.74395
0.743309
0.742034
0.74177
0.741271
0.740251
0.73827
0.737814
0.737071
0.736904
0.736592
0.735966
0.734721
0.734562
0.733982
0.733033
0.732797
0.732407
0.731627
0.730092
0.729734
0.72916
0.727892
0.727601
0.727141
0.726136
0.724263
0.723791
0.723101
0.722937
0.72264
0.722042
0.72085
0.7206
0.720136
0.719181
0.71733
0.716914
0.716214
0.716058
0.715767
0.715183
0.714018
0.713777
0.713321
0.712391
0.710577
0.710182
0.70949
0.70805
0.707679
0.707169
0.705969
0.705706
0.705279
0.704355
0.702612
0.702223
0.701559
0.700159
0.699789
0.699298
0.69812
0.697958
0.697909
0.697827
0.697651
0.697307
0.696616
0.695247
0.69497
0.694431
0.693346
0.693126
0.692701
0.691841
0.690153
0.689805
0.689149
0.687817
0.687511
0.687016
0.685926
0.685688
0.685286
0.684434
0.682808
0.682461
0.681833
0.680537
0.680221
0.679752
0.678682
0.678453
0.678063
0.677238
0.67566
0.675331
0.674715
0.673461
0.673173
0.672707
0.671681
0.671461
0.67108
0.670283
0.668749
0.668433
0.667833
0.666616
0.666346
0.665889
0.664902
0.664772
0.664356
0.663584
0.663409
0.663103
0.662513
0.661328
0.661041
0.660604
0.659618
0.65941
0.659047
0.658289
0.656827
0.656529
0.655954
0.654796
0.654549
0.654105
0.653176
0.652982
0.652626
0.651896
0.650472
0.650185
0.649624
0.648499
0.648264
0.64783
0.646931
0.646745
0.646398
0.645691
0.644306
0.644028
0.643482
0.64239
0.642165
0.641739
0.64087
0.640693
0.640354
0.639669
0.638321
0.638052
0.63752
0.636458
0.636243
0.635827
0.634984
0.634879
0.63448
0.633852
0.63371
0.633447
0.632924
0.631883
0.63166
0.63126
0.630419
0.630246
0.629924
0.629266
0.627979
0.627722
0.627213
0.626198
0.625993
0.625595
0.624791
0.624629
0.624312
0.623677
0.622423
0.619963
0.619436
0.619327
0.61912
0.618753
0.617964
0.617793
0.617495
0.616876
0.615676
0.613299
0.612822
0.611895
0.611703
0.61134
0.6106
0.609164
0.608824
0.608289
0.608168
0.607943
0.607488
0.606587
0.606401
0.606048
0.605328
0.605239
0.604896
0.604365
0.603217
0.60298
0.602552
0.601659
0.601453
0.601123
0.6004
0.600257
0.599982
0.599431
0.598342
0.598124
0.597695
0.596836
0.596662
0.596325
0.595644
0.594313
0.594016
0.593513
0.593401
0.593193
0.592774
0.591941
0.591767
0.591442
0.590776
0.589486
0.589181
0.588702
0.588591
0.588389
0.587981
0.58717
0.586999
0.586685
0.586034
0.584781
0.584478
0.584015
0.583906
0.583709
0.583312
0.582523
0.582356
0.58205
0.581415
0.581337
0.581037
0.580571
0.579565
0.579361
0.578983
0.578202
0.57803
0.577735
0.577108
0.576985
0.576743
0.57626
0.575304
0.575112
0.574735
0.57398
0.573826
0.57353
0.572931
0.571761
0.571496
0.571056
0.570957
0.570774
0.570405
0.569671
0.569519
0.569232
0.568646
0.567507
0.567243
0.566817
0.56672
0.566542
0.566182
0.565466
0.565318
0.565038
0.564465
0.563355
0.563095
0.562681
0.562586
0.562412
0.562061
0.561362
0.561217
0.560944
0.560385
0.560316
0.56005
0.559638
0.558746
0.558565
0.55823
0.557538
0.557385
0.557125
0.556567
0.556457
0.556243
0.555814
0.554965
0.554794
0.554459
0.553788
0.553652
0.553389
0.552856
0.551813
0.551583
0.551187
0.5511
0.550936
0.550607
0.549953
0.549817
0.549562
0.549038
0.548023
0.547783
0.547405
0.547318
0.547158
0.546837
0.546197
0.546063
0.545814
0.5453
0.54431
0.544065
0.5437
0.543614
0.543458
0.543143
0.542517
0.542385
0.542142
0.541638
0.541576
0.541338
0.540966
0.540166
0.539997
0.539701
0.539074
0.538926
0.538697
0.538186
0.538086
0.537893
0.537506
0.536741
0.536588
0.536285
0.53568
0.535558
0.53532
0.534839
0.533899
0.533684
0.53333
0.533251
0.533103
0.532805
0.532214
0.532092
0.53186
0.531387
0.530469
0.53024
0.529901
0.529823
0.529679
0.529386
0.528806
0.528686
0.528458
0.527994
0.527095
0.526863
0.526533
0.526456
0.526314
0.526026
0.525457
0.52534
0.525116
0.52466
0.524603
0.524386
0.524047
0.523318
0.523154
0.52289
0.522311
0.522163
0.521959
0.521482
0.521389
0.521213
0.520858
0.520158
0.518783
0.518474
0.517937
0.517773
0.517579
0.517112
0.517025
0.516853
0.51651
0.515831
0.514498
0.514196
0.513676
0.513524
0.513334
0.512883
0.512799
0.512631
0.512299
0.511639
0.511507
0.511246
0.510723
0.510618
0.510412
0.509997
0.509181
0.508999
0.508689
0.508621
0.508493
0.508234
0.50772
0.507615
0.507413
0.507001
0.50695
0.506754
0.506449
0.50579
0.505643
0.505403
0.504881
0.504749
0.504564
0.504134
0.50405
0.50389
0.503569
0.502934
0.501685
0.501403
0.500915
0.500765
0.500589
0.500164
0.500084
0.499927
0.499616
0.498996
0.497782
0.497499
0.497026
0.496887
0.496712
0.4963
0.496222
0.496069
0.495765
0.495161
0.495039
0.4948
0.494321
0.494224
0.494035
0.493654
0.492907
0.492735
0.492453
0.49239
0.492272
0.492034
0.491562
0.491465
0.491279
0.4909
0.490853
0.490672
0.490391
0.489784
0.489653
0.489429
0.48895
0.488834
0.488661
0.488268
0.488191
0.488044
0.487747
0.487161
0.487043
0.486811
0.486345
0.486252
0.486068
0.485698
0.48497
0.484808
0.484531
0.48447
0.484356
0.484125
0.483665
0.483571
0.48339
0.483022
0.482307
0.482128
0.481863
0.481802
0.481689
0.48146
0.481005
0.480911
0.480733
0.480367
0.480294
0.48015
0.479863
0.479292
0.478168
0.47792
0.477478
0.477354
0.477193
0.476814
0.476769
0.476602
0.476332
0.475762
0.475626
0.475423
0.474961
0.474842
0.474682
0.474305
0.474232
0.474093
0.473812
0.473259
0.473148
0.472928
0.472489
0.472399
0.472227
0.471876
0.471194
0.47102
0.470768
0.47071
0.470602
0.470383
0.469949
0.46986
0.469689
0.469341
0.469271
0.469134
0.468859
0.468314
0.467237
0.467009
0.466585
0.46647
0.466316
0.465953
0.465882
0.465748
0.465477
0.464943
0.464836
0.464625
0.464201
0.464115
0.463948
0.46361
0.463568
0.463407
0.463154
0.463097
0.462991
0.462779
0.462357
0.462266
0.462103
0.461761
0.46169
0.461558
0.461288
0.460759
0.460652
0.460443
0.460022
0.459935
0.459771
0.459434
0.459364
0.459233
0.458966
0.45844
0.458334
0.458126
0.457708
0.457621
0.457459
0.457123
0.457053
0.456923
0.456657
0.456135
0.456029
0.455823
0.455408
0.455319
0.45516
0.454824
0.454753
0.454624
0.454359
0.453842
0.453735
0.453532
0.45312
0.453028
0.452872
0.452536
0.452491
0.45235
0.452083
0.452021
0.451916
0.451712
0.451304
0.451204
0.451053
0.450709
0.450635
0.45051
0.450243
0.449733
0.449624
0.449425
0.449016
0.448916
0.448767
0.448426
0.448352
0.448228
0.447963
0.447457
0.447347
0.447152
0.446745
0.446643
0.446496
0.446155
0.446081
0.445958
0.445694
0.445193
0.445083
0.44489
0.444486
0.444381
0.444237
0.443897
0.443822
0.443701
0.443439
0.442943
0.442831
0.442641
0.442598
0.442519
0.442361
0.442043
0.442002
0.441856
0.441611
0.441551
0.441451
0.441251
0.440855
0.440762
0.440613
0.440284
0.44021
0.44009
0.439829
0.439337
0.439218
0.439034
0.43899
0.438912
0.438754
0.438438
0.438371
0.438248
0.437993
0.437499
0.437384
0.437198
0.437156
0.437077
0.43692
0.436605
0.436539
0.436416
0.436162
0.43567
0.435554
0.43537
0.435327
0.435249
0.435092
0.434778
0.434712
0.43459
0.434337
0.433847
0.433729
0.433546
0.433504
0.433426
0.433269
0.432957
0.432917
0.432774
0.432532
0.432469
0.432371
0.432172
0.431784
0.431692
0.431546
0.431223
0.431146
0.43103
0.430769
0.430719
0.43062
0.430423
0.430031
0.429952
0.429797
0.429485
0.429421
0.429299
0.429049
0.428564
0.428445
0.428265
0.428223
0.428146
0.42799
0.427682
0.427617
0.427496
0.427247
0.427197
0.427099
0.426903
0.426514
0.425747
0.425575
0.425274
0.425188
0.425077
0.424817
0.424768
0.424671
0.424478
0.424094
0.424017
0.423865
0.42356
0.423522
0.423377
0.423149
0.423092
0.422998
0.422803
0.422424
0.422344
0.422195
0.421889
0.421821
0.421706
0.421457
0.421407
0.421311
0.421119
0.420738
0.419987
0.419819
0.419524
0.419434
0.419328
0.41907
0.419022
0.418927
0.418738
0.418363
0.417624
0.417459
0.417169
0.417085
0.416979
0.416728
0.41668
0.416587
0.416401
0.416031
0.415306
0.415136
0.414853
0.414764
0.41466
0.41441
0.414364
0.414272
0.414089
0.413725
0.413653
0.413508
0.41322
0.413184
0.413046
0.41283
0.412777
0.412687
0.412503
0.412144
0.412068
0.411927
0.411637
0.411573
0.411463
0.411228
0.411181
0.41109
0.410908
0.410548
0.410476
0.410333
0.410047
0.409989
0.409876
0.409648
0.409201
0.409096
0.408928
0.40889
0.40882
0.408677
0.408393
0.408335
0.408223
0.407996
0.407951
0.407861
0.407681
0.407325
0.406618
0.406476
0.406447
0.406391
0.40628
0.406057
0.406011
0.405923
0.405745
0.405709
0.405639
0.405497
0.405217
0.405182
0.405168
0.405147
0.405101
0.405013
0.404834
0.404481
0.404405
0.404267
0.403985
0.403923
0.403817
0.403793
0.403749
0.403659
0.403482
0.403444
0.403375
0.403232
0.403203
0.403147
0.403034
0.402809
0.402764
0.402675
0.402496
0.402459
0.402389
0.402246
0.401963
0.401903
0.401794
0.40177
0.401726
0.401635
0.401456
0.401419
0.401349
0.401205
0.401175
0.401119
0.401005
0.400778
0.400327
0.400236
0.400058
0.400019
0.39995
0.399805
0.39977
0.399734
0.39972
0.399699
0.399652
0.399563
0.399382
0.399345
0.399274
0.39913
0.398845
0.398781
0.398672
0.398648
0.398603
0.398512
0.398331
0.398295
0.398223
0.398078
0.398049
0.397992
0.397877
0.397648
0.397602
0.397512
0.39733
0.397292
0.397221
0.397075
0.397043
0.396987
0.396869
0.396846
0.3968
0.396708
0.396525
0.396488
0.396416
0.396269
0.396237
0.396181
0.396062
0.396038
0.395991
0.395899
0.395715
0.395677
0.395604
0.395457
0.395423
0.395387
0.395372
0.39535
0.395302
0.39521
0.395023
0.394655
0.394577
0.394432
0.394393
0.394339
0.394215
0.394186
0.394142
0.394046
0.393862
0.393824
0.393751
0.393602
0.393573
0.393514
0.393396
0.393372
0.393325
0.393231
0.393044
0.392672
0.392596
0.392449
0.392417
0.39236
0.39224
0.392215
0.392169
0.392074
0.391888
0.39185
0.391777
0.391628
0.391596
0.391538
0.391417
0.39139
0.391345
0.391248
0.391229
0.391191
0.391116
0.390966
0.390935
0.390898
0.390751
0.390532
0.390475
0.390386
0.390193
0.390148
0.390079
0.39006
0.390032
0.389971
0.389852
0.389826
0.38978
0.389683
0.389494
0.389453
0.38938
0.389364
0.389334
0.389273
0.389152
0.389127
0.38908
0.388982
0.388793
0.388747
0.388676
0.388659
0.38863
0.388568
0.388447
0.388421
0.388374
0.388275
0.388255
0.388217
0.388139
0.387985
0.387954
0.387893
0.38777
0.387745
0.387696
0.387598
0.387404
0.387362
0.387287
0.387271
0.38724
0.387202
0.387049
0.386822
0.386765
0.38667
0.386649
0.386611
0.386532
0.386376
0.386345
0.386283
0.386159
0.386134
0.386085
0.385985
0.385965
0.385926
0.385847
0.38569
0.385658
0.385596
0.385471
0.385445
0.385396
0.385296
0.385276
0.385236
0.385157
0.384998
0.384967
0.384904
0.384778
0.384751
0.384702
0.384601
0.384578
0.38454
0.384458
0.384441
0.384409
0.384346
0.384219
0.384192
0.384142
0.38404
0.384018
0.383979
0.383896
0.38388
0.383848
0.383808
0.383648
0.383412
0.383358
0.383258
0.383237
0.383197
0.383116
0.382954
0.38292
0.382857
0.382844
0.382818
0.382767
0.382664
0.382644
0.382603
0.382521
0.382358
0.382323
0.382259
0.382246
0.38222
0.382168
0.382065
0.381859
0.381814
0.381732
0.381715
0.381683
0.381616
0.381486
0.38146
0.381408
0.381303
0.381282
0.381241
0.381158
0.381141
0.381108
0.381041
0.380909
0.380647
0.380593
0.380582
0.38056
0.380519
0.380435
0.380417
0.380384
0.380344
0.380175
0.380149
0.380096
0.380085
0.380064
0.380022
0.379938
0.37992
0.379887
0.379819
0.379685
0.379657
0.379605
0.379594
0.379573
0.37953
0.379445
0.379427
0.379393
0.379325
0.37919
0.379162
0.379109
0.379001
0.378976
0.378935
0.378926
0.378909
0.378875
0.378806
0.378792
0.378765
0.37871
0.378601
0.378579
0.378535
0.378448
0.37843
0.378396
0.378326
0.378188
0.378155
0.378102
0.377991
0.377967
0.377924
0.377836
0.377814
0.377782
0.377777
0.37776
0.377734
0.377677
0.377567
0.377541
0.377499
0.377489
0.377472
0.377436
0.377365
0.37735
0.377322
0.377265
0.377152
0.376928
0.376881
0.376869
0.376849
0.376816
0.376807
0.376793
0.376765
0.376707
0.376594
0.376568
0.376525
0.376515
0.376497
0.376461
0.376388
0.376373
0.376345
0.376286
0.376171
0.376148
0.376102
0.37601
0.375991
0.375955
0.375881
0.375865
0.375836
0.375776
0.375661
0.375636
0.375591
0.375581
0.375563
0.375526
0.37548
0.375461
0.375434
0.375372
0.375256
0.375232
0.375185
0.375091
0.375072
0.375035
0.37496
0.374945
0.374915
0.374855
0.374736
0.37471
0.374664
0.374655
0.374636
0.374598
0.374522
0.374507
0.374477
0.374416
0.374296
0.374271
0.374224
0.374214
0.374195
0.374157
0.37408
0.374065
0.374034
0.373973
0.373852
0.373824
0.373778
0.373768
0.373749
0.37371
0.373633
0.373616
0.373586
0.373524
0.373511
0.373487
0.373437
0.373339
0.373144
0.373103
0.373097
0.373079
0.373049
0.372986
0.372972
0.372948
0.372898
0.372799
0.372779
0.37274
0.372661
0.372644
0.372613
0.372549
0.372536
0.372511
0.372461
0.372361
0.37234
0.372301
0.372221
0.372204
0.372173
0.372108
0.372095
0.37207
0.372018
0.371918
0.371897
0.371857
0.371849
0.371833
0.371801
0.371736
0.371723
0.371698
0.371646
0.371544
0.371522
0.371482
0.371474
0.371457
0.371425
0.37136
0.371346
0.371321
0.371268
0.371165
0.371142
0.371103
0.371097
0.371078
0.371046
0.370979
0.370965
0.37094
0.370886
0.370783
0.370757
0.370719
0.370709
0.370693
0.370659
0.370593
0.370578
0.370553
0.370498
0.370487
0.370466
0.370423
0.370339
0.370171
0.370133
0.370124
0.370111
0.370084
0.370031
0.370018
0.369998
0.369953
0.369869
0.369851
0.369817
0.369749
0.369735
0.369708
0.369653
0.369642
0.36962
0.369576
0.36949
0.369318
0.36928
0.369272
0.369257
0.369231
0.369175
0.369163
0.369142
0.369097
0.369044
0.369019
0.368988
0.36898
0.368966
0.368939
0.368883
0.368871
0.368849
0.368804
0.368716
0.368698
0.368663
0.368592
0.368575
0.368549
0.36849
0.368474
0.368453
0.368405
0.368396
0.368378
0.368342
0.368271
0.368256
0.368228
0.36817
0.368158
0.368136
0.368089
0.36808
0.368062
0.368025
0.367953
0.367938
0.367909
0.367851
0.367839
0.367816
0.36777
0.36776
0.367742
0.367705
0.367631
0.367617
0.367587
0.367529
0.367517
0.367493
0.367446
0.36744
0.367418
0.367383
0.367375
0.36736
0.36733
0.367271
0.367258
0.367235
0.367187
0.367177
0.367158
0.36712
0.367044
0.366894
0.366862
0.366854
0.36684
0.366818
0.366812
0.366803
0.366784
0.366745
0.366669
0.366652
0.366623
0.366616
0.366604
0.36658
0.366531
0.36652
0.366501
0.366462
0.366385
0.366369
0.366338
0.366276
0.366263
0.366239
0.366188
0.366177
0.366158
0.366118
0.36604
0.366022
0.365992
0.365985
0.365973
0.365948
0.365898
0.365892
0.365867
0.36583
0.365821
0.365805
0.365773
0.36571
0.365696
0.365672
0.36562
0.365608
0.365589
0.365547
0.365538
0.365522
0.36549
0.365425
0.365412
0.365386
0.365335
0.365323
0.365303
0.365261
0.365253
0.365237
0.365204
0.365138
0.365125
0.365099
0.365047
0.365036
0.365015
0.364973
0.364965
0.364948
0.364915
0.364848
0.364835
0.364809
0.364756
0.364745
0.364724
0.364681
0.364673
0.364656
0.364622
0.364555
0.364421
0.364394
0.364388
0.364381
0.364356
0.364351
0.364343
0.364326
0.364291
0.364224
0.364207
0.364183
0.364176
0.364165
0.364144
0.3641
0.364091
0.364074
0.364039
0.36397
0.363956
0.363929
0.363873
0.363862
0.36384
0.363795
0.363786
0.363768
0.363733
0.363663
0.363648
0.363621
0.363615
0.363604
0.363582
0.363537
0.363528
0.36351
0.363475
0.363404
0.363389
0.363361
0.363305
0.363291
0.36327
0.363224
0.363213
0.363196
0.363159
0.363089
0.36307
0.363045
0.363038
0.363031
0.363003
0.362998
0.362989
0.362971
0.362934
0.362926
0.362912
0.362882
0.362824
0.362812
0.362789
0.362742
0.362733
0.362714
0.362677
0.362669
0.362654
0.362625
0.362566
0.362554
0.36253
0.362483
0.362473
0.362455
0.362417
0.362409
0.362394
0.362364
0.362304
0.362185
0.36216
0.362155
0.362145
0.362126
0.362087
0.362079
0.362064
0.362033
0.361972
0.361852
0.361824
0.361777
0.361763
0.361746
0.361704
0.361696
0.36168
0.361649
0.361588
0.36158
0.361551
0.361546
0.361536
0.361517
0.361478
0.361469
0.361454
0.361422
0.36136
0.361347
0.361323
0.361318
0.361308
0.361288
0.361248
0.36124
0.361225
0.361193
0.36113
0.361117
0.361092
0.361041
0.36103
0.361011
0.36097
0.360961
0.360945
0.360912
0.360849
0.360834
0.360811
0.360805
0.360795
0.360774
0.360734
0.360725
0.360709
0.360676
0.360612
0.360596
0.360572
0.360566
0.360556
0.360535
0.360494
0.360485
0.360469
0.360435
0.360429
0.360421
0.360388
0.360383
0.360372
0.360352
0.360309
0.360301
0.360284
0.36025
0.360244
0.36023
0.360203
0.36015
0.360044
0.360021
0.360016
0.360007
0.359991
0.359956
0.359948
0.359935
0.359907
0.359853
0.359745
0.359722
0.35968
0.35967
0.359653
0.359618
0.359551
0.359535
0.359509
0.359454
0.35944
0.35942
0.359374
0.359363
0.359347
0.35931
0.359302
0.359289
0.359261
0.359206
0.359194
0.359173
0.359128
0.359118
0.359101
0.359065
0.359055
0.359046
0.359043
0.359038
0.359026
0.359004
0.358959
0.35895
0.358932
0.358896
0.358889
0.358875
0.358846
0.358789
0.358777
0.358755
0.358709
0.358699
0.358682
0.358644
0.358634
0.35862
0.358589
0.358583
0.358571
0.358548
0.358502
0.358493
0.358475
0.358437
0.358429
0.358415
0.358385
0.358379
0.358367
0.358344
0.358297
0.358287
0.358269
0.358231
0.358223
0.358209
0.358179
0.358172
0.358161
0.358137
0.358089
0.35808
0.358061
0.358023
0.358015
0.358006
0.357968
0.357912
0.357899
0.357876
0.357871
0.357861
0.357842
0.357803
0.357796
0.35778
0.357749
0.357743
0.357731
0.357706
0.357657
0.35756
0.357539
0.357535
0.357526
0.357512
0.35748
0.357473
0.357461
0.357435
0.357386
0.357375
0.357356
0.357316
0.357307
0.357292
0.35726
0.357253
0.357241
0.357215
0.357165
0.357154
0.357135
0.357094
0.357084
0.357069
0.357035
0.357026
0.357014
0.356987
0.356982
0.356971
0.356951
0.35691
0.356902
0.356892
0.356851
0.356792
0.356777
0.356752
0.3567
0.356688
0.356669
0.356664
0.356656
0.35664
0.356607
0.3566
0.356587
0.35656
0.356508
0.356496
0.356476
0.356472
0.356464
0.356447
0.356413
0.356406
0.356393
0.356366
0.356361
0.35635
0.356329
0.356286
0.356202
0.356183
0.356179
0.356172
0.356159
0.356131
0.356125
0.356115
0.356092
0.35605
0.355963
0.355946
0.355912
0.355904
0.355891
0.355863
0.355858
0.355847
0.355825
0.355781
0.355694
0.355684
0.355639
0.355632
0.355618
0.35559
0.355584
0.355573
0.355551
0.355507
0.355498
0.35548
0.355445
0.355438
0.355424
0.355395
0.35534
0.355326
0.355305
0.3553
0.355292
0.355274
0.355238
0.35523
0.355216
0.355188
0.355182
0.35517
0.355147
0.355102
0.355093
0.355075
0.355039
0.355031
0.355017
0.354987
0.354981
0.35497
0.354946
0.354941
0.354932
0.354914
0.354877
0.354869
0.354855
0.354825
0.354819
0.354807
0.354784
0.354779
0.354769
0.354758
0.354711
0.354642
0.354626
0.354597
0.354589
0.354578
0.354552
0.354547
0.354538
0.354519
0.354481
0.354473
0.354458
0.354428
0.354422
0.35441
0.354385
0.35438
0.354371
0.354351
0.354313
0.354236
0.35422
0.354189
0.354181
0.35417
0.354145
0.354139
0.35413
0.35411
0.354071
0.354063
0.354048
0.354017
0.35401
0.353998
0.353973
0.353968
0.353958
0.353938
0.353898
0.35389
0.353875
0.353843
0.353837
0.353824
0.353799
0.353793
0.353783
0.353771
0.35372
0.353712
0.353697
0.353693
0.353687
0.353674
0.353648
0.353643
0.353633
0.353612
0.353571
0.353562
0.353547
0.353543
0.353537
0.353524
0.353498
0.353492
0.353482
0.353461
0.35342
0.35341
0.353395
0.353391
0.353384
0.353371
0.353345
0.353339
0.353329
0.353307
0.353265
0.353255
0.35324
0.353236
0.353229
0.353216
0.353189
0.353183
0.353173
0.353151
0.353146
0.353138
0.35312
0.353086
0.353079
0.353066
0.353038
0.353033
0.353022
0.353008
0.352954
0.352944
0.352928
0.352924
0.352917
0.352903
0.352875
0.352869
0.352859
0.352836
0.352831
0.352822
0.352804
0.352769
0.352698
0.352684
0.352656
0.35265
0.352639
0.352616
0.352612
0.352603
0.352585
0.352549
0.352542
0.352527
0.352499
0.352493
0.352482
0.352459
0.352454
0.352445
0.352426
0.35239
0.352383
0.352368
0.352339
0.352333
0.352322
0.352298
0.352293
0.352284
0.352265
0.352228
0.352221
0.352206
0.352177
0.352169
0.352158
0.352157
0.352151
0.352142
0.352123
0.352119
0.352112
0.352096
0.352067
0.35206
0.352048
0.352024
0.352019
0.35201
0.35199
0.351952
0.351943
0.351929
0.351926
0.35192
0.351907
0.351883
0.351878
0.351868
0.351848
0.351844
0.351837
0.351821
0.35179
0.351784
0.351771
0.351747
0.351742
0.351732
0.351712
0.351673
0.351664
0.351649
0.351645
0.351639
0.351626
0.351601
0.351596
0.351586
0.351566
0.351562
0.351554
0.351537
0.351505
0.351441
0.351428
0.351413
0.351406
0.351397
0.351376
0.351336
0.351327
0.351311
0.351278
0.351271
0.351259
0.351256
0.351251
0.35124
0.35122
0.351215
0.351207
0.35119
0.351157
0.351151
0.351138
0.351111
0.351106
0.351095
0.351074
0.351069
0.351061
0.351044
0.351011
0.351004
0.350991
0.350964
0.350957
0.350947
0.350925
0.35092
0.350911
0.350894
0.35089
0.350883
0.35087
0.350842
0.350837
0.350826
0.350804
0.350799
0.350791
0.350773
0.35077
0.350763
0.350749
0.350732
0.350725
0.350715
0.350692
0.350687
0.350678
0.350661
0.350625
0.350618
0.350604
0.350576
0.350569
0.350559
0.350536
0.35053
0.350522
0.350503
0.3505
0.350492
0.350478
0.350449
0.350393
0.350379
0.350376
0.350372
0.350363
0.350344
0.35034
0.350333
0.350318
0.350289
0.350231
0.350219
0.350216
0.350211
0.350203
0.350184
0.35018
0.350172
0.350157
0.350128
0.350122
0.35011
0.350087
0.350082
0.350073
0.350054
0.35005
0.350042
0.350027
0.350009
0.350001
0.34999
0.349966
0.349961
0.349951
0.349932
0.349928
0.34992
0.349905
0.349875
0.349868
0.349856
0.349832
0.349827
0.349817
0.349797
0.349793
0.349785
0.349769
0.349739
0.349731
0.34972
0.349717
0.349712
0.349702
0.349683
0.349679
0.349671
0.349655
0.349623
0.349617
0.349604
0.349579
0.349573
0.349564
0.349543
0.349538
0.349531
0.349514
0.349511
0.349504
0.349491
0.349466
0.349461
0.34945
0.34943
0.349426
0.349418
0.349401
0.349399
0.349391
0.349379
0.349352
0.349347
0.349337
0.349316
0.349311
0.349303
0.349285
0.349282
0.349275
0.349262
0.349235
0.34923
0.349219
0.349198
0.349194
0.349186
0.349169
0.349165
0.349158
0.349145
0.349118
0.349064
0.349053
0.349032
0.349028
0.349019
0.349002
0.348998
0.348991
0.348978
0.34895
0.348896
0.348884
0.348881
0.348877
0.348868
0.348851
0.348846
0.34884
0.348825
0.348798
0.348792
0.348781
0.348759
0.348754
0.348746
0.348728
0.348725
0.348724
0.348723
0.34872
0.348714
0.348703
0.348681
0.348676
0.348667
0.348649
0.348645
0.348638
0.348624
0.348595
0.348589
0.348578
0.348555
0.348549
0.348541
0.348522
0.348517
0.34851
0.348494
0.348491
0.348485
0.348474
0.34845
0.348446
0.348436
0.348418
0.348414
0.348406
0.348391
0.348388
0.348382
0.34837
0.348346
0.348342
0.348332
0.348313
0.348309
0.348302
0.348287
0.348284
0.348278
0.348265
0.348241
0.348193
0.348183
0.348181
0.348178
0.348177
0.348176
0.348173
0.348166
0.348154
0.34813
0.348125
0.348115
0.348095
0.348091
0.348083
0.348068
0.348064
0.348058
0.348046
0.348021
0.347971
0.34796
0.347958
0.347954
0.347946
0.34793
0.347926
0.34792
0.347907
0.347882
0.347877
0.347867
0.347846
0.347842
0.347834
0.347817
0.347814
0.347808
0.347794
0.347769
0.347763
0.347753
0.347733
0.347728
0.34772
0.347703
0.347699
0.347693
0.347679
0.347676
0.347671
0.34766
0.347639
0.347637
0.347627
0.347625
0.347622
0.347615
0.347601
0.347599
0.347593
0.347583
0.347561
0.347557
0.347549
0.347531
0.347528
0.347521
0.347507
0.34748
0.347474
0.347464
0.347462
0.347457
0.347449
0.347431
0.347428
0.347421
0.347407
0.347404
0.347398
0.347387
0.347365
0.347321
0.347311
0.347309
0.347305
0.347299
0.347284
0.347281
0.347276
0.347264
0.347242
0.347197
0.347187
0.347185
0.347181
0.347174
0.347159
0.347156
0.347151
0.347139
0.347116
0.347114
0.347102
0.347085
0.347081
0.347074
0.347059
0.347031
0.347024
0.347013
0.34699
0.346984
0.346975
0.346956
0.346951
0.346944
0.346928
0.346925
0.346919
0.346908
0.346884
0.346879
0.34687
0.346851
0.346847
0.34684
0.346824
0.346821
0.346815
0.346803
0.346779
0.346774
0.346765
0.346746
0.346741
0.346734
0.346718
0.346715
0.346709
0.346696
0.346694
0.346689
0.346679
0.34666
0.346656
0.346648
0.346632
0.346629
0.346623
0.34661
0.346608
0.346605
0.346592
0.346574
0.346569
0.346562
0.346545
0.346541
0.346535
0.346521
0.346518
0.346513
0.346503
0.346483
0.346479
0.346471
0.346455
0.346451
0.346445
0.346432
0.346429
0.346424
0.346414
0.346393
0.346389
0.346381
0.346364
0.346361
0.346354
0.346341
0.346315
0.346309
0.346299
0.346278
0.346273
0.346265
0.346248
0.346244
0.346238
0.346224
0.346221
0.346216
0.346205
0.346184
0.34618
0.346171
0.346154
0.346151
0.346144
0.34613
0.346128
0.346124
0.346111
0.346091
0.346086
0.346078
0.346076
0.346072
0.346066
0.346052
0.346049
0.346043
0.346032
0.34601
0.346006
0.345997
0.345979
0.345975
0.345969
0.345954
0.34595
0.345945
0.345933
0.345931
0.345926
0.345917
0.3459
0.345896
0.345889
0.345874
0.345871
0.345866
0.345854
0.345832
0.345826
0.345818
0.345816
0.345812
0.345805
0.34579
0.345787
0.345782
0.34577
0.345747
0.345742
0.345733
0.345731
0.345727
0.34572
0.345705
0.345702
0.345698
0.345684
0.345662
0.345656
0.345647
0.345645
0.345642
0.345634
0.345619
0.345616
0.34561
0.345598
0.345595
0.34559
0.345581
0.345562
0.345523
0.345515
0.3455
0.345496
0.345491
0.345478
0.345475
0.34547
0.34546
0.345441
0.345402
0.345394
0.345379
0.345375
0.345369
0.345357
0.345354
0.345349
0.345339
0.345319
0.345316
0.345308
0.345292
0.345289
0.345282
0.34527
0.345267
0.345262
0.345252
0.345232
0.345228
0.34522
0.345203
0.3452
0.345196
0.34518
0.345157
0.34515
0.345141
0.34512
0.345115
0.345107
0.345106
0.345102
0.345096
0.345083
0.34508
0.345075
0.345064
0.345043
0.345039
0.345031
0.345029
0.345026
0.345019
0.345006
0.345003
0.344998
0.344987
0.344966
0.344961
0.344953
0.344951
0.344948
0.344941
0.344927
0.344924
0.344919
0.344908
0.344906
0.344902
0.344893
0.344876
0.344872
0.344865
0.344851
0.344849
0.344843
0.344832
0.34481
0.344805
0.344797
0.344795
0.344791
0.344787
0.34477
0.344744
0.344737
0.344727
0.344704
0.344699
0.34469
0.344673
0.344668
0.344662
0.34466
0.344657
0.344652
0.34464
0.344638
0.344633
0.344624
0.344606
0.344602
0.344595
0.34458
0.344577
0.344572
0.34456
0.344558
0.344553
0.344544
0.344525
0.344521
0.344514
0.344499
0.344496
0.34449
0.344478
0.344476
0.344471
0.344462
0.344443
0.344439
0.344432
0.344417
0.344413
0.344407
0.344395
0.344392
0.344388
0.344378
0.344359
0.344355
0.34435
0.344331
0.344303
0.344296
0.344284
0.34426
0.344255
0.344245
0.344226
0.344222
0.344214
0.344198
0.344195
0.344189
0.344177
0.344152
0.344146
0.344137
0.344117
0.344112
0.344105
0.344089
0.344085
0.344079
0.344066
0.344063
0.344058
0.344048
0.344045
0.344041
0.344033
0.344017
0.344014
0.344008
0.343995
0.343992
0.343987
0.343977
0.343975
0.343971
0.343962
0.343946
0.343913
0.343907
0.343894
0.343891
0.343886
0.343875
0.343873
0.343869
0.343864
0.343843
0.343839
0.343833
0.34382
0.343816
0.343811
0.3438
0.343797
0.343793
0.343785
0.343768
0.343764
0.343758
0.343744
0.343741
0.343736
0.343725
0.343723
0.343719
0.34371
0.343693
0.343689
0.343682
0.343669
0.343666
0.34366
0.343649
0.343646
0.343642
0.343633
0.343616
0.343612
0.343605
0.343604
0.343601
0.343595
0.343584
0.343582
0.343577
0.343568
0.343551
0.343547
0.34354
0.343538
0.343536
0.34353
0.343519
0.343516
0.343512
0.343506
0.343483
0.343479
0.343472
0.343471
0.343468
0.343462
0.34345
0.343448
0.343443
0.343434
0.343432
0.343428
0.343421
0.343406
0.343403
0.343397
0.343386
0.343383
0.343378
0.343369
0.34335
0.343346
0.343339
0.343337
0.343334
0.343328
0.343316
0.343314
0.343309
0.343299
0.34328
0.343276
0.343268
0.343253
0.343249
0.343244
0.343242
0.34324
0.343235
0.343225
0.343223
0.343219
0.343211
0.343196
0.343165
0.343158
0.343156
0.343153
0.343149
0.343148
0.343146
0.343142
0.343134
0.343132
0.343129
0.343123
0.34311
0.343107
0.343102
0.343092
0.34309
0.343086
0.343078
0.343062
0.343058
0.343052
0.343039
0.343036
0.343031
0.34302
0.343018
0.343014
0.343006
0.342989
0.342986
0.342979
0.342978
0.342975
0.34297
0.34296
0.342957
0.342953
0.342945
0.342928
0.342924
0.342918
0.342916
0.342914
0.342908
0.342898
0.342895
0.342891
0.342883
0.342866
0.342861
0.342855
0.342854
0.342851
0.342845
0.342839
0.342836
0.342832
0.342823
0.342806
0.342802
0.342795
0.342781
0.342778
0.342773
0.342761
0.342759
0.342754
0.342745
0.342743
0.342739
0.342732
0.342718
0.342715
0.34271
0.342698
0.342696
0.342692
0.342682
0.342681
0.342677
0.34267
0.342655
0.342626
0.342621
0.342609
0.342607
0.342602
0.342593
0.342591
0.342587
0.34258
0.342565
0.342562
0.342556
0.342545
0.342542
0.342538
0.342528
0.342526
0.342523
0.342515
0.3425
0.342497
0.342491
0.342484
0.342481
0.342476
0.342466
0.342464
0.34246
0.342453
0.342438
0.342434
0.342428
0.342416
0.342413
0.342409
0.342399
0.342396
0.342393
0.342385
0.342369
0.342366
0.34236
0.342359
0.342356
0.342351
0.342341
0.342339
0.342335
0.342327
0.342312
0.342308
0.342302
0.342301
0.342298
0.342293
0.342283
0.342281
0.342277
0.342269
0.342253
0.342249
0.342243
0.342242
0.342239
0.342234
0.342224
0.342222
0.342218
0.342209
0.342207
0.342204
0.342198
0.34219
0.342157
0.342152
0.342141
0.342139
0.342135
0.342127
0.342125
0.342122
0.342115
0.342102
0.342075
0.34207
0.342059
0.342057
0.342053
0.342044
0.342043
0.342039
0.342032
0.342019
0.341992
0.341986
0.341975
0.341973
0.341969
0.341959
0.341957
0.341954
0.341947
0.341933
0.34193
0.341925
0.341914
0.341912
0.341907
0.341898
0.341896
0.341893
0.341886
0.341872
0.341869
0.341864
0.341852
0.34185
0.341846
0.341836
0.341834
0.341831
0.341823
0.341822
0.341819
0.341813
0.341802
0.341799
0.341795
0.341786
0.341784
0.34178
0.341773
0.341758
0.341755
0.34175
0.341748
0.341746
0.341741
0.341732
0.34173
0.341727
0.341719
0.341704
0.341701
0.341695
0.341694
0.341692
0.341687
0.341678
0.341675
0.341672
0.341664
0.341663
0.34166
0.341653
0.341641
0.341639
0.341634
0.341624
0.341623
0.341619
0.341611
0.341596
0.341592
0.341586
0.341585
0.341583
0.341578
0.341568
0.341566
0.341562
0.341554
0.341553
0.341549
0.341543
0.34153
0.341527
0.341523
0.341522
0.34152
0.341516
0.341508
0.341506
0.341503
0.341496
0.341483
0.341458
0.341452
0.341451
0.341449
0.341445
0.341436
0.341434
0.341431
0.341425
0.341412
0.341409
0.341404
0.341393
0.341391
0.341387
0.341379
0.341377
0.341374
0.341367
0.341354
0.341351
0.341346
0.341335
0.341333
0.341329
0.34132
0.341318
0.341314
0.341307
0.341294
0.341291
0.341286
0.341285
0.341283
0.341278
0.34127
0.341269
0.341264
0.341258
0.341256
0.341254
0.341248
0.341237
0.341235
0.341231
0.341221
0.341219
0.341216
0.341209
0.341207
0.341204
0.341199
0.341188
0.341185
0.341181
0.341172
0.34117
0.341166
0.341159
0.341158
0.341155
0.341149
0.341138
0.341135
0.341131
0.341122
0.34112
0.341116
0.341109
0.341095
0.341091
0.341086
0.341074
0.341071
0.341067
0.341057
0.341055
0.341051
0.341044
0.341042
0.341039
0.341033
0.341021
0.340998
0.340993
0.340983
0.340982
0.340978
0.340977
0.340975
0.340973
0.340966
0.340965
0.340963
0.340958
0.340948
0.340946
0.340942
0.340935
0.340933
0.34093
0.340924
0.340912
0.340909
0.340904
0.340894
0.340892
0.340888
0.34088
0.340879
0.340876
0.340869
0.340857
0.340854
0.340849
0.340839
0.340837
0.340833
0.340825
0.340823
0.34082
0.340813
0.340812
0.340809
0.340804
0.340794
0.340792
0.340788
0.340779
0.340778
0.340775
0.340768
0.340755
0.340752
0.340747
0.340746
0.340745
0.34074
0.340732
0.34073
0.340727
0.34072
0.340719
0.340716
0.340711
0.3407
0.340698
0.340694
0.340685
0.340684
0.34068
0.340673
0.340672
0.340669
0.340664
0.340653
0.340632
0.340627
0.340626
0.340624
0.340621
0.340614
0.340612
0.34061
0.340604
0.340593
0.340571
0.340567
0.340566
0.340564
0.34056
0.340553
0.340552
0.340549
0.340543
0.340532
0.34053
0.340525
0.340517
0.340515
0.340511
0.340504
0.34049
0.340487
0.340481
0.34048
0.340479
0.340473
0.340465
0.340462
0.340459
0.340451
0.34045
0.340447
0.340441
0.34043
0.340427
0.340423
0.340413
0.340411
0.340408
0.3404
0.340398
0.340395
0.340389
0.340378
0.340375
0.34037
0.340369
0.340367
0.340364
0.340356
0.340355
0.340352
0.340346
0.340334
0.340331
0.340326
0.340325
0.340323
0.34032
0.340312
0.34031
0.340307
0.340301
0.340289
0.340286
0.340281
0.34028
0.340278
0.340274
0.340267
0.340265
0.340262
0.340256
0.340243
0.340242
0.340241
0.34024
0.340238
0.340234
0.340226
0.340224
0.340221
0.340215
0.340213
0.340211
0.340206
0.340195
0.340175
0.340171
0.34017
0.340168
0.340165
0.340158
0.340156
0.340154
0.340149
0.340138
0.340118
0.340113
0.340112
0.34011
0.340107
0.3401
0.340099
0.340096
0.340091
0.34008
0.340078
0.340074
0.340065
0.340064
0.34006
0.340053
0.340052
0.340049
0.340044
0.340033
0.340031
0.340027
0.340018
0.340016
0.340013
0.340006
0.340005
0.340003
0.339996
0.339995
0.339993
0.339988
0.33998
0.339978
0.339974
0.339967
0.339966
0.339963
0.339957
0.339946
0.339944
0.33994
0.339931
0.339929
0.339925
0.339918
0.339916
0.339913
0.339907
0.339906
0.339904
0.339899
0.33989
0.339888
0.339885
0.339877
0.339876
0.339873
0.339867
0.339866
0.339864
0.339859
0.33985
0.339848
0.339844
0.339837
0.339835
0.339832
0.339826
0.339814
0.339812
0.339807
0.339806
0.339804
0.339801
0.339793
0.339791
0.33979
0.339782
0.339771
0.339768
0.339764
0.339763
0.339761
0.339757
0.339749
0.339748
0.339744
0.339738
0.339737
0.339735
0.33973
0.33972
0.3397
0.339696
0.339688
0.339687
0.339684
0.339677
0.339676
0.339673
0.339668
0.339658
0.339656
0.339652
0.339644
0.339643
0.33964
0.339633
0.339632
0.339629
0.339624
0.339614
0.339612
0.339608
0.3396
0.339598
0.339595
0.339588
0.339587
0.339584
0.339579
0.339569
0.339566
0.339562
0.339554
0.339552
0.33955
0.339542
0.339541
0.339538
0.339533
0.339522
0.33952
0.339516
0.339515
0.339513
0.33951
0.339503
0.339501
0.339499
0.339493
0.339483
0.33948
0.339476
0.339475
0.339473
0.33947
0.339463
0.339462
0.339459
0.339453
0.339442
0.33944
0.339436
0.339435
0.339433
0.339429
0.339422
0.339421
0.339418
0.339412
0.339411
0.339409
0.339405
0.339396
0.339378
0.339374
0.339367
0.339364
0.339362
0.339355
0.339354
0.339352
0.339347
0.339338
0.33932
0.339318
0.339309
0.339307
0.339304
0.339298
0.339297
0.339294
0.33929
0.33928
0.339262
0.339258
0.33925
0.339249
0.339246
0.33924
0.339238
0.339236
0.339231
0.339222
0.33922
0.339216
0.339208
0.339207
0.339204
0.339198
0.339197
0.339194
0.339189
0.33918
0.339178
0.339174
0.339166
0.339164
0.339162
0.339155
0.339154
0.339151
0.339146
0.339137
0.339134
0.339131
0.33913
0.339128
0.339125
0.339119
0.339118
0.339115
0.33911
0.3391
0.339098
0.339096
0.339086
0.339071
0.339067
0.339061
0.33906
0.339057
0.339052
0.339042
0.33904
0.339036
0.339035
0.339033
0.33903
0.339024
0.339022
0.33902
0.339015
0.339004
0.339002
0.338998
0.338997
0.338995
0.338992
0.338985
0.338984
0.338981
0.338976
0.338975
0.338973
0.338969
0.33896
0.338943
0.33894
0.338933
0.338931
0.338929
0.338923
0.338922
0.338919
0.338915
0.338907
0.338889
0.338886
0.338879
0.338877
0.338875
0.338869
0.338868
0.338865
0.338863
0.338852
0.33885
0.338846
0.338846
0.338844
0.338841
0.338836
0.338835
0.338832
0.338828
0.338819
0.338817
0.338814
0.338806
0.338805
0.338802
0.338796
0.338795
0.338793
0.338788
0.338779
0.338777
0.338774
0.338766
0.338765
0.338762
0.338756
0.338755
0.338752
0.338748
0.338738
0.338736
0.338733
0.338732
0.338731
0.338728
0.338722
0.33872
0.338718
0.338713
0.338704
0.338702
0.338698
0.338697
0.338696
0.338693
0.338687
0.338686
0.338683
0.33868
0.338668
0.338665
0.338662
0.338661
0.338659
0.338656
0.33865
0.338649
0.338646
0.338641
0.33864
0.338638
0.338634
0.338627
0.338625
0.338622
0.338616
0.338614
0.338612
0.338607
0.338597
0.338594
0.338591
0.33859
0.338588
0.338585
0.338579
0.338577
0.338575
0.33857
0.338569
0.338567
0.338562
0.338554
0.338538
0.338535
0.338528
0.338515
0.338512
0.338507
0.338506
0.338504
0.3385
0.338491
0.338475
0.338472
0.338465
0.338452
0.338449
0.338446
0.338444
0.338442
0.338438
0.33843
0.338427
0.338424
0.338417
0.338416
0.338413
0.338407
0.338406
0.338404
0.3384
0.338391
0.338389
0.338386
0.338379
0.338378
0.338375
0.338369
0.338368
0.338366
0.338362
0.338353
0.338351
0.338348
0.338347
0.338345
0.338343
0.338337
0.338336
0.338334
0.338329
0.33832
0.338318
0.338315
0.338314
0.338313
0.33831
0.338304
0.338303
0.338301
0.338296
0.338287
0.338285
0.338281
0.338281
0.338279
0.338276
0.338273
0.338271
0.338269
0.338264
0.338255
0.338253
0.338249
0.338242
0.33824
0.338237
0.338231
0.33823
0.338228
0.338223
0.338221
0.33822
0.338216
0.338208
0.338207
0.338204
0.338198
0.338196
0.338194
0.338189
0.338188
0.338186
0.338182
0.338175
0.338159
0.338156
0.33815
0.338149
0.338146
0.338141
0.33814
0.338138
0.338134
0.338126
0.338125
0.338122
0.338115
0.338114
0.338112
0.338106
0.338105
0.338103
0.338099
0.338091
0.33809
0.338087
0.338083
0.338081
0.338079
0.338073
0.338072
0.33807
0.338066
0.338058
0.338056
0.338053
0.338046
0.338045
0.338042
0.338037
0.338036
0.338034
0.338029
0.338021
0.338019
0.338016
0.338015
0.338014
0.338011
0.338006
0.338005
0.338003
0.337999
0.33799
0.337988
0.337985
0.337984
0.337983
0.33798
0.337975
0.337974
0.337971
0.337967
0.337958
0.337956
0.337953
0.337952
0.337951
0.337948
0.337943
0.337942
0.337939
0.337935
0.337934
0.337932
0.337929
0.337924
0.337907
0.337904
0.337898
0.337897
0.337895
0.33789
0.337882
0.337879
0.337876
0.337875
0.337874
0.337871
0.337865
0.337864
0.337862
0.337857
0.337856
0.337854
0.337851
0.337843
0.337829
0.337826
0.33782
0.337818
0.337816
0.337811
0.33781
0.337808
0.337804
0.337797
0.337796
0.337793
0.337787
0.337785
0.337783
0.337778
0.337777
0.337775
0.337771
0.337764
0.337762
0.337759
0.337753
0.337752
0.337749
0.337744
0.337743
0.337742
0.337738
0.337733
0.33773
0.337728
0.337721
0.337719
0.337717
0.337712
0.337711
0.337709
0.337704
0.337704
0.337702
0.337699
0.337693
0.337691
0.337689
0.337684
0.337683
0.337681
0.337677
0.337669
0.337667
0.337664
0.337663
0.337662
0.337659
0.337654
0.337653
0.337651
0.337647
0.337638
0.337637
0.337633
0.337633
0.337631
0.337629
0.337624
0.337622
0.33762
0.337616
0.337608
0.337606
0.337603
0.337602
0.337601
0.337598
0.337593
0.337592
0.337589
0.337585
0.337585
0.337582
0.337579
0.337572
0.337571
0.337568
0.337563
0.337561
0.337559
0.337554
0.337554
0.337552
0.337548
0.337541
0.337527
0.337524
0.337524
0.337523
0.337521
0.337516
0.337515
0.337513
0.33751
0.337503
0.337501
0.337498
0.337493
0.337491
0.337489
0.337485
0.337484
0.337482
0.337478
0.337471
0.337469
0.337467
0.337461
0.337459
0.337457
0.337452
0.337451
0.33745
0.337446
0.337438
0.337437
0.337434
0.337433
0.337432
0.33743
0.337425
0.337424
0.337422
0.337419
0.337418
0.337416
0.337413
0.337407
0.337406
0.337404
0.337399
0.337397
0.337396
0.337391
0.337391
0.337389
0.337386
0.33738
0.337379
0.337376
0.337371
0.33737
0.337368
0.337364
0.337364
0.337362
0.337359
0.337353
0.337351
0.337349
0.337344
0.337343
0.337341
0.337337
0.337329
0.337327
0.337324
0.337323
0.337322
0.337319
0.337314
0.337313
0.337311
0.337307
0.337299
0.337297
0.337294
0.337287
0.337286
0.337283
0.337278
0.337277
0.337277
0.337277
0.337276
0.337274
0.337271
0.337264
0.337251
0.337248
0.337247
0.337246
0.337244
0.33724
0.337239
0.337237
0.337234
0.337227
0.337225
0.337223
0.337217
0.337216
0.337214
0.33721
0.337209
0.337207
0.337204
0.337197
0.337195
0.337193
0.337187
0.337186
0.337184
0.337179
0.337178
0.337176
0.337173
0.337166
0.337164
0.337161
0.337161
0.33716
0.337157
0.337153
0.337152
0.33715
0.337147
0.337139
0.337138
0.337135
0.337134
0.337134
0.337131
0.337127
0.337126
0.337124
0.33712
0.337119
0.337118
0.337115
0.337109
0.337108
0.337105
0.337101
0.3371
0.337098
0.337094
0.337093
0.337092
0.337089
0.337083
0.337071
0.337068
0.337068
0.337067
0.337065
0.337061
0.33706
0.337059
0.337055
0.337049
0.337048
0.337046
0.337041
0.33704
0.337038
0.337034
0.337033
0.337032
0.337029
0.337022
0.33701
0.337007
0.337002
0.337001
0.336999
0.336995
0.336995
0.336993
0.33699
0.336984
0.336976
0.336972
0.336972
0.336971
0.336969
0.336965
0.336964
0.336962
0.336959
0.336952
0.336951
0.336949
0.336943
0.336942
0.33694
0.336936
0.336935
0.336934
0.33693
0.336924
0.336922
0.33692
0.336914
0.336913
0.336911
0.336907
0.336906
0.336904
0.336901
0.336894
0.336893
0.33689
0.336889
0.336888
0.336886
0.336882
0.336881
0.336879
0.336876
0.336869
0.336868
0.336865
0.336864
0.336863
0.336861
0.336857
0.336856
0.336854
0.336851
0.336844
0.336843
0.336842
0.336842
0.336841
0.336839
0.336834
0.336833
0.336831
0.336828
0.336821
0.336819
0.336816
0.336816
0.336815
0.336812
0.336808
0.336807
0.336805
0.336801
0.336801
0.336799
0.336796
0.33679
0.336779
0.336776
0.336772
0.336771
0.336769
0.336765
0.336764
0.336763
0.33676
0.336754
0.336742
0.33674
0.336735
0.336734
0.336732
0.336728
0.336721
0.336719
0.336716
0.336715
0.336714
0.336712
0.336707
0.336706
0.336704
0.3367
0.336699
0.336698
0.336695
0.336694
0.336693
0.33669
0.336685
0.336685
0.336683
0.336679
0.336678
0.336676
0.336673
0.336667
0.336666
0.336663
0.336658
0.336657
0.336655
0.336651
0.33665
0.336649
0.336645
0.336639
0.336637
0.336635
0.336635
0.336633
0.336631
0.336627
0.336627
0.336625
0.336622
0.336615
0.336614
0.336611
0.336611
0.33661
0.336607
0.336603
0.336602
0.336601
0.336597
0.336591
0.336589
0.336587
0.336586
0.336585
0.336583
0.336579
0.336578
0.336577
0.336573
0.336572
0.336571
0.336568
0.336562
0.336552
0.336549
0.336545
0.336544
0.336542
0.336539
0.336538
0.336537
0.336534
0.336528
0.336517
0.336515
0.336514
0.336513
0.336512
0.336508
0.336507
0.336506
0.336503
0.336497
0.336486
0.336484
0.336479
0.336478
0.336476
0.336473
0.336472
0.336471
0.336468
0.336462
0.336461
0.336458
0.336454
0.336453
0.336451
0.336447
0.336447
0.336445
0.336442
0.336436
0.336435
0.336433
0.336428
0.336427
0.336426
0.336421
0.336415
0.336413
0.33641
0.336404
0.336403
0.3364
0.336395
0.336394
0.336393
0.336389
0.336388
0.336386
0.336383
0.336377
0.336376
0.336374
0.336373
0.336372
0.33637
0.336366
0.336365
0.336364
0.336361
0.336355
0.336353
0.336351
0.33635
0.336349
0.336347
0.336343
0.336342
0.336341
0.336338
0.336331
0.33633
0.336328
0.336327
0.336326
0.336324
0.33632
0.336319
0.336317
0.336314
0.336313
0.336312
0.33631
0.336304
0.336294
0.336293
0.336288
0.336287
0.336285
0.336282
0.336281
0.33628
0.336277
0.336272
0.336261
0.336259
0.336259
0.336258
0.336256
0.336253
0.336252
0.33625
0.336248
0.336242
0.336232
0.336229
0.336225
0.336224
0.336223
0.336219
0.336212
0.336211
0.336208
0.336203
0.336201
0.336199
0.336195
0.336194
0.336192
0.336188
0.336187
0.336186
0.336183
0.336178
0.336177
0.336174
0.33617
0.336169
0.336167
0.336163
0.336163
0.336161
0.336158
0.336153
0.336151
0.33615
0.336144
0.336136
0.336134
0.336131
0.336123
0.336109
0.336106
0.336105
0.336104
0.336102
0.336097
0.336096
0.336094
0.336091
0.33609
0.336088
0.336085
0.33608
0.336078
0.336076
0.336071
0.33607
0.336069
0.336065
0.336064
0.336062
0.336059
0.336059
0.336057
0.336055
0.33605
0.336049
0.336047
0.336044
0.336043
0.336041
0.336038
0.336037
0.336036
0.336034
0.336029
0.336019
0.336017
0.336013
0.336012
0.336011
0.336007
0.336007
0.336005
0.336004
0.335998
0.335997
0.335995
0.335991
0.33599
0.335988
0.335985
0.335984
0.335983
0.33598
0.335975
0.335965
0.335963
0.335959
0.335958
0.335956
0.335953
0.335952
0.335951
0.335948
0.335943
0.335942
0.33594
0.335936
0.335935
0.335933
0.33593
0.335929
0.335928
0.335925
0.33592
0.335919
0.335917
0.335913
0.335912
0.33591
0.335907
0.335906
0.335905
0.335902
0.335896
0.335895
0.335893
0.335893
0.335892
0.33589
0.335887
0.335886
0.335885
0.335883
0.335876
0.335875
0.335873
0.335872
0.335871
0.33587
0.335866
0.335865
0.335864
0.335861
0.335856
0.335854
0.335852
0.335852
0.335851
0.335849
0.335845
0.335845
0.335843
0.33584
0.335835
0.335833
0.335831
0.335831
0.33583
0.335828
0.335824
0.335823
0.335822
0.335819
0.335813
0.335812
0.33581
0.335809
0.335808
0.335806
0.335803
0.335802
0.3358
0.335797
0.335792
0.33579
0.335788
0.335783
0.335782
0.33578
0.33578
0.335779
0.335777
0.335776
0.335775
0.335774
0.335771
0.335766
0.335765
0.335763
0.335759
0.335758
0.335757
0.335754
0.335753
0.335752
0.335749
0.335744
0.335743
0.335741
0.335737
0.335736
0.335735
0.335732
0.335731
0.33573
0.335727
0.335722
0.335721
0.335719
0.335715
0.335714
0.335713
0.335709
0.335708
0.335707
0.335705
0.335699
0.335698
0.335696
0.335696
0.335695
0.335693
0.33569
0.335689
0.335688
0.335685
0.33568
0.335679
0.335677
0.335677
0.335676
0.335674
0.335672
0.335671
0.33567
0.335667
0.335662
0.335651
0.335649
0.335648
0.335647
0.335646
0.335645
0.335645
0.335643
0.33564
0.33564
0.335639
0.335637
0.335632
0.335631
0.33563
0.335626
0.335625
0.335624
0.335621
0.335616
0.335614
0.335612
0.335612
0.335611
0.335609
0.335606
0.335605
0.335603
0.335601
0.3356
0.335599
0.335597
0.335592
0.335583
0.335565
0.335564
0.335564
0.335562
0.335559
0.335559
0.335557
0.335555
0.33555
0.335549
0.335548
0.335545
0.335544
0.335543
0.33554
0.335534
0.335533
0.33553
0.335526
0.335525
0.335523
0.335519
0.335518
0.335517
0.335513
0.335513
0.335512
0.335509
0.335504
0.335503
0.335501
0.335498
0.335497
0.335495
0.335492
0.335491
0.33549
0.335488
0.335483
0.335482
0.33548
0.335479
0.335479
0.335477
0.335474
0.335473
0.335472
0.335469
0.335464
0.335463
0.335461
0.335461
0.33546
0.335459
0.335455
0.335455
0.335453
0.335451
0.335446
0.335444
0.335443
0.335442
0.335441
0.33544
0.335436
0.33543
0.335428
0.335426
0.335421
0.335419
0.335417
0.335417
0.335416
0.335415
0.335411
0.335411
0.335409
0.335407
0.335406
0.335405
0.335403
0.335399
0.33539
0.335388
0.335385
0.335384
0.335383
0.33538
0.335379
0.335378
0.335376
0.335372
0.335363
0.335361
0.335358
0.335357
0.335356
0.335353
0.335352
0.335351
0.335349
0.335345
0.335336
0.335334
0.335333
0.335333
0.335331
0.335328
0.335328
0.335327
0.335324
0.335321
0.33532
0.335319
0.335315
0.335314
0.335313
0.33531
0.335309
0.335308
0.335305
0.335301
0.3353
0.335298
0.335294
0.335294
0.335292
0.335289
0.335288
0.335287
0.335285
0.33528
0.335279
0.335277
0.335277
0.335276
0.335275
0.335272
0.335271
0.33527
0.335268
0.335263
0.335262
0.33526
0.335259
0.335259
0.335257
0.335254
0.335253
0.335252
0.33525
0.335245
0.335244
0.335242
0.335242
0.335241
0.335239
0.335236
0.335235
0.335234
0.335232
0.335231
0.33523
0.335228
0.335224
0.335223
0.335222
0.335219
0.335218
0.335217
0.335214
0.335213
0.335212
0.33521
0.335206
0.335198
0.335196
0.335193
0.335192
0.335191
0.335188
0.335188
0.335186
0.335184
0.33518
0.335172
0.33517
0.335167
0.335166
0.335165
0.335162
0.335162
0.335161
0.335159
0.335154
0.335146
0.335144
0.335144
0.335143
0.335142
0.335139
0.335138
0.335137
0.335135
0.335131
0.33513
0.335128
0.335125
0.335124
0.335122
0.33512
0.335119
0.335118
0.335116
0.335115
0.335114
0.335113
0.335109
0.335108
0.335107
0.335104
0.335104
0.335102
0.3351
0.335096
0.335095
0.335093
0.335093
0.335092
0.33509
0.335088
0.335087
0.335086
0.335084
0.335079
0.335078
0.335076
0.335076
0.335075
0.335074
0.335071
0.33507
0.335069
0.335067
0.335062
0.335061
0.335059
0.335059
0.335058
0.335056
0.335053
0.335053
0.335052
0.335049
0.335049
0.335048
0.335046
0.335042
0.335034
0.335033
0.33503
0.335029
0.335029
0.335029
0.335028
0.335027
0.335025
0.335021
0.335021
0.335019
0.335016
0.335015
0.335014
0.335011
0.335011
0.33501
0.335008
0.335004
0.334996
0.334994
0.334991
0.334991
0.334989
0.334987
0.334982
0.334981
0.334979
0.334975
0.334974
0.334972
0.334972
0.334971
0.33497
0.334967
0.334967
0.334966
0.334964
0.33496
0.334959
0.334957
0.334954
0.334953
0.334952
0.334949
0.334949
0.334947
0.334945
0.334941
0.33494
0.334939
0.334935
0.334935
0.334935
0.334934
0.334934
0.334933
0.334931
0.334926
0.334918
0.334916
0.334916
0.334915
0.334914
0.334911
0.33491
0.334909
0.334907
0.334903
0.334901
0.3349
0.334899
0.334899
0.334897
0.334895
0.334894
0.334893
0.334891
0.334886
0.334885
0.334883
0.334883
0.334882
0.334881
0.334878
0.334877
0.334876
0.334874
0.334874
0.334873
0.334871
0.334867
0.33486
0.334858
0.334855
0.334854
0.334853
0.334851
0.33485
0.334849
0.334848
0.334844
0.334843
0.334842
0.334839
0.334838
0.334837
0.334835
0.334834
0.334833
0.334831
0.334827
0.33482
0.334818
0.334815
0.334815
0.334813
0.334811
0.33481
0.334809
0.334808
0.334804
0.334796
0.334794
0.334794
0.334793
0.334792
0.33479
0.334789
0.334788
0.334786
0.334782
0.334781
0.33478
0.334777
0.334776
0.334775
0.334772
0.334772
0.334771
0.334768
0.334764
0.334764
0.334762
0.334759
0.334758
0.334757
0.334754
0.334754
0.334753
0.33475
0.334746
0.334746
0.334746
0.334745
0.334745
0.334743
0.334741
0.33474
0.334739
0.334737
0.334733
0.334732
0.33473
0.334727
0.334726
0.334725
0.334722
0.334721
0.33472
0.334718
0.334718
0.334717
0.334715
0.334712
0.334711
0.33471
0.334707
0.334706
0.334705
0.334703
0.334703
0.334702
0.3347
0.334696
0.33469
0.334688
0.334688
0.334687
0.334686
0.334684
0.334683
0.334682
0.33468
0.334677
0.334676
0.334675
0.334672
0.334671
0.33467
0.334668
0.334667
0.334667
0.334665
0.334661
0.33466
0.334659
0.334659
0.334658
0.334657
0.334655
0.334654
0.334653
0.334651
0.334648
0.334647
0.334645
0.334642
0.334642
0.334641
0.334638
0.334638
0.334637
0.334635
0.334631
0.33463
0.334629
0.334626
0.334625
0.334624
0.334622
0.334621
0.33462
0.334618
0.334614
0.334614
0.334612
0.334609
0.334608
0.334607
0.334604
0.334604
0.334603
0.334601
0.334597
0.334596
0.334595
0.334594
0.334594
0.334592
0.33459
0.334589
0.334589
0.334586
0.334586
0.334585
0.334583
0.33458
0.334574
0.334572
0.33457
0.334569
0.334568
0.334566
0.334562
0.334561
0.33456
0.334559
0.334559
0.334557
0.334555
0.334554
0.334553
0.334551
0.334547
0.334546
0.334544
0.334544
0.334543
0.334542
0.334539
0.334539
0.334538
0.334535
0.334531
0.33453
0.334529
0.334528
0.334528
0.334526
0.334523
0.334523
0.334522
0.33452
0.334515
0.334514
0.334513
0.334509
0.334508
0.334507
0.334507
0.334506
0.334505
0.334503
0.334499
0.334498
0.334496
0.334492
0.334491
0.33449
0.33449
0.334489
0.334488
0.334486
0.334485
0.334484
0.334483
0.334479
0.334478
0.334477
0.334474
0.334473
0.334472
0.33447
0.334469
0.334468
0.334466
0.334463
0.334462
0.334461
0.334458
0.334457
0.334456
0.334453
0.334453
0.334452
0.33445
0.334446
0.334445
0.334444
0.334444
0.334443
0.334442
0.334439
0.334439
0.334438
0.334436
0.334432
0.334431
0.33443
0.334429
0.334429
0.334428
0.334425
0.33442
0.334419
0.334417
0.334413
0.334413
0.334411
0.334408
0.334407
0.334406
0.334403
0.334403
0.334402
0.3344
0.334399
0.334399
0.334397
0.334394
0.334393
0.334392
0.334389
0.334389
0.334388
0.334386
0.334382
0.334381
0.334379
0.334379
0.334378
0.334377
0.334374
0.334374
0.334373
0.334371
0.334366
0.334365
0.334364
0.334363
0.334363
0.334361
0.334359
0.334358
0.334357
0.334355
0.334351
0.33435
0.334348
0.334348
0.334347
0.334346
0.334343
0.334338
0.334337
0.334335
0.33433
0.334329
0.334328
0.334324
0.334323
0.334322
0.334322
0.334321
0.33432
0.334318
0.334317
0.334316
0.334315
0.334311
0.33431
0.334309
0.334306
0.334305
0.334304
0.334302
0.334302
0.334301
0.334299
0.334295
0.334294
0.334293
0.334293
0.334292
0.334291
0.334289
0.334288
0.334287
0.334285
0.334282
0.334281
0.334279
0.334279
0.334279
0.334277
0.334275
0.334275
0.334274
0.334272
0.334268
0.334267
0.334266
0.334262
0.334257
0.334255
0.334253
0.334253
0.334252
0.33425
0.334249
0.334248
0.334247
0.334244
0.334243
0.334242
0.33424
0.334239
0.334238
0.334236
0.334232
0.334231
0.33423
0.334229
0.334229
0.334228
0.334225
0.334225
0.334224
0.334222
0.334221
0.33422
0.334219
0.334216
0.334209
0.334208
0.334205
0.334205
0.334204
0.334202
0.334201
0.3342
0.334199
0.334195
0.334195
0.334194
0.334191
0.33419
0.334189
0.334187
0.334187
0.334186
0.334185
0.334181
0.33418
0.334179
0.334176
0.334175
0.334175
0.334172
0.334172
0.334171
0.334169
0.334166
0.334165
0.334164
0.334161
0.33416
0.334159
0.334157
0.334157
0.334156
0.334154
0.33415
0.33415
0.334148
0.334148
0.334148
0.334146
0.334144
0.334144
0.334143
0.334141
0.334138
0.334137
0.334135
0.334135
0.334135
0.334133
0.334131
0.334131
0.33413
0.334128
0.334124
0.334123
0.334122
0.334122
0.334121
0.33412
0.334118
0.334117
0.334116
0.334115
0.334115
0.334114
0.334113
0.33411
0.334109
0.334108
0.334105
0.334105
0.334104
0.334102
0.334102
0.334101
0.334099
0.334096
0.334096
0.334094
0.334092
0.334092
0.334091
0.334089
0.334085
0.334084
0.334082
0.334079
0.334079
0.334077
0.334077
0.334077
0.334076
0.334074
0.334073
0.334073
0.334071
0.334068
0.334067
0.334066
0.334063
0.334063
0.334062
0.33406
0.33406
0.334059
0.334057
0.334054
0.334053
0.334052
0.334049
0.334049
0.334048
0.334047
0.334046
0.334045
0.334044
0.33404
0.33404
0.334038
0.334038
0.334038
0.334037
0.334034
0.334034
0.334033
0.334032
0.334028
0.334027
0.334026
0.334024
0.334023
0.334022
0.33402
0.334019
0.334018
0.334016
0.334016
0.334015
0.334014
0.334011
0.334011
0.33401
0.334007
0.334007
0.334006
0.334004
0.334001
0.334
0.333999
0.333999
0.333998
0.333997
0.333995
0.333994
0.333993
0.333991
0.333988
0.333987
0.333986
0.333985
0.333985
0.333984
0.333982
0.333982
0.333981
0.333979
0.333976
0.333975
0.333973
0.33397
0.33397
0.333969
0.333966
0.333966
0.333965
0.333963
0.333963
0.333962
0.33396
0.333957
0.333951
0.33394
0.333939
0.333939
0.333938
0.333936
0.333936
0.333935
0.333933
0.33393
0.33393
0.333929
0.333926
0.333926
0.333925
0.333923
0.333922
0.333922
0.33392
0.333917
0.333916
0.333915
0.333913
0.333912
0.333911
0.333909
0.333909
0.333908
0.333906
0.333903
0.333903
0.333901
0.3339
0.333899
0.333898
0.333896
0.333896
0.333895
0.333893
0.33389
0.333889
0.333888
0.333886
0.333885
0.333884
0.333882
0.333881
0.333881
0.333879
0.333879
0.333878
0.333877
0.333874
0.333873
0.333872
0.33387
0.33387
0.333869
0.333867
0.333864
0.333863
0.333862
0.333862
0.333861
0.33386
0.333858
0.333858
0.333857
0.333855
0.333852
0.333851
0.33385
0.333849
0.333849
0.333848
0.333845
0.333845
0.333844
0.333842
0.333839
0.333838
0.333837
0.333837
0.333836
0.333835
0.333833
0.333828
0.333827
0.333826
0.333822
0.333821
0.33382
0.333817
0.333816
0.333815
0.333813
0.333813
0.333812
0.33381
0.333809
0.333809
0.333807
0.333804
0.333804
0.333803
0.3338
0.3338
0.333799
0.333797
0.333797
0.333796
0.333795
0.333792
0.333791
0.33379
0.333787
0.333787
0.333786
0.333784
0.333784
0.333783
0.333781
0.333778
0.333778
0.333777
0.333774
0.333774
0.333773
0.333771
0.33377
0.33377
0.333768
0.333768
0.333767
0.333766
0.333763
0.333763
0.333762
0.33376
0.33376
0.333759
0.333757
0.333754
0.333753
0.333752
0.333752
0.333751
0.33375
0.333748
0.333748
0.333747
0.333746
0.333742
0.333742
0.33374
0.33374
0.33374
0.333739
0.333737
0.333736
0.333735
0.333734
0.33373
0.33373
0.333728
0.333728
0.333728
0.333727
0.333725
0.333724
0.333723
0.333722
0.333721
0.333721
0.333719
0.333717
0.333711
0.33371
0.333708
0.333708
0.333707
0.333705
0.333705
0.333704
0.333703
0.333702
0.333702
0.333701
0.333699
0.333698
0.333697
0.333695
0.333695
0.333694
0.333693
0.33369
0.33369
0.333689
0.333686
0.333686
0.333685
0.333683
0.333683
0.333682
0.333681
0.333678
0.333677
0.333676
0.333674
0.333673
0.333673
0.333671
0.33367
0.33367
0.333668
0.333665
0.333665
0.333664
0.333661
0.333661
0.33366
0.333658
0.333657
0.333657
0.333655
0.333652
0.333652
0.33365
0.33365
0.33365
0.333649
0.333647
0.333647
0.333646
0.333644
0.333644
0.333643
0.333642
0.33364
0.333639
0.333638
0.333636
0.333636
0.333635
0.333633
0.333633
0.333633
0.333631
0.333629
0.333628
0.333627
0.333625
0.333625
0.333624
0.333623
0.333622
0.333622
0.33362
0.333618
0.333613
0.333612
0.333612
0.333611
0.33361
0.333609
0.333608
0.333608
0.333606
0.333604
0.333603
0.333602
0.3336
0.3336
0.333599
0.333597
0.333597
0.333596
0.333595
0.333592
0.333587
0.333586
0.333584
0.333584
0.333583
0.333581
0.333581
0.33358
0.333579
0.333576
0.333576
0.333574
0.333572
0.333572
0.333571
0.333569
0.333569
0.333568
0.333567
0.333564
0.333564
0.333562
0.33356
0.33356
0.333559
0.333557
0.333557
0.333556
0.333555
0.333552
0.333551
0.33355
0.333548
0.333548
0.333547
0.333545
0.333544
0.333544
0.333542
0.333539
0.333539
0.333538
0.333537
0.333537
0.333536
0.333534
0.333534
0.333533
0.333532
0.333529
0.333528
0.333527
0.333527
0.333527
0.333525
0.333524
0.333523
0.333523
0.333521
0.333521
0.33352
0.333519
0.333517
0.333516
0.333515
0.333513
0.333513
0.333512
0.333511
0.333508
0.333507
0.333506
0.333505
0.333505
0.333504
0.333502
0.333502
0.333501
0.333499
0.333499
0.333498
0.333497
0.333495
0.33349
0.333489
0.333487
0.333486
0.333486
0.333484
0.333484
0.333483
0.333482
0.333479
0.333474
0.333464
0.333464
0.333464
0.333463
0.333461
0.333461
0.33346
0.333459
0.333456
0.333456
0.333455
0.333455
0.333454
0.333453
0.333452
0.333451
0.333451
0.333449
0.333447
0.333446
0.333445
0.333443
0.333443
0.333442
0.33344
0.33344
0.333439
0.333438
0.333435
0.333435
0.333434
0.333431
0.333431
0.33343
0.333428
0.333428
0.333427
0.333426
0.333423
0.333423
0.333422
0.333419
0.333419
0.333418
0.333416
0.333416
0.333415
0.333414
0.333411
0.33341
0.333409
0.333409
0.333409
0.333408
0.333406
0.333405
0.333405
0.333403
0.333401
0.3334
0.3334
0.3334
0.333399
0.333398
0.333397
0.333396
0.333396
0.333394
0.333394
0.333393
0.333392
0.33339
0.333389
0.333388
0.333386
0.333386
0.333385
0.333384
0.333381
0.33338
0.333379
0.333379
0.333378
0.333377
0.333376
0.333375
0.333374
0.333373
0.333373
0.333372
0.333371
0.333368
0.333364
0.333363
0.333361
0.33336
0.333359
0.333358
0.333358
0.333357
0.333356
0.333353
0.333348
0.333347
0.333347
0.333347
0.333346
0.333344
0.333344
0.333344
0.333342
0.333342
0.333341
0.33334
0.333338
0.333338
0.333337
0.333335
0.333335
0.333334
0.333333
0.333331
0.33333
0.333329
0.333327
0.333326
0.333326
0.333324
0.333324
0.333323
0.333322
0.333319
0.333318
0.333317
0.333317
0.333317
0.333316
0.333314
0.333314
0.333313
0.333312
0.333309
0.333309
0.333308
0.333307
0.333307
0.333306
0.333304
0.333304
0.333303
0.333302
0.333299
0.333299
0.333298
0.333297
0.333297
0.333296
0.333294
0.333294
0.333294
0.333292
0.333292
0.333291
0.33329
0.333288
0.333283
0.333282
0.33328
0.33328
0.333279
0.333278
0.333278
0.333277
0.333276
0.333274
0.333269
0.333268
0.333268
0.333267
0.333267
0.333265
0.333265
0.333264
0.333263
0.333261
0.333256
0.333255
0.333253
0.333253
0.333252
0.333251
0.33325
0.33325
0.333249
0.333246
0.333242
0.33324
0.33324
0.33324
0.333239
0.333238
0.333237
0.333237
0.333235
0.333233
0.333232
0.333231
0.33323
0.333229
0.333229
0.333227
0.333224
0.333223
0.333222
0.33322
0.333219
0.333218
0.333216
0.333216
0.333215
0.333213
0.333213
0.333212
0.333211
0.333208
0.333208
0.333207
0.333207
0.333206
0.333205
0.333204
0.333204
0.333203
0.333202
0.333199
0.333198
0.333198
0.333197
0.333197
0.333196
0.333194
0.333194
0.333193
0.333192
0.33319
0.333189
0.333188
0.333188
0.333187
0.333186
0.333185
0.333184
0.333184
0.333182
0.333182
0.333182
0.33318
0.333178
0.333178
0.333177
0.333175
0.333172
0.333165
0.333165
0.333165
0.333164
0.333163
0.333161
0.33316
0.33316
0.333158
0.333157
0.333157
0.333155
0.333155
0.333154
0.333153
0.333151
0.333147
0.333146
0.333144
0.333143
0.333143
0.333141
0.333141
0.33314
0.333139
0.333137
0.333133
0.333132
0.333131
0.333131
0.33313
0.333129
0.333128
0.333128
0.333127
0.333124
0.333124
0.333123
0.333121
0.333121
0.33312
0.333118
0.333118
0.333118
0.333116
0.333114
0.333114
0.333113
0.333111
0.333107
0.333099
0.333098
0.333097
0.333097
0.333096
0.333093
0.333093
0.333092
0.33309
0.333089
0.333089
0.333087
0.333087
0.333086
0.333085
0.333082
0.333082
0.333081
0.333079
0.333079
0.333078
0.333076
0.333076
0.333075
0.333074
0.333074
0.333073
0.333072
0.33307
0.33307
0.333069
0.333067
0.333067
0.333066
0.333065
0.333063
0.333062
0.333061
0.333061
0.33306
0.33306
0.333058
0.333058
0.333057
0.333056
0.333055
0.333055
0.333054
0.333052
0.333051
0.33305
0.333049
0.333048
0.333048
0.333046
0.333046
0.333046
0.333044
0.333042
0.333038
0.33303
0.333029
0.333029
0.333028
0.333027
0.333027
0.333026
0.333025
0.333023
0.333022
0.333022
0.33302
0.333019
0.333019
0.333017
0.333017
0.333017
0.333015
0.333013
0.333013
0.333012
0.33301
0.33301
0.333009
0.333008
0.333007
0.333007
0.333006
0.333003
0.333003
0.333002
0.333
0.333
0.332999
0.332998
0.332997
0.332997
0.332996
0.332993
0.332992
0.332992
0.332991
0.332991
0.33299
0.332989
0.332988
0.332988
0.332987
0.332984
0.332984
0.332983
0.332983
0.332982
0.332982
0.33298
0.33298
0.332979
0.332978
0.332975
0.332975
0.332974
0.332974
0.332973
0.332973
0.332971
0.332971
0.33297
0.332969
0.332969
0.332968
0.332967
0.332965
0.332965
0.332964
0.332962
0.332962
0.332962
0.33296
0.332958
0.332957
0.332956
0.332956
0.332956
0.332955
0.332953
0.332953
0.332952
0.332951
0.332951
0.332951
0.33295
0.332948
0.332947
0.332946
0.332945
0.332944
0.332944
0.332942
0.332942
0.332941
0.33294
0.332938
0.332934
0.332933
0.332933
0.332933
0.332932
0.332931
0.33293
0.33293
0.332929
0.332927
0.332926
0.332925
0.332924
0.332923
0.332923
0.332921
0.332921
0.33292
0.332919
0.332917
0.332917
0.332916
0.332914
0.332914
0.332913
0.332911
0.332911
0.332911
0.332909
0.332907
0.332907
0.332906
0.332906
0.332905
0.332905
0.332904
0.332903
0.332903
0.332902
0.332899
0.332895
0.332894
0.332894
0.332893
0.332893
0.332891
0.332891
0.33289
0.332889
0.332889
0.332888
0.332887
0.332886
0.332885
0.332884
0.332883
0.332883
0.332882
0.332881
0.332878
0.332878
0.332877
0.332877
0.332876
0.332876
0.332874
0.332874
0.332873
0.332872
0.332872
0.332871
0.33287
0.332868
0.332865
0.332864
0.332862
0.332862
0.332861
0.33286
0.33286
0.332859
0.332858
0.332856
0.332852
0.332851
0.332851
0.332851
0.33285
0.332849
0.332849
0.332848
0.332847
0.332845
0.332845
0.332844
0.332842
0.332842
0.332841
0.33284
0.33284
0.332839
0.332838
0.332836
0.332836
0.332835
0.332833
0.332833
0.332832
0.332831
0.332831
0.33283
0.332829
0.332827
0.332827
0.332826
0.332824
0.332824
0.332823
0.332822
0.332822
0.332821
0.33282
0.332818
0.332817
0.332816
0.332816
0.332816
0.332815
0.332814
0.332814
0.332813
0.332812
0.33281
0.332809
0.332808
0.332808
0.332808
0.332807
0.332806
0.332806
0.332805
0.332804
0.332802
0.332801
0.3328
0.332799
0.332798
0.332797
0.332796
0.332796
0.332795
0.332794
0.332794
0.332793
0.332792
0.33279
0.33279
0.332789
0.332788
0.332788
0.332787
0.332786
0.332783
0.332783
0.332782
0.332782
0.332781
0.332781
0.332779
0.332779
0.332778
0.332777
0.332777
0.332776
0.332775
0.332774
0.33277
0.332769
0.332767
0.332767
0.332767
0.332765
0.332765
0.332765
0.332764
0.332762
0.332762
0.332761
0.33276
0.332759
0.332759
0.332757
0.332757
0.332757
0.332756
0.332754
0.332753
0.332752
0.332751
0.332751
0.33275
0.332749
0.332748
0.332748
0.332747
0.332745
0.332744
0.332744
0.332742
0.332742
0.332741
0.33274
0.332739
0.332739
0.332738
0.332736
0.332735
0.332735
0.332733
0.332732
0.332732
0.33273
0.33273
0.33273
0.332729
0.332726
0.332726
0.332725
0.332725
0.332725
0.332724
0.332723
0.332722
0.332722
0.332721
0.332721
0.33272
0.332719
0.332717
0.332717
0.332716
0.332715
0.332715
0.332714
0.332713
0.332713
0.332712
0.332712
0.33271
0.332709
0.332709
0.332707
0.332707
0.332706
0.332705
0.332703
0.332703
0.332702
0.332702
0.332701
0.3327
0.332699
0.332699
0.332698
0.332697
0.332697
0.332696
0.332695
0.332694
0.33269
0.332689
0.332688
0.332687
0.332687
0.332686
0.332685
0.332685
0.332684
0.332682
0.332678
0.332678
0.332676
0.332676
0.332675
0.332674
0.332674
0.332673
0.332672
0.332672
0.332672
0.332671
0.332669
0.332669
0.332668
0.332667
0.332667
0.332666
0.332665
0.332663
0.332663
0.332662
0.332661
0.33266
0.33266
0.332658
0.332658
0.332658
0.332657
0.332655
0.332654
0.332653
0.332652
0.332651
0.332651
0.332649
0.332649
0.332649
0.332648
0.332646
0.332645
0.332644
0.332644
0.332644
0.332643
0.332642
0.332642
0.332641
0.33264
0.332638
0.332637
0.332637
0.332637
0.332636
0.332636
0.332634
0.332634
0.332633
0.332632
0.332632
0.332632
0.332631
0.332629
0.332629
0.332628
0.332627
0.332626
0.332626
0.332625
0.332625
0.332624
0.332623
0.332622
0.332621
0.33262
0.332619
0.332619
0.332618
0.332617
0.332617
0.332616
0.332616
0.332614
0.33261
0.33261
0.332608
0.332608
0.332607
0.332606
0.332606
0.332605
0.332605
0.332603
0.332599
0.332598
0.332597
0.332597
0.332596
0.332595
0.332595
0.332594
0.332593
0.332591
0.332591
0.33259
0.332589
0.332589
0.332588
0.332587
0.332587
0.332586
0.332585
0.332583
0.332583
0.332582
0.332581
0.33258
0.33258
0.332578
0.332578
0.332578
0.332577
0.332575
0.332574
0.332574
0.332572
0.332572
0.332571
0.33257
0.33257
0.332569
0.332568
0.332566
0.332566
0.332565
0.332565
0.332565
0.332564
0.332563
0.332562
0.332562
0.332561
0.332559
0.332559
0.332558
0.332558
0.332557
0.332557
0.332555
0.332555
0.332555
0.332554
0.332552
0.332551
0.33255
0.33255
0.33255
0.332549
0.332549
0.332549
0.332548
0.332547
0.332547
0.332547
0.332546
0.332544
0.332544
0.332543
0.332542
0.332541
0.332541
0.33254
0.332538
0.332537
0.332536
0.332536
0.332536
0.332535
0.332534
0.332534
0.332533
0.332532
0.332532
0.332531
0.33253
0.332529
0.332525
0.332524
0.332523
0.332523
0.332522
0.332521
0.332521
0.33252
0.332519
0.332518
0.332517
0.332517
0.332515
0.332515
0.332514
0.332513
0.332513
0.332513
0.332512
0.33251
0.33251
0.332509
0.332509
0.332508
0.332508
0.332507
0.332506
0.332506
0.332505
0.332503
0.332503
0.332502
0.3325
0.3325
0.3325
0.332498
0.332498
0.332498
0.332497
0.332495
0.332494
0.332494
0.332493
0.332493
0.332492
0.332491
0.332491
0.332491
0.33249
0.332488
0.332487
0.332486
0.332486
0.332486
0.332485
0.332484
0.332484
0.332483
0.332482
0.33248
0.33248
0.332479
0.332479
0.332479
0.332478
0.332477
0.332477
0.332476
0.332475
0.332475
0.332475
0.332474
0.332472
0.332472
0.332471
0.33247
0.332469
0.332469
0.332468
0.332468
0.332467
0.332466
0.332465
0.332464
0.332464
0.332462
0.332462
0.332462
0.332461
0.332459
0.332458
0.332457
0.332456
0.332455
0.332454
0.332454
0.332454
0.332454
0.332452
0.332452
0.332452
0.332451
0.332449
0.332449
0.332448
0.332447
0.332447
0.332446
0.332445
0.332445
0.332444
0.332443
0.332442
0.332441
0.332441
0.332439
0.332439
0.332438
0.332437
0.332437
0.332437
0.332436
0.332435
0.332435
0.332434
0.332433
0.332433
0.332432
0.332431
0.332431
0.33243
0.332429
0.332427
0.332427
0.332426
0.332425
0.332424
0.332424
0.332423
0.332422
0.332422
0.332421
0.332419
0.332419
0.332418
0.332418
0.332418
0.332417
0.332416
0.332416
0.332415
0.332414
0.332412
0.332412
0.332411
0.332411
0.332411
0.33241
0.332409
0.332409
0.332408
0.332407
0.332407
0.332406
0.332406
0.332404
0.332401
0.3324
0.332399
0.332399
0.332398
0.332397
0.332397
0.332397
0.332396
0.332394
0.332391
0.33239
0.332389
0.332389
0.332388
0.332387
0.332387
0.332387
0.332386
0.332384
0.332381
0.33238
0.332379
0.332379
0.332378
0.332377
0.332375
0.332375
0.332374
0.332374
0.332373
0.332373
0.332371
0.332371
0.332371
0.33237
0.332369
0.332369
0.332368
0.332366
0.332366
0.332365
0.332364
0.332364
0.332363
0.332362
0.332362
0.332361
0.332361
0.332359
0.332359
0.332358
0.332356
0.332356
0.332356
0.332354
0.332354
0.332354
0.332353
0.332351
0.332351
0.33235
0.332349
0.332348
0.332348
0.332347
0.332346
0.332346
0.332345
0.332343
0.332343
0.332342
0.332342
0.332342
0.332341
0.33234
0.33234
0.332339
0.332338
0.332337
0.332336
0.332335
0.332335
0.332335
0.332334
0.332333
0.332333
0.332333
0.332332
0.332331
0.332331
0.33233
0.332329
0.332328
0.332328
0.332327
0.332326
0.332326
0.332325
0.332323
0.332323
0.332322
0.332322
0.332321
0.332321
0.33232
0.332317
0.332317
0.332316
0.332314
0.332313
0.332313
0.332311
0.332311
0.33231
0.33231
0.33231
0.332309
0.332308
0.332308
0.332308
0.332307
0.332305
0.332305
0.332304
0.332303
0.332303
0.332302
0.332301
0.332301
0.332301
0.3323
0.332298
0.332298
0.332297
0.332296
0.332296
0.332295
0.332294
0.332294
0.332293
0.332293
0.332291
0.332291
0.33229
0.332289
0.332288
0.332288
0.332287
0.332286
0.332286
0.332285
0.332283
0.332283
0.332283
0.332281
0.332278
0.332273
0.332273
0.332273
0.332272
0.332271
0.332271
0.332271
0.33227
0.332269
0.332268
0.332268
0.332267
0.332266
0.332266
0.332265
0.332263
0.332263
0.332262
0.332262
0.332262
0.332261
0.33226
0.33226
0.33226
0.332259
0.332257
0.332256
0.332256
0.332256
0.332255
0.332255
0.332254
0.332253
0.332253
0.332252
0.332252
0.332251
0.332251
0.332249
0.332246
0.332246
0.332244
0.332244
0.332244
0.332243
0.332242
0.332242
0.332242
0.33224
0.332239
0.332239
0.332238
0.332237
0.332237
0.332236
0.332236
0.332235
0.332234
0.332233
0.33223
0.332229
0.332229
0.332229
0.332228
0.332227
0.332227
0.332227
0.332226
0.332224
0.332224
0.332223
0.332222
0.332222
0.332221
0.33222
0.33222
0.33222
0.332219
0.332217
0.332217
0.332216
0.332215
0.332215
0.332214
0.332213
0.332213
0.332213
0.332212
0.33221
0.33221
0.332209
0.332209
0.332209
0.332208
0.332207
0.332207
0.332207
0.332206
0.332204
0.332204
0.332203
0.332203
0.332203
0.332202
0.332201
0.332201
0.3322
0.332199
0.332198
0.332197
0.332197
0.332197
0.332196
0.332196
0.332195
0.332194
0.332194
0.332193
0.332191
0.332191
0.33219
0.33219
0.33219
0.332189
0.332188
0.332188
0.332188
0.332187
0.332187
0.332186
0.332185
0.332184
0.332181
0.332181
0.332179
0.332179
0.332179
0.332178
0.332178
0.332177
0.332177
0.332175
0.332172
0.332172
0.33217
0.33217
0.33217
0.332169
0.332169
0.332169
0.332168
0.332168
0.332167
0.332167
0.332166
0.332165
0.332165
0.332164
0.332162
0.332162
0.332161
0.332161
0.33216
0.33216
0.332159
0.332158
0.332158
0.332157
0.332157
0.332156
0.332156
0.332154
0.332154
0.332153
0.332152
0.332152
0.332151
0.33215
0.33215
0.33215
0.332149
0.332147
0.332147
0.332146
0.332145
0.332145
0.332144
0.332143
0.332143
0.332142
0.332142
0.33214
0.33214
0.332139
0.332139
0.332139
0.332138
0.332138
0.332137
0.332137
0.332136
0.332134
0.332131
0.33213
0.33213
0.33213
0.33213
0.332128
0.332128
0.332128
0.332127
0.332127
0.332126
0.332126
0.332124
0.332124
0.332124
0.332123
0.332122
0.332122
0.332121
0.332119
0.332119
0.332118
0.332118
0.332118
0.332117
0.332116
0.332116
0.332116
0.332115
0.332115
0.332114
0.332113
0.332112
0.332109
0.332109
0.332108
0.332105
0.332105
0.332104
0.332102
0.332102
0.332101
0.3321
0.332099
0.332099
0.332099
0.332098
0.332098
0.332097
0.332097
0.332097
0.332096
0.332094
0.332094
0.332093
0.332092
0.332092
0.332092
0.332091
0.33209
0.33209
0.332089
0.332088
0.332088
0.332087
0.332086
0.332085
0.332085
0.332084
0.332084
0.332083
0.332083
0.332081
0.332081
0.33208
0.332079
0.332079
0.332078
0.332077
0.332077
0.332077
0.332076
0.332074
0.332074
0.332073
0.332073
0.332073
0.332072
0.332072
0.332071
0.332071
0.33207
0.332069
0.332068
0.332068
0.332067
0.332067
0.332067
0.332066
0.332065
0.332065
0.332064
0.332063
0.332062
0.332062
0.332062
0.332061
0.332061
0.33206
0.33206
0.332059
0.332058
0.332058
0.332058
0.332057
0.332056
0.332053
0.332053
0.332052
0.332051
0.332051
0.33205
0.33205
0.332049
0.332049
0.332047
0.332045
0.332044
0.332044
0.332044
0.332043
0.332042
0.332042
0.332042
0.332041
0.33204
0.332037
0.332037
0.332035
0.332035
0.332035
0.332034
0.332034
0.332033
0.332033
0.332032
0.332031
0.332031
0.33203
0.33203
0.332029
0.332028
0.332028
0.332028
0.332027
0.332025
0.332025
0.332025
0.332023
0.332023
0.332023
0.332022
0.332022
0.332021
0.33202
0.332019
0.332019
0.332018
0.332017
0.332017
0.332016
0.332015
0.332015
0.332015
0.332014
0.332012
0.332012
0.332012
0.332011
0.332011
0.332011
0.33201
0.33201
0.332009
0.332008
0.332007
0.332006
0.332006
0.332006
0.332006
0.332005
0.332004
0.332004
0.332003
0.332003
0.332003
0.332002
0.332002
0.332
0.332
0.332
0.331999
0.331998
0.331998
0.331997
0.331997
0.331997
0.331996
0.331995
0.331994
0.331994
0.331993
0.331993
0.331992
0.331992
0.331991
0.331991
0.33199
0.331989
0.331986
0.331986
0.331985
0.331985
0.331984
0.331983
0.331983
0.331983
0.331982
0.331981
0.331978
0.331978
0.331977
0.331976
0.331976
0.331975
0.331975
0.331975
0.331974
0.331973
0.331972
0.331972
0.331971
0.33197
0.33197
0.331969
0.331969
0.331969
0.331968
0.331968
0.331968
0.331967
0.331966
0.331966
0.331965
0.331964
0.331964
0.331964
0.331963
0.331962
0.331961
0.331961
0.33196
0.331959
0.331959
0.331958
0.331958
0.331957
0.331957
0.331955
0.331955
0.331954
0.331954
0.331954
0.331954
0.331953
0.331952
0.331952
0.331951
0.33195
0.33195
0.331949
0.331949
0.331949
0.331948
0.331947
0.331947
0.331947
0.331946
0.331944
0.331944
0.331943
0.331943
0.331943
0.331943
0.331942
0.331942
0.331941
0.33194
0.33194
0.33194
0.331939
0.331938
0.331938
0.331937
0.331936
0.331936
0.331936
0.331935
0.331935
0.331934
0.331934
0.331932
0.33193
0.331929
0.331928
0.331928
0.331928
0.331927
0.331927
0.331926
0.331926
0.331924
0.331922
0.331917
0.331917
0.331916
0.331916
0.331915
0.331915
0.331915
0.331914
0.331913
0.331912
0.331912
0.331911
0.331911
0.33191
0.331909
0.331909
0.331909
0.331908
0.331907
0.331907
0.331906
0.331905
0.331905
0.331904
0.331904
0.331903
0.331903
0.331902
0.331901
0.331901
0.3319
0.331899
0.331899
0.331898
0.331897
0.331897
0.331897
0.331896
0.331895
0.331895
0.331894
0.331893
0.331893
0.331892
0.331891
0.331891
0.331891
0.33189
0.331889
0.331888
0.331888
0.331888
0.331887
0.331887
0.331886
0.331886
0.331886
0.331885
0.331883
0.331883
0.331883
0.331882
0.331882
0.331882
0.331881
0.331881
0.33188
0.331879
0.331879
0.331879
0.331878
0.331877
0.331876
0.331875
0.331875
0.331875
0.331874
0.331874
0.331873
0.331873
0.331873
0.331871
0.331871
0.331871
0.33187
0.331869
0.331869
0.331868
0.331867
0.331866
0.331866
0.331866
0.331865
0.331865
0.331864
0.331864
0.331863
0.331863
0.331862
0.331862
0.331861
0.33186
0.331858
0.331857
0.331857
0.331857
0.331856
0.331856
0.331855
0.331855
0.331854
0.331853
0.331853
0.331852
0.331851
0.331851
0.331851
0.33185
0.33185
0.331849
0.331849
0.331847
0.331847
0.331847
0.331847
0.331846
0.331846
0.331845
0.331845
0.331845
0.331844
0.331842
0.331842
0.331842
0.331842
0.331841
0.331841
0.33184
0.33184
0.33184
0.331839
0.331837
0.331837
0.331837
0.331837
0.331836
0.331836
0.331835
0.331835
0.331834
0.331834
0.331832
0.331832
0.331832
0.331831
0.331831
0.331831
0.33183
0.33183
0.331829
0.331829
0.331827
0.331827
0.331826
0.331826
0.331826
0.331825
0.331825
0.331824
0.331824
0.331823
0.331823
0.331823
0.331822
0.331821
0.331821
0.33182
0.331819
0.331819
0.331819
0.331818
0.331818
0.331818
0.331817
0.331816
0.331813
0.331813
0.331812
0.331812
0.331811
0.33181
0.33181
0.33181
0.331809
0.331808
0.331806
0.331805
0.331805
0.331805
0.331805
0.331804
0.331804
0.331803
0.331803
0.331801
0.331801
0.331801
0.3318
0.331799
0.331799
0.331798
0.331798
0.331798
0.331797
0.331796
0.331796
0.331795
0.331794
0.331794
0.331793
0.331793
0.331792
0.331792
0.331791
0.331791
0.331791
0.33179
0.331789
0.331789
0.331789
0.331788
0.331788
0.331787
0.331787
0.331785
0.331785
0.331785
0.331785
0.331784
0.331784
0.331783
0.331783
0.331783
0.331782
0.331781
0.33178
0.33178
0.33178
0.331779
0.331779
0.331778
0.331778
0.331778
0.331777
0.331777
0.331776
0.331776
0.331775
0.331775
0.331774
0.331773
0.331773
0.331773
0.331772
0.331771
0.33177
0.33177
0.33177
0.331769
0.331769
0.331768
0.331768
0.331768
0.331767
0.331765
0.331765
0.331764
0.331763
0.331763
0.331763
0.331762
0.331762
0.331762
0.331761
0.331761
0.331761
0.33176
0.331759
0.331757
0.331756
0.331756
0.331756
0.331755
0.331755
0.331754
0.331754
0.331754
0.331752
0.331752
0.331752
0.331751
0.33175
0.33175
0.331749
0.331749
0.331749
0.331748
0.331747
0.331747
0.331746
0.331745
0.331745
0.331745
0.331744
0.331744
0.331743
0.331743
0.331742
0.331741
0.331741
0.33174
0.331739
0.331739
0.331738
0.331738
0.331738
0.331737
0.331736
0.331736
0.331735
0.331735
0.331735
0.331734
0.331734
0.331733
0.331733
0.331732
0.331731
0.331731
0.33173
0.33173
0.33173
0.33173
0.331729
0.331728
0.331728
0.331727
0.331726
0.331726
0.331725
0.331725
0.331725
0.331725
0.331724
0.331724
0.331723
0.331723
0.331722
0.331722
0.331722
0.33172
0.331718
0.331718
0.331717
0.331717
0.331716
0.331716
0.331715
0.331715
0.331715
0.331713
0.331711
0.331711
0.33171
0.33171
0.331709
0.331709
0.331708
0.331708
0.331708
0.331706
0.331704
0.331704
0.331703
0.331703
0.331702
0.331702
0.331701
0.331701
0.3317
0.331699
0.331699
0.331699
0.331698
0.331697
0.331697
0.331696
0.331696
0.331696
0.331695
0.331694
0.331694
0.331693
0.331692
0.331692
0.331692
0.331691
0.331691
0.331691
0.33169
0.331689
0.331689
0.331688
0.331687
0.331687
0.331687
0.331686
0.331686
0.331685
0.331685
0.331683
0.331683
0.331683
0.331682
0.33168
0.331679
0.331679
0.331677
0.331677
0.331676
0.331675
0.331674
0.331674
0.331673
0.331673
0.331672
0.331671
0.331671
0.331671
0.33167
0.33167
0.33167
0.331669
0.331668
0.331668
0.331668
0.331667
0.331667
0.331666
0.331666
0.331664
0.331664
0.331664
0.331664
0.331663
0.331663
0.331662
0.331662
0.331662
0.331661
0.331661
0.33166
0.33166
0.331659
0.331657
0.331656
0.331655
0.331655
0.331655
0.331654
0.331654
0.331654
0.331653
0.331652
0.331652
0.331651
0.331651
0.33165
0.33165
0.331649
0.331649
0.331649
0.331648
0.331647
0.331647
0.331646
0.331646
0.331645
0.331645
0.331644
0.331644
0.331644
0.331643
0.331642
0.331642
0.331641
0.331641
0.33164
0.33164
0.331639
0.331639
0.331639
0.331638
0.331637
0.331637
0.331636
0.331635
0.331635
0.331635
0.331634
0.331634
0.331634
0.331633
0.331632
0.331631
0.331631
0.331631
0.331631
0.33163
0.33163
0.331629
0.331629
0.331629
0.331627
0.331627
0.331626
0.331626
0.331626
0.331626
0.331625
0.331625
0.331624
0.331624
0.331624
0.331623
0.331623
0.331622
0.331622
0.331621
0.331621
0.33162
0.33162
0.331619
0.331618
0.331618
0.331617
0.331617
0.331617
0.331617
0.331616
0.331616
0.331615
0.331615
0.331615
0.331614
0.331614
0.331613
0.331611
0.33161
0.331609
0.331609
0.331609
0.331608
0.331608
0.331608
0.331607
0.331606
0.331604
0.331604
0.331603
0.331603
0.331602
0.331602
0.331602
0.331602
0.331601
0.3316
0.3316
0.331599
0.331598
0.331598
0.331598
0.331597
0.331597
0.331597
0.331596
0.331595
0.331595
0.331594
0.331593
0.331593
0.331593
0.331592
0.331592
0.331592
0.331591
0.33159
0.33159
0.331589
0.331588
0.331588
0.331588
0.331587
0.331587
0.331587
0.331586
0.331585
0.331585
0.331584
0.331584
0.331584
0.331584
0.331583
0.331583
0.331582
0.331582
0.331581
0.33158
0.33158
0.33158
0.33158
0.331579
0.331579
0.331579
0.331578
0.331578
0.331576
0.331576
0.331576
0.331575
0.331575
0.331574
0.331573
0.331573
0.331573
0.331572
0.331572
0.331572
0.331571
0.331571
0.33157
0.33157
0.331569
0.331569
0.331569
0.331568
0.331567
0.331566
0.331566
0.331566
0.331566
0.331565
0.331564
0.331564
0.331564
0.331563
0.331563
0.331563
0.331562
0.331561
0.331559
0.331559
0.331558
0.331558
0.331558
0.331557
0.331557
0.331557
0.331556
0.331555
0.331553
0.331552
0.331552
0.331552
0.331552
0.331551
0.331551
0.331551
0.33155
0.331549
0.331547
0.331547
0.331546
0.331546
0.331546
0.331545
0.331545
0.331545
0.331544
0.331543
0.331543
0.331543
0.331542
0.331541
0.331541
0.33154
0.33154
0.33154
0.331539
0.331538
0.331538
0.331538
0.331538
0.331537
0.331537
0.331536
0.331536
0.331536
0.331535
0.331534
0.331534
0.331533
0.331533
0.331533
0.331533
0.331532
0.331532
0.331532
0.331531
0.33153
0.33153
0.331529
0.331529
0.331529
0.331529
0.331528
0.331528
0.331527
0.331527
0.331526
0.331525
0.331525
0.331525
0.331525
0.331524
0.331523
0.331523
0.331523
0.331522
0.331522
0.331522
0.331521
0.331521
0.331519
0.331518
0.331517
0.331517
0.331517
0.331516
0.331516
0.331516
0.331515
0.331514
0.331512
0.331512
0.331511
0.331511
0.331511
0.33151
0.33151
0.33151
0.331509
0.331508
0.331506
0.331506
0.331506
0.331505
0.331505
0.331504
0.331504
0.331504
0.331504
0.331503
0.331503
0.331502
0.331501
0.331501
0.331501
0.3315
0.3315
0.3315
0.331499
0.331498
0.331498
0.331498
0.331497
0.331497
0.331496
0.331496
0.331495
0.331495
0.331495
0.331493
0.331493
0.331493
0.331493
0.331493
0.331492
0.331492
0.331491
0.331491
0.331491
0.331489
0.331489
0.331489
0.331489
0.331489
0.331488
0.331487
0.331487
0.331487
0.331486
0.331485
0.331485
0.331485
0.331485
0.331484
0.331484
0.331483
0.331483
0.331483
0.331482
0.331482
0.331482
0.331482
0.331481
0.33148
0.33148
0.331479
0.331479
0.331479
0.331478
0.331478
0.331478
0.331477
0.331476
0.331476
0.331476
0.331475
0.331475
0.331475
0.331474
0.331473
0.331473
0.331472
0.331472
0.331472
0.331471
0.331471
0.331471
0.33147
0.33147
0.331469
0.331469
0.331469
0.331468
0.331466
0.331465
0.331465
0.331465
0.331465
0.331464
0.331464
0.331464
0.331463
0.331462
0.331462
0.331462
0.331461
0.331461
0.33146
0.33146
0.33146
0.331459
0.331459
0.331459
0.331459
0.331458
0.331457
0.331457
0.331457
0.331456
0.331456
0.331456
0.331455
0.331454
0.331454
0.331454
0.331453
0.331453
0.331452
0.331452
0.331451
0.331451
0.331451
0.331449
0.331449
0.331449
0.331449
0.331449
0.331448
0.331448
0.331447
0.331447
0.331447
0.331446
0.331445
0.331445
0.331445
0.331445
0.331444
0.331444
0.331443
0.331443
0.331443
0.331441
0.331441
0.331441
0.331441
0.33144
0.33144
0.331439
0.331439
0.331439
0.331438
0.331438
0.331438
0.331438
0.331437
0.331437
0.331436
0.331435
0.331435
0.331435
0.331434
0.331434
0.331434
0.331434
0.331433
0.331431
0.33143
0.33143
0.331429
0.331429
0.331428
0.331428
0.331428
0.331428
0.331427
0.331425
0.331424
0.331424
0.331423
0.331423
0.331423
0.331422
0.331422
0.331422
0.331421
0.331421
0.33142
0.331419
0.331419
0.331419
0.331418
0.331418
0.331418
0.331417
0.331416
0.331416
0.331416
0.331415
0.331415
0.331415
0.331415
0.331414
0.331414
0.331414
0.331414
0.331413
0.331413
0.331412
0.331412
0.331412
0.331411
0.331411
0.331411
0.33141
0.331409
0.331409
0.331408
0.331408
0.331408
0.331408
0.331407
0.331407
0.331407
0.331406
0.331405
0.331405
0.331405
0.331404
0.331404
0.331404
0.331403
0.331403
0.331403
0.331402
0.331401
0.331401
0.331401
0.331401
0.3314
0.3314
0.331399
0.331399
0.331399
0.331398
0.331398
0.331398
0.331398
0.331397
0.331396
0.331395
0.331395
0.331395
0.331395
0.331394
0.331394
0.331394
0.331393
0.331392
0.331391
0.33139
0.331389
0.331389
0.331389
0.331388
0.331388
0.331388
0.331388
0.331387
0.331385
0.331384
0.331384
0.331384
0.331383
0.331383
0.331383
0.331382
0.331382
0.331381
0.331381
0.33138
0.33138
0.331379
0.331379
0.331379
0.331378
0.331378
0.331378
0.331377
0.331377
0.331376
0.331375
0.331375
0.331375
0.331374
0.331374
0.331374
0.331373
0.331372
0.331372
0.331372
0.331372
0.331372
0.331371
0.331371
0.331371
0.33137
0.33137
0.331369
0.331369
0.331368
0.331368
0.331368
0.331368
0.331367
0.331367
0.331367
0.331366
0.331365
0.331365
0.331364
0.331364
0.331364
0.331364
0.331363
0.331363
0.331363
0.331362
0.331361
0.331361
0.331361
0.331361
0.33136
0.33136
0.331359
0.331359
0.331359
0.331358
0.331358
0.331358
0.331358
0.331357
0.331355
0.331355
0.331354
0.331354
0.331354
0.331353
0.331353
0.331353
0.331352
0.331352
0.331352
0.331352
0.331351
0.331351
0.331351
0.33135
0.33135
0.33135
0.331349
0.331348
0.331347
0.331346
0.331345
0.331345
0.331345
0.331344
0.331344
0.331344
0.331344
0.331343
0.331341
0.331341
0.331341
0.33134
0.33134
0.331339
0.331339
0.331339
0.331339
0.331338
0.331338
0.331337
0.331336
0.331336
0.331336
0.331335
0.331335
0.331335
0.331335
0.331334
0.331333
0.331333
0.331332
0.331332
0.331332
0.331331
0.331331
0.331331
0.33133
0.33133
0.33133
0.33133
0.331329
0.331329
0.331328
0.331328
0.331328
0.331327
0.331327
0.331326
0.331326
0.331325
0.331325
0.331325
0.331325
0.331324
0.331324
0.331324
0.331323
0.331322
0.331322
0.331322
0.331322
0.331321
0.331321
0.33132
0.33132
0.33132
0.331319
0.331319
0.331319
0.331319
0.331318
0.331318
0.331317
0.331317
0.331317
0.331316
0.331316
0.331315
0.331315
0.331314
0.331314
0.331314
0.331314
0.331313
0.331313
0.331313
0.331312
0.331311
0.331311
0.33131
0.331309
0.331309
0.331309
0.331309
0.331309
0.331308
0.331308
0.331308
0.331308
0.331307
0.331306
0.331304
0.331304
0.331304
0.331304
0.331304
0.331303
0.331303
0.331303
0.331302
0.331301
0.331301
0.331301
0.3313
0.3313
0.3313
0.331299
0.331299
0.331299
0.331298
0.331297
0.331297
0.331297
0.331296
0.331296
0.331296
0.331295
0.331295
0.331295
0.331294
0.331293
0.331293
0.331293
0.331292
0.331292
0.331291
0.331291
0.331291
0.33129
0.33129
0.331289
0.331289
0.331288
0.331288
0.331288
0.331288
0.331287
0.331287
0.331287
0.331286
0.331285
0.331285
0.331285
0.331285
0.331285
0.331284
0.331284
0.331283
0.331283
0.331283
0.331283
0.331282
0.331282
0.331281
0.331281
0.331281
0.33128
0.33128
0.33128
0.331279
0.331278
0.331278
0.331278
0.331278
0.331277
0.331277
0.331276
0.331276
0.331276
0.331275
0.331275
0.331275
0.331275
0.331274
0.331272
0.331272
0.331271
0.33127
0.33127
0.331269
0.331268
0.331268
0.331267
0.331267
0.331266
0.331266
0.331265
0.331265
0.331265
0.331264
0.331264
0.331264
0.331264
0.331263
0.331263
0.331262
0.331262
0.331261
0.331261
0.331261
0.33126
0.33126
0.33126
0.331259
0.331259
0.331258
0.331258
0.331258
0.331257
0.331257
0.331257
0.331256
0.331256
0.331255
0.331255
0.331254
0.331254
0.331253
0.331253
0.331253
0.331252
0.331252
0.331252
0.331251
0.331251
0.33125
0.331249
0.331248
0.331248
0.331247
0.331247
0.331247
0.331246
0.331245
0.331245
0.331245
0.331244
0.331244
0.331244
0.331243
0.331243
0.331243
0.331242
0.331242
0.331242
0.331241
0.331241
0.331241
0.33124
0.33124
0.331239
0.331239
0.331239
0.331239
0.331238
0.331238
0.331237
0.331236
0.331235
0.331235
0.331235
0.331234
0.331234
0.331234
0.331233
0.331233
0.331232
0.331231
0.33123
0.33123
0.33123
0.331229
0.331229
0.331229
0.331228
0.331228
0.331227
0.331227
0.331227
0.331226
0.331226
0.331226
0.331225
0.331225
0.331225
0.331224
0.331223
0.331223
0.331223
0.331222
0.331222
0.331222
0.331221
0.331221
0.331221
0.331221
0.33122
0.33122
0.331219
0.331219
0.331218
0.331218
0.331218
0.331217
0.331217
0.331217
0.331216
0.331216
0.331215
0.331215
0.331215
0.331214
0.331214
0.331214
0.331213
0.331213
0.331212
0.331212
0.331211
0.331211
0.331211
0.331211
0.33121
0.33121
0.33121
0.33121
0.331209
0.331208
0.331208
0.331208
0.331208
0.331207
0.331207
0.331207
0.331207
0.331206
0.331206
0.331206
0.331205
0.331205
0.331205
0.331204
0.331204
0.331204
0.331203
0.331203
0.331202
0.331202
0.331201
0.331201
0.331201
0.331201
0.3312
0.3312
0.3312
0.331199
0.331199
0.331199
0.331199
0.331198
0.331196
0.331196
0.331195
0.331195
0.331195
0.331194
0.331194
0.331194
0.331194
0.331193
0.331191
0.331191
0.33119
0.33119
0.33119
0.33119
0.33119
0.331189
0.331189
0.331189
0.331189
0.331188
0.331188
0.331186
0.331186
0.331186
0.331186
0.331185
0.331185
0.331184
0.331184
0.331184
0.331183
0.331183
0.331183
0.331182
0.331182
0.331182
0.331181
0.33118
0.33118
0.33118
0.331179
0.331179
0.331179
0.331178
0.331178
0.331178
0.331177
0.331177
0.331176
0.331176
0.331176
0.331176
0.331176
0.331175
0.331175
0.331175
0.331174
0.331173
0.331173
0.331173
0.331173
0.331173
0.331172
0.331172
0.331172
0.331172
0.331171
0.33117
0.33117
0.33117
0.331169
0.331169
0.331169
0.331168
0.331168
0.331168
0.331167
0.331167
0.331167
0.331167
0.331166
0.331166
0.331165
0.331165
0.331165
0.331164
0.331164
0.331163
0.331163
0.331162
0.331162
0.331162
0.331162
0.331161
0.331161
0.331161
0.331161
0.33116
0.33116
0.33116
0.331159
0.331158
0.331157
0.331157
0.331156
0.331156
0.331156
0.331156
0.331155
0.331155
0.331154
0.331154
0.331154
0.331153
0.331153
0.331153
0.331152
0.331152
0.331151
0.331151
0.33115
0.33115
0.33115
0.33115
0.331149
0.331149
0.331149
0.331149
0.331148
0.331148
0.331147
0.331147
0.331147
0.331146
0.331146
0.331146
0.331145
0.331145
0.331145
0.331144
0.331143
0.331143
0.331143
0.331143
0.331143
0.331142
0.331142
0.331142
0.331142
0.331141
0.33114
0.33114
0.33114
0.33114
0.33114
0.331139
0.331139
0.331139
0.331138
0.331138
0.331137
0.331137
0.331137
0.331137
0.331136
0.331136
0.331136
0.331135
0.331135
0.331135
0.331134
0.331134
0.331133
0.331133
0.331132
0.331132
0.331132
0.331131
0.331131
0.331131
0.331131
0.33113
0.33113
0.331129
0.331129
0.331129
0.331128
0.331128
0.331128
0.331128
0.331127
0.331126
0.331126
0.331126
0.331126
0.331126
0.331125
0.331125
0.331125
0.331124
0.331124
0.331124
0.331123
0.331123
0.331121
0.331121
0.331121
0.331121
0.33112
0.33112
0.33112
0.33112
0.331119
