Options used:
   --mesh ../meshtestpertsq/perfsq.mesh
   --order 1
   --no-static-condensation
   --visualization
Number of finite element unknowns: 25921
Size of linear system: 25921
   Iteration :   0  (B r, r) = 0.000669808
   Iteration :   1  (B r, r) = 0.00424011
   Iteration :   2  (B r, r) = 0.00931271
   Iteration :   3  (B r, r) = 0.00999966
   Iteration :   4  (B r, r) = 0.00976604
   Iteration :   5  (B r, r) = 0.00889919
   Iteration :   6  (B r, r) = 0.00807335
   Iteration :   7  (B r, r) = 0.00756449
   Iteration :   8  (B r, r) = 0.00720553
   Iteration :   9  (B r, r) = 0.00665132
   Iteration :  10  (B r, r) = 0.005982
   Iteration :  11  (B r, r) = 0.00544007
   Iteration :  12  (B r, r) = 0.00498517
   Iteration :  13  (B r, r) = 0.00461177
   Iteration :  14  (B r, r) = 0.00423478
   Iteration :  15  (B r, r) = 0.00384979
   Iteration :  16  (B r, r) = 0.00349866
   Iteration :  17  (B r, r) = 0.00320529
   Iteration :  18  (B r, r) = 0.00290222
   Iteration :  19  (B r, r) = 0.00259514
   Iteration :  20  (B r, r) = 0.0022911
   Iteration :  21  (B r, r) = 0.00204067
   Iteration :  22  (B r, r) = 0.00181145
   Iteration :  23  (B r, r) = 0.00162163
   Iteration :  24  (B r, r) = 0.00142012
   Iteration :  25  (B r, r) = 0.00123097
   Iteration :  26  (B r, r) = 0.00105879
   Iteration :  27  (B r, r) = 0.000914105
   Iteration :  28  (B r, r) = 0.000783058
   Iteration :  29  (B r, r) = 0.000667091
   Iteration :  30  (B r, r) = 0.000553766
   Iteration :  31  (B r, r) = 0.000449212
   Iteration :  32  (B r, r) = 0.0003596
   Iteration :  33  (B r, r) = 0.00028324
   Iteration :  34  (B r, r) = 0.000217874
   Iteration :  35  (B r, r) = 0.000161604
   Iteration :  36  (B r, r) = 0.000114532
   Iteration :  37  (B r, r) = 7.50246e-05
   Iteration :  38  (B r, r) = 4.43945e-05
   Iteration :  39  (B r, r) = 2.20137e-05
   Iteration :  40  (B r, r) = 9.00365e-06
   Iteration :  41  (B r, r) = 4.1577e-06
   Iteration :  42  (B r, r) = 5.06964e-06
   Iteration :  43  (B r, r) = 1.12263e-05
   Iteration :  44  (B r, r) = 4.88085e-06
   Iteration :  45  (B r, r) = 2.76768e-06
   Iteration :  46  (B r, r) = 3.24438e-06
   Iteration :  47  (B r, r) = 1.61113e-06
   Iteration :  48  (B r, r) = 1.54958e-06
   Iteration :  49  (B r, r) = 9.69666e-07
   Iteration :  50  (B r, r) = 7.38464e-07
   Iteration :  51  (B r, r) = 5.60243e-07
   Iteration :  52  (B r, r) = 3.6486e-07
   Iteration :  53  (B r, r) = 3.1148e-07
   Iteration :  54  (B r, r) = 2.0654e-07
   Iteration :  55  (B r, r) = 1.69703e-07
   Iteration :  56  (B r, r) = 1.24241e-07
   Iteration :  57  (B r, r) = 9.49409e-08
   Iteration :  58  (B r, r) = 6.60477e-08
   Iteration :  59  (B r, r) = 4.69437e-08
   Iteration :  60  (B r, r) = 3.07574e-08
   Iteration :  61  (B r, r) = 2.1325e-08
   Iteration :  62  (B r, r) = 1.46627e-08
   Iteration :  63  (B r, r) = 9.46251e-09
   Iteration :  64  (B r, r) = 6.37707e-09
   Iteration :  65  (B r, r) = 4.04063e-09
   Iteration :  66  (B r, r) = 2.59938e-09
   Iteration :  67  (B r, r) = 1.53304e-09
   Iteration :  68  (B r, r) = 9.61211e-10
   Iteration :  69  (B r, r) = 5.41428e-10
   Iteration :  70  (B r, r) = 3.22064e-10
   Iteration :  71  (B r, r) = 1.71959e-10
   Iteration :  72  (B r, r) = 9.52362e-11
   Iteration :  73  (B r, r) = 4.78786e-11
   Iteration :  74  (B r, r) = 2.52273e-11
   Iteration :  75  (B r, r) = 1.30532e-11
   Iteration :  76  (B r, r) = 7.19489e-12
   Iteration :  77  (B r, r) = 4.13579e-12
   Iteration :  78  (B r, r) = 2.48825e-12
   Iteration :  79  (B r, r) = 1.50773e-12
   Iteration :  80  (B r, r) = 7.76763e-13
   Iteration :  81  (B r, r) = 3.44166e-13
   Iteration :  82  (B r, r) = 1.46453e-13
   Iteration :  83  (B r, r) = 8.8687e-14
   Iteration :  84  (B r, r) = 5.93088e-14
   Iteration :  85  (B r, r) = 3.30648e-14
   Iteration :  86  (B r, r) = 1.82971e-14
   Iteration :  87  (B r, r) = 1.3322e-14
   Iteration :  88  (B r, r) = 9.40115e-15
   Iteration :  89  (B r, r) = 7.45352e-15
   Iteration :  90  (B r, r) = 8.49209e-15
   Iteration :  91  (B r, r) = 9.72677e-15
   Iteration :  92  (B r, r) = 1.1422e-14
   Iteration :  93  (B r, r) = 1.22075e-14
   Iteration :  94  (B r, r) = 1.2144e-14
   Iteration :  95  (B r, r) = 1.12902e-14
   Iterat